[2.528s] Invoking command in '/home/mscrobotics2425laptop27/Documents/University/robotic_systems_design_project/RoboticDesign---Team-10/manipulator_work/manipulator_ros2_workspace/src/manipulator_package': PYTHONPATH=/home/mscrobotics2425laptop27/Documents/University/robotic_systems_design_project/RoboticDesign---Team-10/manipulator_work/manipulator_ros2_workspace/build/manipulator_package/prefix_override:/usr/lib/python3/dist-packages/colcon_core/task/python/colcon_distutils_commands:/home/mscrobotics2425laptop27/Documents/University/robotic_systems_design_project/RoboticDesign---Team-10/manipulator_work/manipulator_ros2_workspace/install/manipulator_package/lib/python3.10/site-packages:${PYTHONPATH} /usr/bin/python3 -W ignore:setup.py install is deprecated -W ignore:easy_install command is deprecated setup.py egg_info --egg-base ../../build/manipulator_package build --build-base /home/mscrobotics2425laptop27/Documents/University/robotic_systems_design_project/RoboticDesign---Team-10/manipulator_work/manipulator_ros2_workspace/build/manipulator_package/build install --record /home/mscrobotics2425laptop27/Documents/University/robotic_systems_design_project/RoboticDesign---Team-10/manipulator_work/manipulator_ros2_workspace/build/manipulator_package/install.log --single-version-externally-managed install_data
[3.586s] running egg_info
[3.588s] writing ../../build/manipulator_package/manipulator_package.egg-info/PKG-INFO
[3.590s] writing dependency_links to ../../build/manipulator_package/manipulator_package.egg-info/dependency_links.txt
[3.593s] writing entry points to ../../build/manipulator_package/manipulator_package.egg-info/entry_points.txt
[3.593s] writing requirements to ../../build/manipulator_package/manipulator_package.egg-info/requires.txt
[3.594s] writing top-level names to ../../build/manipulator_package/manipulator_package.egg-info/top_level.txt
[3.602s] reading manifest file '../../build/manipulator_package/manipulator_package.egg-info/SOURCES.txt'
[3.606s] writing manifest file '../../build/manipulator_package/manipulator_package.egg-info/SOURCES.txt'
[3.606s] running build
[3.607s] running build_py
[3.607s] running install
[3.608s] running install_lib
[3.613s] running install_data
[3.614s] running install_egg_info
[3.623s] removing '/home/mscrobotics2425laptop27/Documents/University/robotic_systems_design_project/RoboticDesign---Team-10/manipulator_work/manipulator_ros2_workspace/install/manipulator_package/lib/python3.10/site-packages/manipulator_package-0.0.0-py3.10.egg-info' (and everything under it)
[3.624s] Copying ../../build/manipulator_package/manipulator_package.egg-info to /home/mscrobotics2425laptop27/Documents/University/robotic_systems_design_project/RoboticDesign---Team-10/manipulator_work/manipulator_ros2_workspace/install/manipulator_package/lib/python3.10/site-packages/manipulator_package-0.0.0-py3.10.egg-info
[3.627s] running install_scripts
[3.721s] Installing moveit_control_node script to /home/mscrobotics2425laptop27/Documents/University/robotic_systems_design_project/RoboticDesign---Team-10/manipulator_work/manipulator_ros2_workspace/install/manipulator_package/lib/manipulator_package
[3.722s] writing list of installed files to '/home/mscrobotics2425laptop27/Documents/University/robotic_systems_design_project/RoboticDesign---Team-10/manipulator_work/manipulator_ros2_workspace/build/manipulator_package/install.log'
[3.875s] Invoked command in '/home/mscrobotics2425laptop27/Documents/University/robotic_systems_design_project/RoboticDesign---Team-10/manipulator_work/manipulator_ros2_workspace/src/manipulator_package' returned '0': PYTHONPATH=/home/mscrobotics2425laptop27/Documents/University/robotic_systems_design_project/RoboticDesign---Team-10/manipulator_work/manipulator_ros2_workspace/build/manipulator_package/prefix_override:/usr/lib/python3/dist-packages/colcon_core/task/python/colcon_distutils_commands:/home/mscrobotics2425laptop27/Documents/University/robotic_systems_design_project/RoboticDesign---Team-10/manipulator_work/manipulator_ros2_workspace/install/manipulator_package/lib/python3.10/site-packages:${PYTHONPATH} /usr/bin/python3 -W ignore:setup.py install is deprecated -W ignore:easy_install command is deprecated setup.py egg_info --egg-base ../../build/manipulator_package build --build-base /home/mscrobotics2425laptop27/Documents/University/robotic_systems_design_project/RoboticDesign---Team-10/manipulator_work/manipulator_ros2_workspace/build/manipulator_package/build install --record /home/mscrobotics2425laptop27/Documents/University/robotic_systems_design_project/RoboticDesign---Team-10/manipulator_work/manipulator_ros2_workspace/build/manipulator_package/install.log --single-version-externally-managed install_data
