[0.081s] Invoking command in '/home/mscrobotics2425laptop27/Documents/University/robotic_systems_design_project/RoboticDesign---Team-10/manipulator_work/manipulator_ros2_workspace/build/rviz_marker_tools': CMAKE_PREFIX_PATH=${CMAKE_PREFIX_PATH}:/home/mscrobotics2425laptop27/interbotix_ws/install/interbotix_xs_modules:/home/mscrobotics2425laptop27/interbotix_ws/install/interbotix_perception_modules:/home/mscrobotics2425laptop27/interbotix_ws/install/interbotix_common_modules:/opt/ros/humble /usr/bin/cmake --build /home/mscrobotics2425laptop27/Documents/University/robotic_systems_design_project/RoboticDesign---Team-10/manipulator_work/manipulator_ros2_workspace/build/rviz_marker_tools -- -j12 -l12
[0.196s] [100%] Built target rviz_marker_tools
[1.126s] Invoked command in '/home/mscrobotics2425laptop27/Documents/University/robotic_systems_design_project/RoboticDesign---Team-10/manipulator_work/manipulator_ros2_workspace/build/rviz_marker_tools' returned '0': CMAKE_PREFIX_PATH=${CMAKE_PREFIX_PATH}:/home/mscrobotics2425laptop27/interbotix_ws/install/interbotix_xs_modules:/home/mscrobotics2425laptop27/interbotix_ws/install/interbotix_perception_modules:/home/mscrobotics2425laptop27/interbotix_ws/install/interbotix_common_modules:/opt/ros/humble /usr/bin/cmake --build /home/mscrobotics2425laptop27/Documents/University/robotic_systems_design_project/RoboticDesign---Team-10/manipulator_work/manipulator_ros2_workspace/build/rviz_marker_tools -- -j12 -l12
[1.143s] Invoking command in '/home/mscrobotics2425laptop27/Documents/University/robotic_systems_design_project/RoboticDesign---Team-10/manipulator_work/manipulator_ros2_workspace/build/rviz_marker_tools': CMAKE_PREFIX_PATH=${CMAKE_PREFIX_PATH}:/home/mscrobotics2425laptop27/interbotix_ws/install/interbotix_xs_modules:/home/mscrobotics2425laptop27/interbotix_ws/install/interbotix_perception_modules:/home/mscrobotics2425laptop27/interbotix_ws/install/interbotix_common_modules:/opt/ros/humble /usr/bin/cmake --install /home/mscrobotics2425laptop27/Documents/University/robotic_systems_design_project/RoboticDesign---Team-10/manipulator_work/manipulator_ros2_workspace/build/rviz_marker_tools
[1.157s] -- Install configuration: "Release"
[1.158s] -- Up-to-date: /home/mscrobotics2425laptop27/Documents/University/robotic_systems_design_project/RoboticDesign---Team-10/manipulator_work/manipulator_ros2_workspace/install/rviz_marker_tools/include
[1.159s] -- Up-to-date: /home/mscrobotics2425laptop27/Documents/University/robotic_systems_design_project/RoboticDesign---Team-10/manipulator_work/manipulator_ros2_workspace/install/rviz_marker_tools/include/rviz_marker_tools
[1.160s] -- Up-to-date: /home/mscrobotics2425laptop27/Documents/University/robotic_systems_design_project/RoboticDesign---Team-10/manipulator_work/manipulator_ros2_workspace/install/rviz_marker_tools/include/rviz_marker_tools/marker_creation.h
[1.160s] -- Up-to-date: /home/mscrobotics2425laptop27/Documents/University/robotic_systems_design_project/RoboticDesign---Team-10/manipulator_work/manipulator_ros2_workspace/install/rviz_marker_tools/lib/librviz_marker_tools.so
[1.160s] -- Up-to-date: /home/mscrobotics2425laptop27/Documents/University/robotic_systems_design_project/RoboticDesign---Team-10/manipulator_work/manipulator_ros2_workspace/install/rviz_marker_tools/share/rviz_marker_tools/environment/library_path.sh
[1.161s] -- Up-to-date: /home/mscrobotics2425laptop27/Documents/University/robotic_systems_design_project/RoboticDesign---Team-10/manipulator_work/manipulator_ros2_workspace/install/rviz_marker_tools/share/rviz_marker_tools/environment/library_path.dsv
[1.162s] -- Up-to-date: /home/mscrobotics2425laptop27/Documents/University/robotic_systems_design_project/RoboticDesign---Team-10/manipulator_work/manipulator_ros2_workspace/install/rviz_marker_tools/share/ament_index/resource_index/package_run_dependencies/rviz_marker_tools
[1.162s] -- Up-to-date: /home/mscrobotics2425laptop27/Documents/University/robotic_systems_design_project/RoboticDesign---Team-10/manipulator_work/manipulator_ros2_workspace/install/rviz_marker_tools/share/ament_index/resource_index/parent_prefix_path/rviz_marker_tools
[1.165s] -- Up-to-date: /home/mscrobotics2425laptop27/Documents/University/robotic_systems_design_project/RoboticDesign---Team-10/manipulator_work/manipulator_ros2_workspace/install/rviz_marker_tools/share/rviz_marker_tools/environment/ament_prefix_path.sh
[1.166s] -- Up-to-date: /home/mscrobotics2425laptop27/Documents/University/robotic_systems_design_project/RoboticDesign---Team-10/manipulator_work/manipulator_ros2_workspace/install/rviz_marker_tools/share/rviz_marker_tools/environment/ament_prefix_path.dsv
[1.168s] -- Up-to-date: /home/mscrobotics2425laptop27/Documents/University/robotic_systems_design_project/RoboticDesign---Team-10/manipulator_work/manipulator_ros2_workspace/install/rviz_marker_tools/share/rviz_marker_tools/environment/path.sh
[1.170s] -- Up-to-date: /home/mscrobotics2425laptop27/Documents/University/robotic_systems_design_project/RoboticDesign---Team-10/manipulator_work/manipulator_ros2_workspace/install/rviz_marker_tools/share/rviz_marker_tools/environment/path.dsv
[1.170s] -- Up-to-date: /home/mscrobotics2425laptop27/Documents/University/robotic_systems_design_project/RoboticDesign---Team-10/manipulator_work/manipulator_ros2_workspace/install/rviz_marker_tools/share/rviz_marker_tools/local_setup.bash
[1.171s] -- Up-to-date: /home/mscrobotics2425laptop27/Documents/University/robotic_systems_design_project/RoboticDesign---Team-10/manipulator_work/manipulator_ros2_workspace/install/rviz_marker_tools/share/rviz_marker_tools/local_setup.sh
[1.171s] -- Up-to-date: /home/mscrobotics2425laptop27/Documents/University/robotic_systems_design_project/RoboticDesign---Team-10/manipulator_work/manipulator_ros2_workspace/install/rviz_marker_tools/share/rviz_marker_tools/local_setup.zsh
[1.173s] -- Up-to-date: /home/mscrobotics2425laptop27/Documents/University/robotic_systems_design_project/RoboticDesign---Team-10/manipulator_work/manipulator_ros2_workspace/install/rviz_marker_tools/share/rviz_marker_tools/local_setup.dsv
[1.174s] -- Installing: /home/mscrobotics2425laptop27/Documents/University/robotic_systems_design_project/RoboticDesign---Team-10/manipulator_work/manipulator_ros2_workspace/install/rviz_marker_tools/share/rviz_marker_tools/package.dsv
[1.175s] -- Up-to-date: /home/mscrobotics2425laptop27/Documents/University/robotic_systems_design_project/RoboticDesign---Team-10/manipulator_work/manipulator_ros2_workspace/install/rviz_marker_tools/share/ament_index/resource_index/packages/rviz_marker_tools
[1.177s] -- Up-to-date: /home/mscrobotics2425laptop27/Documents/University/robotic_systems_design_project/RoboticDesign---Team-10/manipulator_work/manipulator_ros2_workspace/install/rviz_marker_tools/share/rviz_marker_tools/cmake/rviz_marker_toolsTargetsExport.cmake
[1.177s] -- Up-to-date: /home/mscrobotics2425laptop27/Documents/University/robotic_systems_design_project/RoboticDesign---Team-10/manipulator_work/manipulator_ros2_workspace/install/rviz_marker_tools/share/rviz_marker_tools/cmake/rviz_marker_toolsTargetsExport-release.cmake
[1.178s] -- Up-to-date: /home/mscrobotics2425laptop27/Documents/University/robotic_systems_design_project/RoboticDesign---Team-10/manipulator_work/manipulator_ros2_workspace/install/rviz_marker_tools/share/rviz_marker_tools/cmake/ament_cmake_export_targets-extras.cmake
[1.184s] -- Up-to-date: /home/mscrobotics2425laptop27/Documents/University/robotic_systems_design_project/RoboticDesign---Team-10/manipulator_work/manipulator_ros2_workspace/install/rviz_marker_tools/share/rviz_marker_tools/cmake/ament_cmake_export_dependencies-extras.cmake
[1.186s] -- Up-to-date: /home/mscrobotics2425laptop27/Documents/University/robotic_systems_design_project/RoboticDesign---Team-10/manipulator_work/manipulator_ros2_workspace/install/rviz_marker_tools/share/rviz_marker_tools/cmake/rviz_marker_toolsConfig.cmake
[1.186s] -- Up-to-date: /home/mscrobotics2425laptop27/Documents/University/robotic_systems_design_project/RoboticDesign---Team-10/manipulator_work/manipulator_ros2_workspace/install/rviz_marker_tools/share/rviz_marker_tools/cmake/rviz_marker_toolsConfig-version.cmake
[1.187s] -- Up-to-date: /home/mscrobotics2425laptop27/Documents/University/robotic_systems_design_project/RoboticDesign---Team-10/manipulator_work/manipulator_ros2_workspace/install/rviz_marker_tools/share/rviz_marker_tools/package.xml
[1.227s] Invoked command in '/home/mscrobotics2425laptop27/Documents/University/robotic_systems_design_project/RoboticDesign---Team-10/manipulator_work/manipulator_ros2_workspace/build/rviz_marker_tools' returned '0': CMAKE_PREFIX_PATH=${CMAKE_PREFIX_PATH}:/home/mscrobotics2425laptop27/interbotix_ws/install/interbotix_xs_modules:/home/mscrobotics2425laptop27/interbotix_ws/install/interbotix_perception_modules:/home/mscrobotics2425laptop27/interbotix_ws/install/interbotix_common_modules:/opt/ros/humble /usr/bin/cmake --install /home/mscrobotics2425laptop27/Documents/University/robotic_systems_design_project/RoboticDesign---Team-10/manipulator_work/manipulator_ros2_workspace/build/rviz_marker_tools
