running egg_info
writing ../../build/manipulator_package/manipulator_package.egg-info/PKG-INFO
writing dependency_links to ../../build/manipulator_package/manipulator_package.egg-info/dependency_links.txt
writing entry points to ../../build/manipulator_package/manipulator_package.egg-info/entry_points.txt
writing requirements to ../../build/manipulator_package/manipulator_package.egg-info/requires.txt
writing top-level names to ../../build/manipulator_package/manipulator_package.egg-info/top_level.txt
reading manifest file '../../build/manipulator_package/manipulator_package.egg-info/SOURCES.txt'
writing manifest file '../../build/manipulator_package/manipulator_package.egg-info/SOURCES.txt'
running build
running build_py
copying manipulator_package/moveit_control_node.py -> /home/mscrobotics2425laptop27/Documents/University/robotic_systems_design_project/manipulator_work/manipulator_ros2_workspace/build/manipulator_package/build/lib/manipulator_package
running install
running install_lib
copying /home/mscrobotics2425laptop27/Documents/University/robotic_systems_design_project/manipulator_work/manipulator_ros2_workspace/build/manipulator_package/build/lib/manipulator_package/moveit_control_node.py -> /home/mscrobotics2425laptop27/Documents/University/robotic_systems_design_project/manipulator_work/manipulator_ros2_workspace/install/manipulator_package/lib/python3.10/site-packages/manipulator_package
byte-compiling /home/mscrobotics2425laptop27/Documents/University/robotic_systems_design_project/manipulator_work/manipulator_ros2_workspace/install/manipulator_package/lib/python3.10/site-packages/manipulator_package/moveit_control_node.py to moveit_control_node.cpython-310.pyc
running install_data
running install_egg_info
removing '/home/mscrobotics2425laptop27/Documents/University/robotic_systems_design_project/manipulator_work/manipulator_ros2_workspace/install/manipulator_package/lib/python3.10/site-packages/manipulator_package-0.0.0-py3.10.egg-info' (and everything under it)
Copying ../../build/manipulator_package/manipulator_package.egg-info to /home/mscrobotics2425laptop27/Documents/University/robotic_systems_design_project/manipulator_work/manipulator_ros2_workspace/install/manipulator_package/lib/python3.10/site-packages/manipulator_package-0.0.0-py3.10.egg-info
running install_scripts
Installing moveit_control_node script to /home/mscrobotics2425laptop27/Documents/University/robotic_systems_design_project/manipulator_work/manipulator_ros2_workspace/install/manipulator_package/lib/manipulator_package
writing list of installed files to '/home/mscrobotics2425laptop27/Documents/University/robotic_systems_design_project/manipulator_work/manipulator_ros2_workspace/build/manipulator_package/install.log'
