[0.849s] Invoking command in '/home/mscrobotics2425laptop27/Documents/University/robotic_systems_design_project/manipulator_work/manipulator_ros2_workspace/src/manipulator_package': PYTHONPATH=/home/mscrobotics2425laptop27/Documents/University/robotic_systems_design_project/manipulator_work/manipulator_ros2_workspace/build/manipulator_package/prefix_override:/usr/lib/python3/dist-packages/colcon_core/task/python/colcon_distutils_commands:/home/mscrobotics2425laptop27/Documents/University/robotic_systems_design_project/manipulator_work/manipulator_ros2_workspace/install/manipulator_package/lib/python3.10/site-packages:${PYTHONPATH} /usr/bin/python3 -W ignore:setup.py install is deprecated -W ignore:easy_install command is deprecated setup.py egg_info --egg-base ../../build/manipulator_package build --build-base /home/mscrobotics2425laptop27/Documents/University/robotic_systems_design_project/manipulator_work/manipulator_ros2_workspace/build/manipulator_package/build install --record /home/mscrobotics2425laptop27/Documents/University/robotic_systems_design_project/manipulator_work/manipulator_ros2_workspace/build/manipulator_package/install.log --single-version-externally-managed install_data
[1.131s] running egg_info
[1.133s] writing ../../build/manipulator_package/manipulator_package.egg-info/PKG-INFO
[1.133s] writing dependency_links to ../../build/manipulator_package/manipulator_package.egg-info/dependency_links.txt
[1.133s] writing entry points to ../../build/manipulator_package/manipulator_package.egg-info/entry_points.txt
[1.134s] writing requirements to ../../build/manipulator_package/manipulator_package.egg-info/requires.txt
[1.134s] writing top-level names to ../../build/manipulator_package/manipulator_package.egg-info/top_level.txt
[1.138s] reading manifest file '../../build/manipulator_package/manipulator_package.egg-info/SOURCES.txt'
[1.142s] writing manifest file '../../build/manipulator_package/manipulator_package.egg-info/SOURCES.txt'
[1.142s] running build
[1.142s] running build_py
[1.143s] running install
[1.143s] running install_lib
[1.146s] running install_data
[1.146s] copying launch/manipulator_launch.py -> /home/mscrobotics2425laptop27/Documents/University/robotic_systems_design_project/manipulator_work/manipulator_ros2_workspace/install/manipulator_package/share/manipulator_package/launch
[1.147s] running install_egg_info
[1.150s] removing '/home/mscrobotics2425laptop27/Documents/University/robotic_systems_design_project/manipulator_work/manipulator_ros2_workspace/install/manipulator_package/lib/python3.10/site-packages/manipulator_package-0.0.0-py3.10.egg-info' (and everything under it)
[1.152s] Copying ../../build/manipulator_package/manipulator_package.egg-info to /home/mscrobotics2425laptop27/Documents/University/robotic_systems_design_project/manipulator_work/manipulator_ros2_workspace/install/manipulator_package/lib/python3.10/site-packages/manipulator_package-0.0.0-py3.10.egg-info
[1.153s] running install_scripts
[1.173s] Installing moveit_control_node script to /home/mscrobotics2425laptop27/Documents/University/robotic_systems_design_project/manipulator_work/manipulator_ros2_workspace/install/manipulator_package/lib/manipulator_package
[1.174s] writing list of installed files to '/home/mscrobotics2425laptop27/Documents/University/robotic_systems_design_project/manipulator_work/manipulator_ros2_workspace/build/manipulator_package/install.log'
[1.200s] Invoked command in '/home/mscrobotics2425laptop27/Documents/University/robotic_systems_design_project/manipulator_work/manipulator_ros2_workspace/src/manipulator_package' returned '0': PYTHONPATH=/home/mscrobotics2425laptop27/Documents/University/robotic_systems_design_project/manipulator_work/manipulator_ros2_workspace/build/manipulator_package/prefix_override:/usr/lib/python3/dist-packages/colcon_core/task/python/colcon_distutils_commands:/home/mscrobotics2425laptop27/Documents/University/robotic_systems_design_project/manipulator_work/manipulator_ros2_workspace/install/manipulator_package/lib/python3.10/site-packages:${PYTHONPATH} /usr/bin/python3 -W ignore:setup.py install is deprecated -W ignore:easy_install command is deprecated setup.py egg_info --egg-base ../../build/manipulator_package build --build-base /home/mscrobotics2425laptop27/Documents/University/robotic_systems_design_project/manipulator_work/manipulator_ros2_workspace/build/manipulator_package/build install --record /home/mscrobotics2425laptop27/Documents/University/robotic_systems_design_project/manipulator_work/manipulator_ros2_workspace/build/manipulator_package/install.log --single-version-externally-managed install_data
