[  5%] [32mBuilding CXX object CMakeFiles/moveit_task_constructor_demo_modular.dir/src/modular.cpp.o[0m
[ 11%] [32mBuilding CXX object CMakeFiles/moveit_task_constructor_demo_alternative_path_costs.dir/src/alternative_path_costs.cpp.o[0m
[ 16%] [34m[1mRunning `/opt/ros/humble/bin/generate_parameter_library_cpp /home/mscrobotics2425laptop27/Documents/University/robotic_systems_design_project/RoboticDesign---Team-10/manipulator_work/manipulator_ros2_workspace/build/moveit_task_constructor_demo/include/moveit_task_constructor_demo/pick_place_demo_parameters.hpp /home/mscrobotics2425laptop27/Documents/University/robotic_systems_design_project/RoboticDesign---Team-10/manipulator_work/manipulator_ros2_workspace/src/moveit_task_constructor/demo/src/pick_place_demo_parameters.yaml `[0m
[ 22%] [34m[1mRunning `/opt/ros/humble/bin/generate_parameter_library_cpp /home/mscrobotics2425laptop27/Documents/University/robotic_systems_design_project/RoboticDesign---Team-10/manipulator_work/manipulator_ros2_workspace/build/moveit_task_constructor_demo/include/moveit_task_constructor_demo/ik_clearance_cost_parameters.hpp /home/mscrobotics2425laptop27/Documents/University/robotic_systems_design_project/RoboticDesign---Team-10/manipulator_work/manipulator_ros2_workspace/src/moveit_task_constructor/demo/src/ik_clearance_cost_parameters.yaml `[0m
[ 27%] [32mBuilding CXX object CMakeFiles/moveit_task_constructor_demo_fallbacks_move_to.dir/src/fallbacks_move_to.cpp.o[0m
[ 33%] [32mBuilding CXX object CMakeFiles/moveit_task_constructor_demo_cartesian.dir/src/cartesian.cpp.o[0m
[ 38%] [34m[1mCreating deprecated header file /home/mscrobotics2425laptop27/Documents/University/robotic_systems_design_project/RoboticDesign---Team-10/manipulator_work/manipulator_ros2_workspace/build/moveit_task_constructor_demo/include/ik_clearance_cost_parameters.hpp[0m
[ 38%] Built target ik_clearance_cost_parameters
[ 44%] [32mBuilding CXX object CMakeFiles/moveit_task_constructor_demo_ik_clearance_cost.dir/src/ik_clearance_cost.cpp.o[0m
[ 50%] [34m[1mCreating deprecated header file /home/mscrobotics2425laptop27/Documents/University/robotic_systems_design_project/RoboticDesign---Team-10/manipulator_work/manipulator_ros2_workspace/build/moveit_task_constructor_demo/include/pick_place_demo_parameters.hpp[0m
[ 50%] Built target pick_place_demo_parameters
[ 55%] [32mBuilding CXX object CMakeFiles/moveit_task_constructor_demo_pick_place_task.dir/src/pick_place_task.cpp.o[0m
[ 61%] [32m[1mLinking CXX executable cartesian[0m
[ 61%] Built target moveit_task_constructor_demo_cartesian
[ 66%] [32m[1mLinking CXX executable modular[0m
[ 72%] [32m[1mLinking CXX executable fallbacks_move_to[0m
[ 72%] Built target moveit_task_constructor_demo_modular
[ 72%] Built target moveit_task_constructor_demo_fallbacks_move_to
[ 77%] [32m[1mLinking CXX shared library libmoveit_task_constructor_demo_pick_place_task.so[0m
[ 83%] [32m[1mLinking CXX executable alternative_path_costs[0m
[ 83%] Built target moveit_task_constructor_demo_pick_place_task
[ 88%] [32mBuilding CXX object CMakeFiles/moveit_task_constructor_demo_pick_place_demo.dir/src/pick_place_demo.cpp.o[0m
[ 88%] Built target moveit_task_constructor_demo_alternative_path_costs
[ 94%] [32m[1mLinking CXX executable ik_clearance_cost[0m
[ 94%] Built target moveit_task_constructor_demo_ik_clearance_cost
gmake[2]: *** [CMakeFiles/moveit_task_constructor_demo_pick_place_demo.dir/build.make:76: CMakeFiles/moveit_task_constructor_demo_pick_place_demo.dir/src/pick_place_demo.cpp.o] Interrupt
gmake[1]: *** [CMakeFiles/Makefile2:336: CMakeFiles/moveit_task_constructor_demo_pick_place_demo.dir/all] Interrupt
gmake: *** [Makefile:146: all] Interrupt
