[0.037s] Invoking command in '/home/mscrobotics2425laptop27/Documents/University/robotic_systems_design_project/RoboticDesign---Team-10/manipulator_work/manipulator_ros2_workspace/build/moveit_task_constructor_visualization': AMENT_PREFIX_PATH=/home/mscrobotics2425laptop27/Documents/University/robotic_systems_design_project/RoboticDesign---Team-10/manipulator_work/manipulator_ros2_workspace/install/moveit_task_constructor_core:/home/mscrobotics2425laptop27/Documents/University/robotic_systems_design_project/RoboticDesign---Team-10/manipulator_work/manipulator_ros2_workspace/install/rviz_marker_tools:/home/mscrobotics2425laptop27/Documents/University/robotic_systems_design_project/RoboticDesign---Team-10/manipulator_work/manipulator_ros2_workspace/install/moveit_task_constructor_msgs:${AMENT_PREFIX_PATH} CMAKE_MODULE_PATH=/home/mscrobotics2425laptop27/Documents/University/robotic_systems_design_project/RoboticDesign---Team-10/manipulator_work/manipulator_ros2_workspace/install/moveit_task_constructor_core/share/moveit_task_constructor_core/cmake CMAKE_PREFIX_PATH=/home/mscrobotics2425laptop27/Documents/University/robotic_systems_design_project/RoboticDesign---Team-10/manipulator_work/manipulator_ros2_workspace/install/moveit_task_constructor_core:/home/mscrobotics2425laptop27/Documents/University/robotic_systems_design_project/RoboticDesign---Team-10/manipulator_work/manipulator_ros2_workspace/install/rviz_marker_tools:/home/mscrobotics2425laptop27/Documents/University/robotic_systems_design_project/RoboticDesign---Team-10/manipulator_work/manipulator_ros2_workspace/install/moveit_task_constructor_msgs:/home/mscrobotics2425laptop27/interbotix_ws/install/interbotix_ros_xsarms_examples:/home/mscrobotics2425laptop27/interbotix_ws/install/interbotix_xsarm_moveit_interface:/home/mscrobotics2425laptop27/interbotix_ws/install/interbotix_moveit_interface:/home/mscrobotics2425laptop27/interbotix_ws/install/moveit_visual_tools:/home/mscrobotics2425laptop27/interbotix_ws/install/interbotix_ros_xsarms:/home/mscrobotics2425laptop27/interbotix_ws/install/interbotix_xsarm_moveit:/home/mscrobotics2425laptop27/interbotix_ws/install/interbotix_xsarm_sim:/home/mscrobotics2425laptop27/interbotix_ws/install/interbotix_xsarm_ros_control:/home/mscrobotics2425laptop27/interbotix_ws/install/interbotix_xsarm_puppet:/home/mscrobotics2425laptop27/interbotix_ws/install/interbotix_xsarm_perception:/home/mscrobotics2425laptop27/interbotix_ws/install/interbotix_xsarm_joy:/home/mscrobotics2425laptop27/interbotix_ws/install/interbotix_xsarm_gravity_compensation:/home/mscrobotics2425laptop27/interbotix_ws/install/interbotix_xsarm_dual:/home/mscrobotics2425laptop27/interbotix_ws/install/interbotix_xsarm_control:/home/mscrobotics2425laptop27/interbotix_ws/install/interbotix_xsarm_descriptions:/home/mscrobotics2425laptop27/interbotix_ws/install/interbotix_xs_toolbox:/home/mscrobotics2425laptop27/interbotix_ws/install/interbotix_xs_rviz:/home/mscrobotics2425laptop27/interbotix_ws/install/interbotix_ros_xseries:/home/mscrobotics2425laptop27/interbotix_ws/install/interbotix_xs_sdk:/home/mscrobotics2425laptop27/interbotix_ws/install/interbotix_xs_ros_control:/home/mscrobotics2425laptop27/interbotix_ws/install/interbotix_perception_toolbox:/home/mscrobotics2425laptop27/interbotix_ws/install/interbotix_common_toolbox:/home/mscrobotics2425laptop27/interbotix_ws/install/interbotix_gravity_compensation:/home/mscrobotics2425laptop27/interbotix_ws/install/interbotix_xs_msgs:/home/mscrobotics2425laptop27/interbotix_ws/install/interbotix_xs_driver:/home/mscrobotics2425laptop27/interbotix_ws/install/interbotix_tf_tools:/home/mscrobotics2425laptop27/interbotix_ws/install/interbotix_perception_pipelines:/home/mscrobotics2425laptop27/interbotix_ws/install/interbotix_perception_msgs:/home/mscrobotics2425laptop27/interbotix_ws/install/interbotix_moveit_interface_msgs:/home/mscrobotics2425laptop27/interbotix_ws/install/interbotix_common_sim:/home/mscrobotics2425laptop27/interbotix_ws/install/dynamixel_workbench_toolbox:/home/mscrobotics2425laptop27/apriltag_ws/install/apriltag_ros:/home/mscrobotics2425laptop27/interbotix_ws/install/interbotix_xs_modules:/home/mscrobotics2425laptop27/interbotix_ws/install/interbotix_perception_modules:/home/mscrobotics2425laptop27/interbotix_ws/install/interbotix_common_modules:/opt/ros/humble LD_LIBRARY_PATH=/home/mscrobotics2425laptop27/Documents/University/robotic_systems_design_project/RoboticDesign---Team-10/manipulator_work/manipulator_ros2_workspace/install/moveit_task_constructor_core/lib:/home/mscrobotics2425laptop27/Documents/University/robotic_systems_design_project/RoboticDesign---Team-10/manipulator_work/manipulator_ros2_workspace/install/rviz_marker_tools/lib:/home/mscrobotics2425laptop27/Documents/University/robotic_systems_design_project/RoboticDesign---Team-10/manipulator_work/manipulator_ros2_workspace/install/moveit_task_constructor_msgs/lib:${LD_LIBRARY_PATH} PYTHONPATH=/home/mscrobotics2425laptop27/Documents/University/robotic_systems_design_project/RoboticDesign---Team-10/manipulator_work/manipulator_ros2_workspace/install/moveit_task_constructor_core/local/lib/python3.10/dist-packages:/home/mscrobotics2425laptop27/Documents/University/robotic_systems_design_project/RoboticDesign---Team-10/manipulator_work/manipulator_ros2_workspace/install/moveit_task_constructor_msgs/local/lib/python3.10/dist-packages:${PYTHONPATH} /usr/bin/cmake /home/mscrobotics2425laptop27/Documents/University/robotic_systems_design_project/RoboticDesign---Team-10/manipulator_work/manipulator_ros2_workspace/src/moveit_task_constructor/visualization -DCMAKE_INSTALL_PREFIX=/home/mscrobotics2425laptop27/Documents/University/robotic_systems_design_project/RoboticDesign---Team-10/manipulator_work/manipulator_ros2_workspace/install/moveit_task_constructor_visualization
[0.141s] -- The C compiler identification is GNU 11.4.0
[0.237s] -- The CXX compiler identification is GNU 11.4.0
[0.252s] -- Detecting C compiler ABI info
[0.351s] -- Detecting C compiler ABI info - done
[0.371s] -- Check for working C compiler: /usr/bin/cc - skipped
[0.374s] -- Detecting C compile features
[0.381s] -- Detecting C compile features - done
[0.393s] -- Detecting CXX compiler ABI info
[0.513s] -- Detecting CXX compiler ABI info - done
[0.524s] -- Check for working CXX compiler: /usr/bin/c++ - skipped
[0.524s] -- Detecting CXX compile features
[0.525s] -- Detecting CXX compile features - done
[0.529s] -- Found ament_cmake: 1.3.11 (/opt/ros/humble/share/ament_cmake/cmake)
[0.747s] -- Found Python3: /usr/bin/python3 (found version "3.10.12") found components: Interpreter 
[1.020s] -- Found Boost: /usr/lib/x86_64-linux-gnu/cmake/Boost-1.74.0/BoostConfig.cmake (found version "1.74.0")  
[1.029s] -- Found moveit_common: 2.5.8 (/opt/ros/humble/share/moveit_common/cmake)
[1.148s] [0mmoveit_task_constructor_visualization: You did not request a specific build type: Choosing 'Release' for maximum performance[0m
[1.152s] -- Found moveit_core: 2.5.8 (/opt/ros/humble/share/moveit_core/cmake)
[1.390s] -- Found Boost: /usr/lib/x86_64-linux-gnu/cmake/Boost-1.74.0/BoostConfig.cmake (found version "1.74.0") found components: chrono date_time filesystem iostreams program_options regex serialization system thread 
[1.495s] -- Found parameter_traits: 0.4.0 (/opt/ros/humble/share/parameter_traits/cmake)
[1.624s] -- Found rosidl_generator_c: 3.1.6 (/opt/ros/humble/share/rosidl_generator_c/cmake)
[1.642s] -- Found rosidl_adapter: 3.1.6 (/opt/ros/humble/share/rosidl_adapter/cmake)
[1.675s] -- Found rosidl_generator_cpp: 3.1.6 (/opt/ros/humble/share/rosidl_generator_cpp/cmake)
[1.727s] -- Using all available rosidl_typesupport_c: rosidl_typesupport_fastrtps_c;rosidl_typesupport_introspection_c
[1.780s] -- Using all available rosidl_typesupport_cpp: rosidl_typesupport_fastrtps_cpp;rosidl_typesupport_introspection_cpp
[1.949s] -- Found rmw_implementation_cmake: 6.1.2 (/opt/ros/humble/share/rmw_implementation_cmake/cmake)
[1.962s] -- Found rmw_fastrtps_cpp: 6.2.7 (/opt/ros/humble/share/rmw_fastrtps_cpp/cmake)
[2.221s] -- Found OpenSSL: /usr/lib/x86_64-linux-gnu/libcrypto.so (found version "3.0.2")  
[2.282s] -- Found FastRTPS: /opt/ros/humble/include  
[2.397s] -- Using RMW implementation 'rmw_fastrtps_cpp' as default
[2.443s] -- Found Threads: TRUE  
[2.628s] -- Found Eigen3: TRUE (found version "3.4.0") 
[2.637s] -- Found rclcpp_lifecycle: 16.0.11 (/opt/ros/humble/share/rclcpp_lifecycle/cmake)
[2.697s] -- Found Boost: /usr/lib/x86_64-linux-gnu/cmake/Boost-1.74.0/BoostConfig.cmake (found version "1.74.0") found components: filesystem 
[2.923s] -- library: /usr/lib/x86_64-linux-gnu/libcurl.so
[3.054s] -- Ensuring Eigen3 include directory is part of orocos-kdl CMake target
[3.524s] -- Found moveit_ros_visualization: 2.5.8 (/opt/ros/humble/share/moveit_ros_visualization/cmake)
[3.532s] -- Found Boost: /usr/lib/x86_64-linux-gnu/cmake/Boost-1.74.0/BoostConfig.cmake (found version "1.74.0") found components: thread date_time system filesystem 
[3.555s] -- Found Boost: /usr/lib/x86_64-linux-gnu/cmake/Boost-1.74.0/BoostConfig.cmake (found version "1.74.0") found components: system filesystem date_time program_options thread chrono 
[3.617s] -- Found Boost: /usr/lib/x86_64-linux-gnu/cmake/Boost-1.74.0/BoostConfig.cmake (found version "1.74.0") found components: date_time filesystem program_options system thread 
[3.642s] -- Found Boost: /usr/lib/x86_64-linux-gnu/cmake/Boost-1.74.0/BoostConfig.cmake (found version "1.74.0") found components: thread system filesystem regex date_time program_options 
[3.678s] -- Found Boost: /usr/lib/x86_64-linux-gnu/cmake/Boost-1.74.0/BoostConfig.cmake (found version "1.74.0") found components: system filesystem date_time program_options thread 
[3.811s] -- Setting OGRE_DIR to: '/opt/ros/humble/share/rviz_ogre_vendor/cmake/../../../opt/rviz_ogre_vendor/lib/OGRE/cmake'
[3.814s] -- Found OGRE
[3.814s] --   static     : OFF
[3.814s] --   components : HLMS;MeshLodGenerator;Overlay;Paging;Property;RTShaderSystem;Terrain;Volume
[3.814s] --   plugins    : Plugin_BSPSceneManager;Plugin_OctreeSceneManager;Plugin_PCZSceneManager;Plugin_ParticleFX;RenderSystem_GL;RenderSystem_GL3Plus;Codec_STBI
[3.815s] --   media      : /opt/ros/humble/opt/rviz_ogre_vendor/share/OGRE/Media
[3.815s] -- OGRE_LIBRARIES: OgreHLMS;OgreMeshLodGenerator;OgreOverlay;OgrePaging;OgreProperty;OgreRTShaderSystem;OgreTerrain;OgreVolume;OgreMain
[3.815s] -- OGRE_LIBRARY_DIRS: /opt/ros/humble/opt/rviz_ogre_vendor/lib
[3.815s] -- OGRE_PLUGINS: Plugin_BSPSceneManager;Plugin_OctreeSceneManager;Plugin_PCZSceneManager;Plugin_ParticleFX;RenderSystem_GL;RenderSystem_GL3Plus;Codec_STBI
[3.815s] -- OGRE_PLUGIN_DIR: /opt/ros/humble/opt/rviz_ogre_vendor/lib/OGRE
[3.815s] -- rviz_ogre_vendor::OgreOverlay for IMPORTED_LOCATION_RELEASE: /opt/ros/humble/opt/rviz_ogre_vendor/lib/libOgreOverlay.so
[3.815s] -- rviz_ogre_vendor::OgreOverlay for IMPORTED_LOCATION_DEBUG: /opt/ros/humble/opt/rviz_ogre_vendor/lib/libOgreOverlay.so
[3.815s] -- rviz_ogre_vendor::OgreMain for IMPORTED_LOCATION_RELEASE: /opt/ros/humble/opt/rviz_ogre_vendor/lib/libOgreMain.so
[3.816s] -- rviz_ogre_vendor::OgreMain for IMPORTED_LOCATION_DEBUG: /opt/ros/humble/opt/rviz_ogre_vendor/lib/libOgreMain.so
[3.854s] -- Found ZLIB: /usr/lib/x86_64-linux-gnu/libz.so (found version "1.2.11") 
[3.862s] -- Found OpenGL: /usr/lib/x86_64-linux-gnu/libOpenGL.so   
[4.125s] -- Found X11: /usr/include   
[4.126s] -- Looking for XOpenDisplay in /usr/lib/x86_64-linux-gnu/libX11.so;/usr/lib/x86_64-linux-gnu/libXext.so
[4.267s] -- Looking for XOpenDisplay in /usr/lib/x86_64-linux-gnu/libX11.so;/usr/lib/x86_64-linux-gnu/libXext.so - found
[4.267s] -- Looking for gethostbyname
[4.427s] -- Looking for gethostbyname - found
[4.427s] -- Looking for connect
[4.559s] -- Looking for connect - found
[4.560s] -- Looking for remove
[4.716s] -- Looking for remove - found
[4.716s] -- Looking for shmat
[4.868s] -- Looking for shmat - found
[4.869s] -- Looking for IceConnectionNumber in ICE
[5.056s] -- Looking for IceConnectionNumber in ICE - found
[5.149s] -- Setting assimp_DIR to: '/opt/ros/humble/share/rviz_assimp_vendor/cmake/../../../opt/rviz_assimp_vendor/lib/cmake/assimp-4.1'
[5.368s] -- Found moveit_task_constructor_core: 0.1.3 (/home/mscrobotics2425laptop27/Documents/University/robotic_systems_design_project/RoboticDesign---Team-10/manipulator_work/manipulator_ros2_workspace/install/moveit_task_constructor_core/share/moveit_task_constructor_core/cmake)
[5.500s] -- Found PkgConfig: /usr/bin/pkg-config (found version "0.29.2") 
[5.501s] -- Checking for module 'yaml-0.1'
[5.552s] --   Found yaml-0.1, version 0.2.2
[5.665s] -- Found ament_cmake_gtest: 1.3.11 (/opt/ros/humble/share/ament_cmake_gtest/cmake)
[5.678s] -- Found ament_cmake_gmock: 1.3.11 (/opt/ros/humble/share/ament_cmake_gmock/cmake)
[5.686s] -- Found launch_testing_ament_cmake: 1.0.7 (/opt/ros/humble/share/launch_testing_ament_cmake/cmake)
[5.697s] -- Found python_cmake_module: 0.10.0 (/opt/ros/humble/share/python_cmake_module/cmake)
[5.739s] -- Found PythonInterp: /usr/bin/python3 (found suitable version "3.10.12", minimum required is "3.6") 
[5.754s] -- Found PythonLibs: /usr/lib/x86_64-linux-gnu/libpython3.10.so (found suitable version "3.10.12", minimum required is "3.5") 
[5.754s] -- Using PYTHON_EXECUTABLE: /usr/bin/python3
[5.754s] -- Using PYTHON_INCLUDE_DIRS: /usr/include/python3.10
[5.754s] -- Using PYTHON_LIBRARIES: /usr/lib/x86_64-linux-gnu/libpython3.10.so
[5.954s] -- Found PythonExtra: .so  
[5.956s] -- Found gtest sources under '/opt/ros/humble/src/gtest_vendor': C++ tests using 'Google Test' will be built
[5.956s] -- Found gmock sources under '/opt/ros/humble/src/gmock_vendor': C++ tests using 'Google Mock' will be built
[5.956s] -- Configuring done
[6.303s] -- Generating done
[6.360s] -- Build files have been written to: /home/mscrobotics2425laptop27/Documents/University/robotic_systems_design_project/RoboticDesign---Team-10/manipulator_work/manipulator_ros2_workspace/build/moveit_task_constructor_visualization
[6.413s] Invoked command in '/home/mscrobotics2425laptop27/Documents/University/robotic_systems_design_project/RoboticDesign---Team-10/manipulator_work/manipulator_ros2_workspace/build/moveit_task_constructor_visualization' returned '0': AMENT_PREFIX_PATH=/home/mscrobotics2425laptop27/Documents/University/robotic_systems_design_project/RoboticDesign---Team-10/manipulator_work/manipulator_ros2_workspace/install/moveit_task_constructor_core:/home/mscrobotics2425laptop27/Documents/University/robotic_systems_design_project/RoboticDesign---Team-10/manipulator_work/manipulator_ros2_workspace/install/rviz_marker_tools:/home/mscrobotics2425laptop27/Documents/University/robotic_systems_design_project/RoboticDesign---Team-10/manipulator_work/manipulator_ros2_workspace/install/moveit_task_constructor_msgs:${AMENT_PREFIX_PATH} CMAKE_MODULE_PATH=/home/mscrobotics2425laptop27/Documents/University/robotic_systems_design_project/RoboticDesign---Team-10/manipulator_work/manipulator_ros2_workspace/install/moveit_task_constructor_core/share/moveit_task_constructor_core/cmake CMAKE_PREFIX_PATH=/home/mscrobotics2425laptop27/Documents/University/robotic_systems_design_project/RoboticDesign---Team-10/manipulator_work/manipulator_ros2_workspace/install/moveit_task_constructor_core:/home/mscrobotics2425laptop27/Documents/University/robotic_systems_design_project/RoboticDesign---Team-10/manipulator_work/manipulator_ros2_workspace/install/rviz_marker_tools:/home/mscrobotics2425laptop27/Documents/University/robotic_systems_design_project/RoboticDesign---Team-10/manipulator_work/manipulator_ros2_workspace/install/moveit_task_constructor_msgs:/home/mscrobotics2425laptop27/interbotix_ws/install/interbotix_ros_xsarms_examples:/home/mscrobotics2425laptop27/interbotix_ws/install/interbotix_xsarm_moveit_interface:/home/mscrobotics2425laptop27/interbotix_ws/install/interbotix_moveit_interface:/home/mscrobotics2425laptop27/interbotix_ws/install/moveit_visual_tools:/home/mscrobotics2425laptop27/interbotix_ws/install/interbotix_ros_xsarms:/home/mscrobotics2425laptop27/interbotix_ws/install/interbotix_xsarm_moveit:/home/mscrobotics2425laptop27/interbotix_ws/install/interbotix_xsarm_sim:/home/mscrobotics2425laptop27/interbotix_ws/install/interbotix_xsarm_ros_control:/home/mscrobotics2425laptop27/interbotix_ws/install/interbotix_xsarm_puppet:/home/mscrobotics2425laptop27/interbotix_ws/install/interbotix_xsarm_perception:/home/mscrobotics2425laptop27/interbotix_ws/install/interbotix_xsarm_joy:/home/mscrobotics2425laptop27/interbotix_ws/install/interbotix_xsarm_gravity_compensation:/home/mscrobotics2425laptop27/interbotix_ws/install/interbotix_xsarm_dual:/home/mscrobotics2425laptop27/interbotix_ws/install/interbotix_xsarm_control:/home/mscrobotics2425laptop27/interbotix_ws/install/interbotix_xsarm_descriptions:/home/mscrobotics2425laptop27/interbotix_ws/install/interbotix_xs_toolbox:/home/mscrobotics2425laptop27/interbotix_ws/install/interbotix_xs_rviz:/home/mscrobotics2425laptop27/interbotix_ws/install/interbotix_ros_xseries:/home/mscrobotics2425laptop27/interbotix_ws/install/interbotix_xs_sdk:/home/mscrobotics2425laptop27/interbotix_ws/install/interbotix_xs_ros_control:/home/mscrobotics2425laptop27/interbotix_ws/install/interbotix_perception_toolbox:/home/mscrobotics2425laptop27/interbotix_ws/install/interbotix_common_toolbox:/home/mscrobotics2425laptop27/interbotix_ws/install/interbotix_gravity_compensation:/home/mscrobotics2425laptop27/interbotix_ws/install/interbotix_xs_msgs:/home/mscrobotics2425laptop27/interbotix_ws/install/interbotix_xs_driver:/home/mscrobotics2425laptop27/interbotix_ws/install/interbotix_tf_tools:/home/mscrobotics2425laptop27/interbotix_ws/install/interbotix_perception_pipelines:/home/mscrobotics2425laptop27/interbotix_ws/install/interbotix_perception_msgs:/home/mscrobotics2425laptop27/interbotix_ws/install/interbotix_moveit_interface_msgs:/home/mscrobotics2425laptop27/interbotix_ws/install/interbotix_common_sim:/home/mscrobotics2425laptop27/interbotix_ws/install/dynamixel_workbench_toolbox:/home/mscrobotics2425laptop27/apriltag_ws/install/apriltag_ros:/home/mscrobotics2425laptop27/interbotix_ws/install/interbotix_xs_modules:/home/mscrobotics2425laptop27/interbotix_ws/install/interbotix_perception_modules:/home/mscrobotics2425laptop27/interbotix_ws/install/interbotix_common_modules:/opt/ros/humble LD_LIBRARY_PATH=/home/mscrobotics2425laptop27/Documents/University/robotic_systems_design_project/RoboticDesign---Team-10/manipulator_work/manipulator_ros2_workspace/install/moveit_task_constructor_core/lib:/home/mscrobotics2425laptop27/Documents/University/robotic_systems_design_project/RoboticDesign---Team-10/manipulator_work/manipulator_ros2_workspace/install/rviz_marker_tools/lib:/home/mscrobotics2425laptop27/Documents/University/robotic_systems_design_project/RoboticDesign---Team-10/manipulator_work/manipulator_ros2_workspace/install/moveit_task_constructor_msgs/lib:${LD_LIBRARY_PATH} PYTHONPATH=/home/mscrobotics2425laptop27/Documents/University/robotic_systems_design_project/RoboticDesign---Team-10/manipulator_work/manipulator_ros2_workspace/install/moveit_task_constructor_core/local/lib/python3.10/dist-packages:/home/mscrobotics2425laptop27/Documents/University/robotic_systems_design_project/RoboticDesign---Team-10/manipulator_work/manipulator_ros2_workspace/install/moveit_task_constructor_msgs/local/lib/python3.10/dist-packages:${PYTHONPATH} /usr/bin/cmake /home/mscrobotics2425laptop27/Documents/University/robotic_systems_design_project/RoboticDesign---Team-10/manipulator_work/manipulator_ros2_workspace/src/moveit_task_constructor/visualization -DCMAKE_INSTALL_PREFIX=/home/mscrobotics2425laptop27/Documents/University/robotic_systems_design_project/RoboticDesign---Team-10/manipulator_work/manipulator_ros2_workspace/install/moveit_task_constructor_visualization
[6.415s] Invoking command in '/home/mscrobotics2425laptop27/Documents/University/robotic_systems_design_project/RoboticDesign---Team-10/manipulator_work/manipulator_ros2_workspace/build/moveit_task_constructor_visualization': AMENT_PREFIX_PATH=/home/mscrobotics2425laptop27/Documents/University/robotic_systems_design_project/RoboticDesign---Team-10/manipulator_work/manipulator_ros2_workspace/install/moveit_task_constructor_core:/home/mscrobotics2425laptop27/Documents/University/robotic_systems_design_project/RoboticDesign---Team-10/manipulator_work/manipulator_ros2_workspace/install/rviz_marker_tools:/home/mscrobotics2425laptop27/Documents/University/robotic_systems_design_project/RoboticDesign---Team-10/manipulator_work/manipulator_ros2_workspace/install/moveit_task_constructor_msgs:${AMENT_PREFIX_PATH} CMAKE_MODULE_PATH=/home/mscrobotics2425laptop27/Documents/University/robotic_systems_design_project/RoboticDesign---Team-10/manipulator_work/manipulator_ros2_workspace/install/moveit_task_constructor_core/share/moveit_task_constructor_core/cmake CMAKE_PREFIX_PATH=/home/mscrobotics2425laptop27/Documents/University/robotic_systems_design_project/RoboticDesign---Team-10/manipulator_work/manipulator_ros2_workspace/install/moveit_task_constructor_core:/home/mscrobotics2425laptop27/Documents/University/robotic_systems_design_project/RoboticDesign---Team-10/manipulator_work/manipulator_ros2_workspace/install/rviz_marker_tools:/home/mscrobotics2425laptop27/Documents/University/robotic_systems_design_project/RoboticDesign---Team-10/manipulator_work/manipulator_ros2_workspace/install/moveit_task_constructor_msgs:/home/mscrobotics2425laptop27/interbotix_ws/install/interbotix_ros_xsarms_examples:/home/mscrobotics2425laptop27/interbotix_ws/install/interbotix_xsarm_moveit_interface:/home/mscrobotics2425laptop27/interbotix_ws/install/interbotix_moveit_interface:/home/mscrobotics2425laptop27/interbotix_ws/install/moveit_visual_tools:/home/mscrobotics2425laptop27/interbotix_ws/install/interbotix_ros_xsarms:/home/mscrobotics2425laptop27/interbotix_ws/install/interbotix_xsarm_moveit:/home/mscrobotics2425laptop27/interbotix_ws/install/interbotix_xsarm_sim:/home/mscrobotics2425laptop27/interbotix_ws/install/interbotix_xsarm_ros_control:/home/mscrobotics2425laptop27/interbotix_ws/install/interbotix_xsarm_puppet:/home/mscrobotics2425laptop27/interbotix_ws/install/interbotix_xsarm_perception:/home/mscrobotics2425laptop27/interbotix_ws/install/interbotix_xsarm_joy:/home/mscrobotics2425laptop27/interbotix_ws/install/interbotix_xsarm_gravity_compensation:/home/mscrobotics2425laptop27/interbotix_ws/install/interbotix_xsarm_dual:/home/mscrobotics2425laptop27/interbotix_ws/install/interbotix_xsarm_control:/home/mscrobotics2425laptop27/interbotix_ws/install/interbotix_xsarm_descriptions:/home/mscrobotics2425laptop27/interbotix_ws/install/interbotix_xs_toolbox:/home/mscrobotics2425laptop27/interbotix_ws/install/interbotix_xs_rviz:/home/mscrobotics2425laptop27/interbotix_ws/install/interbotix_ros_xseries:/home/mscrobotics2425laptop27/interbotix_ws/install/interbotix_xs_sdk:/home/mscrobotics2425laptop27/interbotix_ws/install/interbotix_xs_ros_control:/home/mscrobotics2425laptop27/interbotix_ws/install/interbotix_perception_toolbox:/home/mscrobotics2425laptop27/interbotix_ws/install/interbotix_common_toolbox:/home/mscrobotics2425laptop27/interbotix_ws/install/interbotix_gravity_compensation:/home/mscrobotics2425laptop27/interbotix_ws/install/interbotix_xs_msgs:/home/mscrobotics2425laptop27/interbotix_ws/install/interbotix_xs_driver:/home/mscrobotics2425laptop27/interbotix_ws/install/interbotix_tf_tools:/home/mscrobotics2425laptop27/interbotix_ws/install/interbotix_perception_pipelines:/home/mscrobotics2425laptop27/interbotix_ws/install/interbotix_perception_msgs:/home/mscrobotics2425laptop27/interbotix_ws/install/interbotix_moveit_interface_msgs:/home/mscrobotics2425laptop27/interbotix_ws/install/interbotix_common_sim:/home/mscrobotics2425laptop27/interbotix_ws/install/dynamixel_workbench_toolbox:/home/mscrobotics2425laptop27/apriltag_ws/install/apriltag_ros:/home/mscrobotics2425laptop27/interbotix_ws/install/interbotix_xs_modules:/home/mscrobotics2425laptop27/interbotix_ws/install/interbotix_perception_modules:/home/mscrobotics2425laptop27/interbotix_ws/install/interbotix_common_modules:/opt/ros/humble LD_LIBRARY_PATH=/home/mscrobotics2425laptop27/Documents/University/robotic_systems_design_project/RoboticDesign---Team-10/manipulator_work/manipulator_ros2_workspace/install/moveit_task_constructor_core/lib:/home/mscrobotics2425laptop27/Documents/University/robotic_systems_design_project/RoboticDesign---Team-10/manipulator_work/manipulator_ros2_workspace/install/rviz_marker_tools/lib:/home/mscrobotics2425laptop27/Documents/University/robotic_systems_design_project/RoboticDesign---Team-10/manipulator_work/manipulator_ros2_workspace/install/moveit_task_constructor_msgs/lib:${LD_LIBRARY_PATH} PYTHONPATH=/home/mscrobotics2425laptop27/Documents/University/robotic_systems_design_project/RoboticDesign---Team-10/manipulator_work/manipulator_ros2_workspace/install/moveit_task_constructor_core/local/lib/python3.10/dist-packages:/home/mscrobotics2425laptop27/Documents/University/robotic_systems_design_project/RoboticDesign---Team-10/manipulator_work/manipulator_ros2_workspace/install/moveit_task_constructor_msgs/local/lib/python3.10/dist-packages:${PYTHONPATH} /usr/bin/cmake --build /home/mscrobotics2425laptop27/Documents/University/robotic_systems_design_project/RoboticDesign---Team-10/manipulator_work/manipulator_ros2_workspace/build/moveit_task_constructor_visualization -- -j12 -l12
[6.492s] [  1%] [34m[1mAutomatic MOC for target moveit_task_visualization_tools[0m
[6.492s] [  3%] [34m[1mAutomatic MOC for target motion_planning_tasks_utils[0m
[6.492s] [  6%] [34m[1mAutomatic MOC for target gtest_main[0m
[6.494s] [  6%] [34m[1mAutomatic MOC for target motion_planning_tasks_properties[0m
[6.497s] [  7%] [34m[1mAutomatic MOC for target gmock_main[0m
[6.497s] [  9%] [34m[1mAutomatic MOC for target gmock[0m
[6.508s] [ 10%] [34m[1mAutomatic MOC for target gtest[0m
[6.557s] [ 10%] Built target gtest_main_autogen
[6.557s] [ 10%] Built target gmock_autogen
[6.563s] [ 10%] Built target motion_planning_tasks_properties_autogen
[6.584s] [ 10%] Built target gtest_autogen
[6.626s] [ 12%] [32mBuilding CXX object gmock/CMakeFiles/gmock.dir/gmock_autogen/mocs_compilation.cpp.o[0m
[6.626s] [ 12%] Built target gmock_main_autogen
[6.630s] [ 13%] [32mBuilding CXX object gmock/CMakeFiles/gmock.dir/opt/ros/humble/src/gtest_vendor/src/gtest-all.cc.o[0m
[6.635s] [ 15%] [32mBuilding CXX object gmock/CMakeFiles/gmock.dir/src/gmock-all.cc.o[0m
[6.636s] [ 16%] [32mBuilding CXX object gtest/CMakeFiles/gtest_main.dir/gtest_main_autogen/mocs_compilation.cpp.o[0m
[6.645s] [ 18%] [32mBuilding CXX object gtest/CMakeFiles/gtest_main.dir/src/gtest_main.cc.o[0m
[6.659s] [ 20%] [32mBuilding CXX object motion_planning_tasks/properties/CMakeFiles/motion_planning_tasks_properties.dir/property_factory.cpp.o[0m
[6.661s] [ 21%] [32mBuilding CXX object motion_planning_tasks/properties/CMakeFiles/motion_planning_tasks_properties.dir/motion_planning_tasks_properties_autogen/mocs_compilation.cpp.o[0m
[6.662s] [ 23%] [32mBuilding CXX object gtest/CMakeFiles/gtest.dir/src/gtest-all.cc.o[0m
[6.675s] [ 24%] [32mBuilding CXX object gtest/CMakeFiles/gtest.dir/gtest_autogen/mocs_compilation.cpp.o[0m
[6.700s] [ 26%] [32mBuilding CXX object gmock/CMakeFiles/gmock_main.dir/gmock_main_autogen/mocs_compilation.cpp.o[0m
[6.721s] [ 27%] [32mBuilding CXX object gmock/CMakeFiles/gmock_main.dir/src/gmock_main.cc.o[0m
[6.739s] [ 29%] [32mBuilding CXX object motion_planning_tasks/properties/CMakeFiles/motion_planning_tasks_properties.dir/property_from_yaml.cpp.o[0m
[7.260s] [ 29%] Built target motion_planning_tasks_utils_autogen
[7.332s] [ 32%] [32mBuilding CXX object motion_planning_tasks/utils/CMakeFiles/motion_planning_tasks_utils.dir/tree_merge_proxy_model.cpp.o[0m
[7.335s] [ 32%] [32mBuilding CXX object motion_planning_tasks/utils/CMakeFiles/motion_planning_tasks_utils.dir/motion_planning_tasks_utils_autogen/mocs_compilation.cpp.o[0m
[7.342s] [ 33%] [32mBuilding CXX object motion_planning_tasks/utils/CMakeFiles/motion_planning_tasks_utils.dir/flat_merge_proxy_model.cpp.o[0m
[7.346s] [ 35%] [32mBuilding CXX object motion_planning_tasks/utils/CMakeFiles/motion_planning_tasks_utils.dir/icon.cpp.o[0m
[7.688s] [ 35%] Built target moveit_task_visualization_tools_autogen
[7.733s] [ 36%] [32mBuilding CXX object visualization_tools/CMakeFiles/moveit_task_visualization_tools.dir/moveit_task_visualization_tools_autogen/mocs_compilation.cpp.o[0m
[7.744s] [ 38%] [32mBuilding CXX object visualization_tools/CMakeFiles/moveit_task_visualization_tools.dir/src/display_solution.cpp.o[0m
[11.387s] [ 40%] [32m[1mLinking CXX static library libgtest_main.a[0m
[11.465s] [ 40%] Built target gtest_main
[11.489s] [ 41%] [32mBuilding CXX object visualization_tools/CMakeFiles/moveit_task_visualization_tools.dir/src/marker_visualization.cpp.o[0m
[12.041s] [ 43%] [32m[1mLinking CXX static library libgmock_main.a[0m
[12.108s] [ 43%] Built target gmock_main
[12.121s] [ 44%] [32mBuilding CXX object visualization_tools/CMakeFiles/moveit_task_visualization_tools.dir/src/task_solution_panel.cpp.o[0m
[15.023s] [ 46%] [32mBuilding CXX object visualization_tools/CMakeFiles/moveit_task_visualization_tools.dir/src/task_solution_visualization.cpp.o[0m
[19.093s] [ 47%] [32m[1mLinking CXX shared library libmotion_planning_tasks_utils.so[0m
[20.094s] [ 47%] Built target motion_planning_tasks_utils
[21.708s] [ 49%] [32m[1mLinking CXX shared library libmotion_planning_tasks_properties.so[0m
[24.003s] [ 49%] Built target motion_planning_tasks_properties
[30.824s] [ 50%] [32m[1mLinking CXX static library libgtest.a[0m
[30.901s] [ 50%] Built target gtest
[30.931s] [ 52%] [34m[1mAutomatic MOC for target moveit_task_constructor_visualization-test-merge-models[0m
[30.960s] [ 52%] Built target moveit_task_constructor_visualization-test-merge-models_autogen
[31.006s] [ 53%] [32mBuilding CXX object motion_planning_tasks/test/CMakeFiles/moveit_task_constructor_visualization-test-merge-models.dir/moveit_task_constructor_visualization-test-merge-models_autogen/mocs_compilation.cpp.o[0m
[31.006s] [ 55%] [32mBuilding CXX object motion_planning_tasks/test/CMakeFiles/moveit_task_constructor_visualization-test-merge-models.dir/test_merge_models.cpp.o[0m
[36.834s] [ 56%] [32m[1mLinking CXX static library libgmock.a[0m
[36.913s] [ 56%] Built target gmock
[38.429s] [ 58%] [32m[1mLinking CXX executable moveit_task_constructor_visualization-test-merge-models[0m
[38.943s] [ 58%] Built target moveit_task_constructor_visualization-test-merge-models
[51.329s] [ 60%] [32m[1mLinking CXX shared library libmoveit_task_visualization_tools.so[0m
[53.675s] [ 60%] Built target moveit_task_visualization_tools
[53.708s] [ 61%] [34m[1mAutomatic MOC for target motion_planning_tasks_rviz_plugin[0m
[55.050s] [ 61%] Built target motion_planning_tasks_rviz_plugin_autogen
[55.076s] [ 64%] [34m[1mAutomatic RCC for resources.qrc[0m
[55.077s] [ 64%] [34m[1mGenerating ui_task_view.h[0m
[55.078s] [ 66%] [34m[1mGenerating ui_global_settings.h[0m
[55.078s] [ 67%] [34m[1mGenerating ui_task_panel.h[0m
[55.128s] [ 69%] [32mBuilding CXX object motion_planning_tasks/src/CMakeFiles/motion_planning_tasks_rviz_plugin.dir/motion_planning_tasks_rviz_plugin_autogen/mocs_compilation.cpp.o[0m
[55.132s] [ 72%] [32mBuilding CXX object motion_planning_tasks/src/CMakeFiles/motion_planning_tasks_rviz_plugin.dir/icons.cpp.o[0m
[55.132s] [ 73%] [32mBuilding CXX object motion_planning_tasks/src/CMakeFiles/motion_planning_tasks_rviz_plugin.dir/job_queue.cpp.o[0m
[55.132s] [ 72%] [32mBuilding CXX object motion_planning_tasks/src/CMakeFiles/motion_planning_tasks_rviz_plugin.dir/factory_model.cpp.o[0m
[55.132s] [ 75%] [32mBuilding CXX object motion_planning_tasks/src/CMakeFiles/motion_planning_tasks_rviz_plugin.dir/local_task_model.cpp.o[0m
[55.133s] [ 76%] [32mBuilding CXX object motion_planning_tasks/src/CMakeFiles/motion_planning_tasks_rviz_plugin.dir/meta_task_list_model.cpp.o[0m
[55.134s] [ 78%] [32mBuilding CXX object motion_planning_tasks/src/CMakeFiles/motion_planning_tasks_rviz_plugin.dir/task_display.cpp.o[0m
[55.134s] [ 80%] [32mBuilding CXX object motion_planning_tasks/src/CMakeFiles/motion_planning_tasks_rviz_plugin.dir/plugin_init.cpp.o[0m
[55.135s] [ 81%] [32mBuilding CXX object motion_planning_tasks/src/CMakeFiles/motion_planning_tasks_rviz_plugin.dir/remote_task_model.cpp.o[0m
[55.136s] [ 83%] [32mBuilding CXX object motion_planning_tasks/src/CMakeFiles/motion_planning_tasks_rviz_plugin.dir/motion_planning_tasks_rviz_plugin_autogen/EWIEGA46WW/qrc_resources.cpp.o[0m
[55.137s] [ 84%] [32mBuilding CXX object motion_planning_tasks/src/CMakeFiles/motion_planning_tasks_rviz_plugin.dir/task_panel.cpp.o[0m
[55.137s] [ 86%] [32mBuilding CXX object motion_planning_tasks/src/CMakeFiles/motion_planning_tasks_rviz_plugin.dir/task_list_model.cpp.o[0m
[96.279s] [ 87%] [32m[1mLinking CXX shared library libmotion_planning_tasks_rviz_plugin.so[0m
[99.013s] [ 87%] Built target motion_planning_tasks_rviz_plugin
[99.031s] [ 89%] [34m[1mAutomatic MOC for target moveit_task_constructor_visualization-test-solution-models[0m
[99.031s] [ 90%] [34m[1mAutomatic MOC for target moveit_task_constructor_visualization-test-task_model[0m
[99.081s] [ 90%] Built target moveit_task_constructor_visualization-test-task_model_autogen
[99.084s] [ 90%] Built target moveit_task_constructor_visualization-test-solution-models_autogen
[99.110s] [ 92%] [32mBuilding CXX object motion_planning_tasks/test/CMakeFiles/moveit_task_constructor_visualization-test-task_model.dir/moveit_task_constructor_visualization-test-task_model_autogen/mocs_compilation.cpp.o[0m
[99.112s] [ 93%] [32mBuilding CXX object motion_planning_tasks/test/CMakeFiles/moveit_task_constructor_visualization-test-task_model.dir/test_task_model.cpp.o[0m
[99.114s] [ 95%] [32mBuilding CXX object motion_planning_tasks/test/CMakeFiles/moveit_task_constructor_visualization-test-solution-models.dir/test_solution_models.cpp.o[0m
[99.115s] [ 96%] [32mBuilding CXX object motion_planning_tasks/test/CMakeFiles/moveit_task_constructor_visualization-test-solution-models.dir/moveit_task_constructor_visualization-test-solution-models_autogen/mocs_compilation.cpp.o[0m
[105.335s] [ 98%] [32m[1mLinking CXX executable moveit_task_constructor_visualization-test-solution-models[0m
[105.721s] [100%] [32m[1mLinking CXX executable moveit_task_constructor_visualization-test-task_model[0m
[106.231s] [100%] Built target moveit_task_constructor_visualization-test-solution-models
[106.575s] [100%] Built target moveit_task_constructor_visualization-test-task_model
