[0.020s] Invoking command in '/home/mscrobotics2425laptop27/Documents/University/robotic_systems_design_project/RoboticDesign---Team-10/manipulator_work/manipulator_ros2_workspace/build/moveit_task_constructor_demo': AMENT_PREFIX_PATH=/home/mscrobotics2425laptop27/Documents/University/robotic_systems_design_project/RoboticDesign---Team-10/manipulator_work/manipulator_ros2_workspace/install/moveit_task_constructor_capabilities:/home/mscrobotics2425laptop27/Documents/University/robotic_systems_design_project/RoboticDesign---Team-10/manipulator_work/manipulator_ros2_workspace/install/moveit_task_constructor_core:/home/mscrobotics2425laptop27/Documents/University/robotic_systems_design_project/RoboticDesign---Team-10/manipulator_work/manipulator_ros2_workspace/install/rviz_marker_tools:/home/mscrobotics2425laptop27/Documents/University/robotic_systems_design_project/RoboticDesign---Team-10/manipulator_work/manipulator_ros2_workspace/install/moveit_task_constructor_msgs:${AMENT_PREFIX_PATH} CMAKE_MODULE_PATH=/home/mscrobotics2425laptop27/Documents/University/robotic_systems_design_project/RoboticDesign---Team-10/manipulator_work/manipulator_ros2_workspace/install/moveit_task_constructor_core/share/moveit_task_constructor_core/cmake CMAKE_PREFIX_PATH=/home/mscrobotics2425laptop27/Documents/University/robotic_systems_design_project/RoboticDesign---Team-10/manipulator_work/manipulator_ros2_workspace/install/moveit_task_constructor_capabilities:/home/mscrobotics2425laptop27/Documents/University/robotic_systems_design_project/RoboticDesign---Team-10/manipulator_work/manipulator_ros2_workspace/install/moveit_task_constructor_core:/home/mscrobotics2425laptop27/Documents/University/robotic_systems_design_project/RoboticDesign---Team-10/manipulator_work/manipulator_ros2_workspace/install/rviz_marker_tools:/home/mscrobotics2425laptop27/Documents/University/robotic_systems_design_project/RoboticDesign---Team-10/manipulator_work/manipulator_ros2_workspace/install/moveit_task_constructor_msgs:/home/mscrobotics2425laptop27/interbotix_ws/install/interbotix_ros_xsarms_examples:/home/mscrobotics2425laptop27/interbotix_ws/install/interbotix_xsarm_moveit_interface:/home/mscrobotics2425laptop27/interbotix_ws/install/interbotix_moveit_interface:/home/mscrobotics2425laptop27/interbotix_ws/install/moveit_visual_tools:/home/mscrobotics2425laptop27/interbotix_ws/install/interbotix_ros_xsarms:/home/mscrobotics2425laptop27/interbotix_ws/install/interbotix_xsarm_moveit:/home/mscrobotics2425laptop27/interbotix_ws/install/interbotix_xsarm_sim:/home/mscrobotics2425laptop27/interbotix_ws/install/interbotix_xsarm_ros_control:/home/mscrobotics2425laptop27/interbotix_ws/install/interbotix_xsarm_puppet:/home/mscrobotics2425laptop27/interbotix_ws/install/interbotix_xsarm_perception:/home/mscrobotics2425laptop27/interbotix_ws/install/interbotix_xsarm_joy:/home/mscrobotics2425laptop27/interbotix_ws/install/interbotix_xsarm_gravity_compensation:/home/mscrobotics2425laptop27/interbotix_ws/install/interbotix_xsarm_dual:/home/mscrobotics2425laptop27/interbotix_ws/install/interbotix_xsarm_control:/home/mscrobotics2425laptop27/interbotix_ws/install/interbotix_xsarm_descriptions:/home/mscrobotics2425laptop27/interbotix_ws/install/interbotix_xs_toolbox:/home/mscrobotics2425laptop27/interbotix_ws/install/interbotix_xs_rviz:/home/mscrobotics2425laptop27/interbotix_ws/install/interbotix_ros_xseries:/home/mscrobotics2425laptop27/interbotix_ws/install/interbotix_xs_sdk:/home/mscrobotics2425laptop27/interbotix_ws/install/interbotix_xs_ros_control:/home/mscrobotics2425laptop27/interbotix_ws/install/interbotix_perception_toolbox:/home/mscrobotics2425laptop27/interbotix_ws/install/interbotix_common_toolbox:/home/mscrobotics2425laptop27/interbotix_ws/install/interbotix_gravity_compensation:/home/mscrobotics2425laptop27/interbotix_ws/install/interbotix_xs_msgs:/home/mscrobotics2425laptop27/interbotix_ws/install/interbotix_xs_driver:/home/mscrobotics2425laptop27/interbotix_ws/install/interbotix_tf_tools:/home/mscrobotics2425laptop27/interbotix_ws/install/interbotix_perception_pipelines:/home/mscrobotics2425laptop27/interbotix_ws/install/interbotix_perception_msgs:/home/mscrobotics2425laptop27/interbotix_ws/install/interbotix_moveit_interface_msgs:/home/mscrobotics2425laptop27/interbotix_ws/install/interbotix_common_sim:/home/mscrobotics2425laptop27/interbotix_ws/install/dynamixel_workbench_toolbox:/home/mscrobotics2425laptop27/apriltag_ws/install/apriltag_ros:/home/mscrobotics2425laptop27/interbotix_ws/install/interbotix_xs_modules:/home/mscrobotics2425laptop27/interbotix_ws/install/interbotix_perception_modules:/home/mscrobotics2425laptop27/interbotix_ws/install/interbotix_common_modules:/opt/ros/humble LD_LIBRARY_PATH=/home/mscrobotics2425laptop27/Documents/University/robotic_systems_design_project/RoboticDesign---Team-10/manipulator_work/manipulator_ros2_workspace/install/moveit_task_constructor_capabilities/lib:/home/mscrobotics2425laptop27/Documents/University/robotic_systems_design_project/RoboticDesign---Team-10/manipulator_work/manipulator_ros2_workspace/install/moveit_task_constructor_core/lib:/home/mscrobotics2425laptop27/Documents/University/robotic_systems_design_project/RoboticDesign---Team-10/manipulator_work/manipulator_ros2_workspace/install/rviz_marker_tools/lib:/home/mscrobotics2425laptop27/Documents/University/robotic_systems_design_project/RoboticDesign---Team-10/manipulator_work/manipulator_ros2_workspace/install/moveit_task_constructor_msgs/lib:${LD_LIBRARY_PATH} PYTHONPATH=/home/mscrobotics2425laptop27/Documents/University/robotic_systems_design_project/RoboticDesign---Team-10/manipulator_work/manipulator_ros2_workspace/install/moveit_task_constructor_core/local/lib/python3.10/dist-packages:/home/mscrobotics2425laptop27/Documents/University/robotic_systems_design_project/RoboticDesign---Team-10/manipulator_work/manipulator_ros2_workspace/install/moveit_task_constructor_msgs/local/lib/python3.10/dist-packages:${PYTHONPATH} /usr/bin/cmake /home/mscrobotics2425laptop27/Documents/University/robotic_systems_design_project/RoboticDesign---Team-10/manipulator_work/manipulator_ros2_workspace/src/moveit_task_constructor/demo -DCMAKE_INSTALL_PREFIX=/home/mscrobotics2425laptop27/Documents/University/robotic_systems_design_project/RoboticDesign---Team-10/manipulator_work/manipulator_ros2_workspace/install/moveit_task_constructor_demo
[0.048s] -- The C compiler identification is GNU 11.4.0
[0.071s] -- The CXX compiler identification is GNU 11.4.0
[0.076s] -- Detecting C compiler ABI info
[0.099s] -- Detecting C compiler ABI info - done
[0.104s] -- Check for working C compiler: /usr/bin/cc - skipped
[0.104s] -- Detecting C compile features
[0.104s] -- Detecting C compile features - done
[0.108s] -- Detecting CXX compiler ABI info
[0.113s] -- Detecting CXX compiler ABI info - done
[0.115s] -- Check for working CXX compiler: /usr/bin/c++ - skipped
[0.115s] -- Detecting CXX compile features
[0.115s] -- Detecting CXX compile features - done
[0.117s] -- Found ament_cmake: 1.3.11 (/opt/ros/humble/share/ament_cmake/cmake)
[0.206s] -- Found Python3: /usr/bin/python3 (found version "3.10.12") found components: Interpreter 
[0.246s] -- Found generate_parameter_library: 0.4.0 (/opt/ros/humble/share/generate_parameter_library/cmake)
[0.249s] -- Found parameter_traits: 0.4.0 (/opt/ros/humble/share/parameter_traits/cmake)
[0.272s] -- Found rosidl_generator_c: 3.1.6 (/opt/ros/humble/share/rosidl_generator_c/cmake)
[0.274s] -- Found rosidl_adapter: 3.1.6 (/opt/ros/humble/share/rosidl_adapter/cmake)
[0.282s] -- Found rosidl_generator_cpp: 3.1.6 (/opt/ros/humble/share/rosidl_generator_cpp/cmake)
[0.285s] -- Using all available rosidl_typesupport_c: rosidl_typesupport_fastrtps_c;rosidl_typesupport_introspection_c
[0.293s] -- Using all available rosidl_typesupport_cpp: rosidl_typesupport_fastrtps_cpp;rosidl_typesupport_introspection_cpp
[0.313s] -- Found rmw_implementation_cmake: 6.1.2 (/opt/ros/humble/share/rmw_implementation_cmake/cmake)
[0.317s] -- Found rmw_fastrtps_cpp: 6.2.7 (/opt/ros/humble/share/rmw_fastrtps_cpp/cmake)
[0.393s] -- Found OpenSSL: /usr/lib/x86_64-linux-gnu/libcrypto.so (found version "3.0.2")  
[0.479s] -- Found FastRTPS: /opt/ros/humble/include  
[0.503s] -- Using RMW implementation 'rmw_fastrtps_cpp' as default
[0.528s] -- Performing Test CMAKE_HAVE_LIBC_PTHREAD
[0.634s] -- Performing Test CMAKE_HAVE_LIBC_PTHREAD - Success
[0.642s] -- Found Threads: TRUE  
[0.699s] -- Found rclcpp_lifecycle: 16.0.11 (/opt/ros/humble/share/rclcpp_lifecycle/cmake)
[0.711s] -- Found moveit_common: 2.5.8 (/opt/ros/humble/share/moveit_common/cmake)
[0.885s] [0mmoveit_task_constructor_demo: You did not request a specific build type: Choosing 'Release' for maximum performance[0m
[0.885s] -- Found moveit_core: 2.5.8 (/opt/ros/humble/share/moveit_core/cmake)
[0.885s] -- Found Boost: /usr/lib/x86_64-linux-gnu/cmake/Boost-1.74.0/BoostConfig.cmake (found version "1.74.0") found components: chrono date_time filesystem iostreams program_options regex serialization system thread 
[0.885s] -- Found Boost: /usr/lib/x86_64-linux-gnu/cmake/Boost-1.74.0/BoostConfig.cmake (found version "1.74.0") found components: filesystem 
[2.387s] -- library: /usr/lib/x86_64-linux-gnu/libcurl.so
[2.387s] -- Found Eigen3: TRUE (found version "3.4.0") 
[2.388s] -- Ensuring Eigen3 include directory is part of orocos-kdl CMake target
[2.388s] -- Found moveit_ros_planning: 2.5.8 (/opt/ros/humble/share/moveit_ros_planning/cmake)
[2.388s] -- Found Boost: /usr/lib/x86_64-linux-gnu/cmake/Boost-1.74.0/BoostConfig.cmake (found version "1.74.0") found components: system filesystem date_time program_options thread chrono 
[2.388s] -- Found moveit_ros_planning_interface: 2.5.8 (/opt/ros/humble/share/moveit_ros_planning_interface/cmake)
[2.389s] -- Found Boost: /usr/lib/x86_64-linux-gnu/cmake/Boost-1.74.0/BoostConfig.cmake (found version "1.74.0") found components: date_time filesystem program_options system thread 
[2.389s] -- Found Boost: /usr/lib/x86_64-linux-gnu/cmake/Boost-1.74.0/BoostConfig.cmake (found version "1.74.0") found components: thread system filesystem regex date_time program_options 
[2.389s] -- Found Boost: /usr/lib/x86_64-linux-gnu/cmake/Boost-1.74.0/BoostConfig.cmake (found version "1.74.0") found components: system filesystem date_time program_options thread 
[2.389s] -- Found moveit_task_constructor_core: 0.1.3 (/home/mscrobotics2425laptop27/Documents/University/robotic_systems_design_project/RoboticDesign---Team-10/manipulator_work/manipulator_ros2_workspace/install/moveit_task_constructor_core/share/moveit_task_constructor_core/cmake)
[2.389s] -- Configuring done
[2.389s] -- Generating done
[2.390s] -- Build files have been written to: /home/mscrobotics2425laptop27/Documents/University/robotic_systems_design_project/RoboticDesign---Team-10/manipulator_work/manipulator_ros2_workspace/build/moveit_task_constructor_demo
