[1.732s] Invoking command in '/home/mscrobotics2425laptop27/Documents/University/robotic_systems_design_project/manipulator_work/manipulator_ros2_workspace/src/manipulator_package': PYTHONPATH=/home/mscrobotics2425laptop27/Documents/University/robotic_systems_design_project/manipulator_work/manipulator_ros2_workspace/build/manipulator_package/prefix_override:/usr/lib/python3/dist-packages/colcon_core/task/python/colcon_distutils_commands:/home/mscrobotics2425laptop27/Documents/University/robotic_systems_design_project/manipulator_work/manipulator_ros2_workspace/install/manipulator_package/lib/python3.10/site-packages:${PYTHONPATH} /usr/bin/python3 -W ignore:setup.py install is deprecated -W ignore:easy_install command is deprecated setup.py egg_info --egg-base ../../build/manipulator_package build --build-base /home/mscrobotics2425laptop27/Documents/University/robotic_systems_design_project/manipulator_work/manipulator_ros2_workspace/build/manipulator_package/build install --record /home/mscrobotics2425laptop27/Documents/University/robotic_systems_design_project/manipulator_work/manipulator_ros2_workspace/build/manipulator_package/install.log --single-version-externally-managed install_data
[2.351s] running egg_info
[2.353s] writing ../../build/manipulator_package/manipulator_package.egg-info/PKG-INFO
[2.354s] writing dependency_links to ../../build/manipulator_package/manipulator_package.egg-info/dependency_links.txt
[2.355s] writing entry points to ../../build/manipulator_package/manipulator_package.egg-info/entry_points.txt
[2.358s] writing requirements to ../../build/manipulator_package/manipulator_package.egg-info/requires.txt
[2.358s] writing top-level names to ../../build/manipulator_package/manipulator_package.egg-info/top_level.txt
[2.368s] reading manifest file '../../build/manipulator_package/manipulator_package.egg-info/SOURCES.txt'
[2.371s] writing manifest file '../../build/manipulator_package/manipulator_package.egg-info/SOURCES.txt'
[2.372s] running build
[2.373s] running build_py
[2.373s] copying manipulator_package/moveit_control_node.py -> /home/mscrobotics2425laptop27/Documents/University/robotic_systems_design_project/manipulator_work/manipulator_ros2_workspace/build/manipulator_package/build/lib/manipulator_package
[2.376s] running install
[2.378s] running install_lib
[2.383s] copying /home/mscrobotics2425laptop27/Documents/University/robotic_systems_design_project/manipulator_work/manipulator_ros2_workspace/build/manipulator_package/build/lib/manipulator_package/moveit_control_node.py -> /home/mscrobotics2425laptop27/Documents/University/robotic_systems_design_project/manipulator_work/manipulator_ros2_workspace/install/manipulator_package/lib/python3.10/site-packages/manipulator_package
[2.387s] byte-compiling /home/mscrobotics2425laptop27/Documents/University/robotic_systems_design_project/manipulator_work/manipulator_ros2_workspace/install/manipulator_package/lib/python3.10/site-packages/manipulator_package/moveit_control_node.py to moveit_control_node.cpython-310.pyc
[2.392s] running install_data
[2.393s] running install_egg_info
[2.402s] removing '/home/mscrobotics2425laptop27/Documents/University/robotic_systems_design_project/manipulator_work/manipulator_ros2_workspace/install/manipulator_package/lib/python3.10/site-packages/manipulator_package-0.0.0-py3.10.egg-info' (and everything under it)
[2.403s] Copying ../../build/manipulator_package/manipulator_package.egg-info to /home/mscrobotics2425laptop27/Documents/University/robotic_systems_design_project/manipulator_work/manipulator_ros2_workspace/install/manipulator_package/lib/python3.10/site-packages/manipulator_package-0.0.0-py3.10.egg-info
[2.410s] running install_scripts
[2.489s] Installing moveit_control_node script to /home/mscrobotics2425laptop27/Documents/University/robotic_systems_design_project/manipulator_work/manipulator_ros2_workspace/install/manipulator_package/lib/manipulator_package
[2.491s] writing list of installed files to '/home/mscrobotics2425laptop27/Documents/University/robotic_systems_design_project/manipulator_work/manipulator_ros2_workspace/build/manipulator_package/install.log'
[2.593s] Invoked command in '/home/mscrobotics2425laptop27/Documents/University/robotic_systems_design_project/manipulator_work/manipulator_ros2_workspace/src/manipulator_package' returned '0': PYTHONPATH=/home/mscrobotics2425laptop27/Documents/University/robotic_systems_design_project/manipulator_work/manipulator_ros2_workspace/build/manipulator_package/prefix_override:/usr/lib/python3/dist-packages/colcon_core/task/python/colcon_distutils_commands:/home/mscrobotics2425laptop27/Documents/University/robotic_systems_design_project/manipulator_work/manipulator_ros2_workspace/install/manipulator_package/lib/python3.10/site-packages:${PYTHONPATH} /usr/bin/python3 -W ignore:setup.py install is deprecated -W ignore:easy_install command is deprecated setup.py egg_info --egg-base ../../build/manipulator_package build --build-base /home/mscrobotics2425laptop27/Documents/University/robotic_systems_design_project/manipulator_work/manipulator_ros2_workspace/build/manipulator_package/build install --record /home/mscrobotics2425laptop27/Documents/University/robotic_systems_design_project/manipulator_work/manipulator_ros2_workspace/build/manipulator_package/install.log --single-version-externally-managed install_data
