[0.995s] Invoking command in '/home/mscrobotics2425laptop27/Documents/University/robotic_systems_design_project/manipulator_work/manipulator_ros2_workspace/src/manipulator_package': PYTHONPATH=/home/mscrobotics2425laptop27/Documents/University/robotic_systems_design_project/manipulator_work/manipulator_ros2_workspace/build/manipulator_package/prefix_override:/usr/lib/python3/dist-packages/colcon_core/task/python/colcon_distutils_commands:/home/mscrobotics2425laptop27/Documents/University/robotic_systems_design_project/manipulator_work/manipulator_ros2_workspace/install/manipulator_package/lib/python3.10/site-packages:${PYTHONPATH} /usr/bin/python3 -W ignore:setup.py install is deprecated -W ignore:easy_install command is deprecated setup.py egg_info --egg-base ../../build/manipulator_package build --build-base /home/mscrobotics2425laptop27/Documents/University/robotic_systems_design_project/manipulator_work/manipulator_ros2_workspace/build/manipulator_package/build install --record /home/mscrobotics2425laptop27/Documents/University/robotic_systems_design_project/manipulator_work/manipulator_ros2_workspace/build/manipulator_package/install.log --single-version-externally-managed install_data
[1.269s] running egg_info
[1.270s] writing ../../build/manipulator_package/manipulator_package.egg-info/PKG-INFO
[1.270s] writing dependency_links to ../../build/manipulator_package/manipulator_package.egg-info/dependency_links.txt
[1.271s] writing entry points to ../../build/manipulator_package/manipulator_package.egg-info/entry_points.txt
[1.271s] writing requirements to ../../build/manipulator_package/manipulator_package.egg-info/requires.txt
[1.272s] writing top-level names to ../../build/manipulator_package/manipulator_package.egg-info/top_level.txt
[1.277s] reading manifest file '../../build/manipulator_package/manipulator_package.egg-info/SOURCES.txt'
[1.282s] writing manifest file '../../build/manipulator_package/manipulator_package.egg-info/SOURCES.txt'
[1.283s] running build
[1.283s] running build_py
[1.284s] copying manipulator_package/moveit_control_node.py -> /home/mscrobotics2425laptop27/Documents/University/robotic_systems_design_project/manipulator_work/manipulator_ros2_workspace/build/manipulator_package/build/lib/manipulator_package
[1.284s] running install
[1.284s] running install_lib
[1.285s] copying /home/mscrobotics2425laptop27/Documents/University/robotic_systems_design_project/manipulator_work/manipulator_ros2_workspace/build/manipulator_package/build/lib/manipulator_package/moveit_control_node.py -> /home/mscrobotics2425laptop27/Documents/University/robotic_systems_design_project/manipulator_work/manipulator_ros2_workspace/install/manipulator_package/lib/python3.10/site-packages/manipulator_package
[1.286s] byte-compiling /home/mscrobotics2425laptop27/Documents/University/robotic_systems_design_project/manipulator_work/manipulator_ros2_workspace/install/manipulator_package/lib/python3.10/site-packages/manipulator_package/moveit_control_node.py to moveit_control_node.cpython-310.pyc
[1.288s]   File "/home/mscrobotics2425laptop27/Documents/University/robotic_systems_design_project/manipulator_work/manipulator_ros2_workspace/install/manipulator_package/lib/python3.10/site-packages/manipulator_package/moveit_control_node.py", line 12
[1.288s]     class MoveitControlNode(Node, thread: Thread):
[1.288s]                                         ^
[1.289s] SyntaxError: invalid syntax
[1.289s] 
[1.289s] running install_data
[1.290s] copying package.xml -> /home/mscrobotics2425laptop27/Documents/University/robotic_systems_design_project/manipulator_work/manipulator_ros2_workspace/install/manipulator_package/share/manipulator_package
[1.290s] running install_egg_info
[1.293s] removing '/home/mscrobotics2425laptop27/Documents/University/robotic_systems_design_project/manipulator_work/manipulator_ros2_workspace/install/manipulator_package/lib/python3.10/site-packages/manipulator_package-0.0.0-py3.10.egg-info' (and everything under it)
[1.293s] Copying ../../build/manipulator_package/manipulator_package.egg-info to /home/mscrobotics2425laptop27/Documents/University/robotic_systems_design_project/manipulator_work/manipulator_ros2_workspace/install/manipulator_package/lib/python3.10/site-packages/manipulator_package-0.0.0-py3.10.egg-info
[1.296s] running install_scripts
[1.339s] Installing moveit_control_node script to /home/mscrobotics2425laptop27/Documents/University/robotic_systems_design_project/manipulator_work/manipulator_ros2_workspace/install/manipulator_package/lib/manipulator_package
[1.341s] writing list of installed files to '/home/mscrobotics2425laptop27/Documents/University/robotic_systems_design_project/manipulator_work/manipulator_ros2_workspace/build/manipulator_package/install.log'
[1.390s] Invoked command in '/home/mscrobotics2425laptop27/Documents/University/robotic_systems_design_project/manipulator_work/manipulator_ros2_workspace/src/manipulator_package' returned '0': PYTHONPATH=/home/mscrobotics2425laptop27/Documents/University/robotic_systems_design_project/manipulator_work/manipulator_ros2_workspace/build/manipulator_package/prefix_override:/usr/lib/python3/dist-packages/colcon_core/task/python/colcon_distutils_commands:/home/mscrobotics2425laptop27/Documents/University/robotic_systems_design_project/manipulator_work/manipulator_ros2_workspace/install/manipulator_package/lib/python3.10/site-packages:${PYTHONPATH} /usr/bin/python3 -W ignore:setup.py install is deprecated -W ignore:easy_install command is deprecated setup.py egg_info --egg-base ../../build/manipulator_package build --build-base /home/mscrobotics2425laptop27/Documents/University/robotic_systems_design_project/manipulator_work/manipulator_ros2_workspace/build/manipulator_package/build install --record /home/mscrobotics2425laptop27/Documents/University/robotic_systems_design_project/manipulator_work/manipulator_ros2_workspace/build/manipulator_package/install.log --single-version-externally-managed install_data
