[0.640s] Invoking command in '/home/mscrobotics2425laptop27/Documents/University/robotic_systems_design_project/manipulator_work/manipulator_ros2_workspace/src/manipulator_package': PYTHONPATH=/home/mscrobotics2425laptop27/Documents/University/robotic_systems_design_project/manipulator_work/manipulator_ros2_workspace/build/manipulator_package/prefix_override:/usr/lib/python3/dist-packages/colcon_core/task/python/colcon_distutils_commands:/home/mscrobotics2425laptop27/Documents/University/robotic_systems_design_project/manipulator_work/manipulator_ros2_workspace/install/manipulator_package/lib/python3.10/site-packages:${PYTHONPATH} /usr/bin/python3 -W ignore:setup.py install is deprecated -W ignore:easy_install command is deprecated setup.py egg_info --egg-base ../../build/manipulator_package build --build-base /home/mscrobotics2425laptop27/Documents/University/robotic_systems_design_project/manipulator_work/manipulator_ros2_workspace/build/manipulator_package/build install --record /home/mscrobotics2425laptop27/Documents/University/robotic_systems_design_project/manipulator_work/manipulator_ros2_workspace/build/manipulator_package/install.log --single-version-externally-managed install_data
[0.847s] running egg_info
[0.848s] writing ../../build/manipulator_package/manipulator_package.egg-info/PKG-INFO
[0.848s] writing dependency_links to ../../build/manipulator_package/manipulator_package.egg-info/dependency_links.txt
[0.849s] writing entry points to ../../build/manipulator_package/manipulator_package.egg-info/entry_points.txt
[0.849s] writing requirements to ../../build/manipulator_package/manipulator_package.egg-info/requires.txt
[0.849s] writing top-level names to ../../build/manipulator_package/manipulator_package.egg-info/top_level.txt
[0.854s] reading manifest file '../../build/manipulator_package/manipulator_package.egg-info/SOURCES.txt'
[0.856s] writing manifest file '../../build/manipulator_package/manipulator_package.egg-info/SOURCES.txt'
[0.857s] running build
[0.857s] running build_py
[0.857s] running install
[0.858s] running install_lib
[0.861s] running install_data
[0.861s] running install_egg_info
[0.864s] removing '/home/mscrobotics2425laptop27/Documents/University/robotic_systems_design_project/manipulator_work/manipulator_ros2_workspace/install/manipulator_package/lib/python3.10/site-packages/manipulator_package-0.0.0-py3.10.egg-info' (and everything under it)
[0.864s] Copying ../../build/manipulator_package/manipulator_package.egg-info to /home/mscrobotics2425laptop27/Documents/University/robotic_systems_design_project/manipulator_work/manipulator_ros2_workspace/install/manipulator_package/lib/python3.10/site-packages/manipulator_package-0.0.0-py3.10.egg-info
[0.867s] running install_scripts
[0.897s] Installing moveit_control_node script to /home/mscrobotics2425laptop27/Documents/University/robotic_systems_design_project/manipulator_work/manipulator_ros2_workspace/install/manipulator_package/lib/manipulator_package
[0.898s] writing list of installed files to '/home/mscrobotics2425laptop27/Documents/University/robotic_systems_design_project/manipulator_work/manipulator_ros2_workspace/build/manipulator_package/install.log'
[0.922s] Invoked command in '/home/mscrobotics2425laptop27/Documents/University/robotic_systems_design_project/manipulator_work/manipulator_ros2_workspace/src/manipulator_package' returned '0': PYTHONPATH=/home/mscrobotics2425laptop27/Documents/University/robotic_systems_design_project/manipulator_work/manipulator_ros2_workspace/build/manipulator_package/prefix_override:/usr/lib/python3/dist-packages/colcon_core/task/python/colcon_distutils_commands:/home/mscrobotics2425laptop27/Documents/University/robotic_systems_design_project/manipulator_work/manipulator_ros2_workspace/install/manipulator_package/lib/python3.10/site-packages:${PYTHONPATH} /usr/bin/python3 -W ignore:setup.py install is deprecated -W ignore:easy_install command is deprecated setup.py egg_info --egg-base ../../build/manipulator_package build --build-base /home/mscrobotics2425laptop27/Documents/University/robotic_systems_design_project/manipulator_work/manipulator_ros2_workspace/build/manipulator_package/build install --record /home/mscrobotics2425laptop27/Documents/University/robotic_systems_design_project/manipulator_work/manipulator_ros2_workspace/build/manipulator_package/install.log --single-version-externally-managed install_data
