[0.414s] DEBUG:colcon:Command line arguments: ['/usr/bin/colcon', 'build']
[0.414s] DEBUG:colcon:Parsed command line arguments: Namespace(log_base=None, log_level=None, verb_name='build', build_base='build', install_base='install', merge_install=False, symlink_install=False, test_result_base=None, continue_on_error=False, executor='parallel', parallel_workers=12, event_handlers=None, ignore_user_meta=False, metas=['./colcon.meta'], base_paths=['.'], packages_ignore=None, packages_ignore_regex=None, paths=None, packages_up_to=None, packages_up_to_regex=None, packages_above=None, packages_above_and_dependencies=None, packages_above_depth=None, packages_select_by_dep=None, packages_skip_by_dep=None, packages_skip_up_to=None, packages_select_build_failed=False, packages_skip_build_finished=False, packages_select_test_failures=False, packages_skip_test_passed=False, packages_select=None, packages_skip=None, packages_select_regex=None, packages_skip_regex=None, packages_start=None, packages_end=None, allow_overriding=[], cmake_args=None, cmake_target=None, cmake_target_skip_unavailable=False, cmake_clean_cache=False, cmake_clean_first=False, cmake_force_configure=False, ament_cmake_args=None, catkin_cmake_args=None, catkin_skip_building_tests=False, mixin_files=None, mixin=None, verb_parser=<colcon_mixin.mixin.mixin_argument.MixinArgumentDecorator object at 0x79abdc81cdf0>, verb_extension=<colcon_core.verb.build.BuildVerb object at 0x79abdc9b1900>, main=<bound method BuildVerb.main of <colcon_core.verb.build.BuildVerb object at 0x79abdc9b1900>>, mixin_verb=('build',))
[1.069s] Level 1:colcon.colcon_core.package_discovery:discover_packages(colcon_meta) check parameters
[1.069s] Level 1:colcon.colcon_core.package_discovery:discover_packages(recursive) check parameters
[1.070s] Level 1:colcon.colcon_core.package_discovery:discover_packages(ignore) check parameters
[1.070s] Level 1:colcon.colcon_core.package_discovery:discover_packages(path) check parameters
[1.070s] Level 1:colcon.colcon_core.package_discovery:discover_packages(colcon_meta) discover
[1.070s] Level 1:colcon.colcon_core.package_discovery:discover_packages(recursive) discover
[1.071s] INFO:colcon.colcon_core.package_discovery:Crawling recursively for packages in '/home/mscrobotics2425laptop27/Documents/University/robotic_systems_design_project/manipulator_work/manipulator_ros2_workspace'
[1.071s] Level 1:colcon.colcon_core.package_identification:_identify(.) by extensions ['ignore', 'ignore_ament_install']
[1.072s] Level 1:colcon.colcon_core.package_identification:_identify(.) by extension 'ignore'
[1.072s] Level 1:colcon.colcon_core.package_identification:_identify(.) by extension 'ignore_ament_install'
[1.072s] Level 1:colcon.colcon_core.package_identification:_identify(.) by extensions ['colcon_pkg']
[1.072s] Level 1:colcon.colcon_core.package_identification:_identify(.) by extension 'colcon_pkg'
[1.073s] Level 1:colcon.colcon_core.package_identification:_identify(.) by extensions ['colcon_meta']
[1.073s] Level 1:colcon.colcon_core.package_identification:_identify(.) by extension 'colcon_meta'
[1.073s] Level 1:colcon.colcon_core.package_identification:_identify(.) by extensions ['ros']
[1.073s] Level 1:colcon.colcon_core.package_identification:_identify(.) by extension 'ros'
[1.163s] Level 1:colcon.colcon_core.package_identification:_identify(.) by extensions ['cmake', 'python']
[1.163s] Level 1:colcon.colcon_core.package_identification:_identify(.) by extension 'cmake'
[1.164s] Level 1:colcon.colcon_core.package_identification:_identify(.) by extension 'python'
[1.165s] Level 1:colcon.colcon_core.package_identification:_identify(.) by extensions ['python_setup_py']
[1.165s] Level 1:colcon.colcon_core.package_identification:_identify(.) by extension 'python_setup_py'
[1.166s] Level 1:colcon.colcon_core.package_identification:_identify(build) by extensions ['ignore', 'ignore_ament_install']
[1.166s] Level 1:colcon.colcon_core.package_identification:_identify(build) by extension 'ignore'
[1.166s] Level 1:colcon.colcon_core.package_identification:_identify(build) ignored
[1.167s] Level 1:colcon.colcon_core.package_identification:_identify(install) by extensions ['ignore', 'ignore_ament_install']
[1.167s] Level 1:colcon.colcon_core.package_identification:_identify(install) by extension 'ignore'
[1.167s] Level 1:colcon.colcon_core.package_identification:_identify(install) ignored
[1.167s] Level 1:colcon.colcon_core.package_identification:_identify(log) by extensions ['ignore', 'ignore_ament_install']
[1.168s] Level 1:colcon.colcon_core.package_identification:_identify(log) by extension 'ignore'
[1.168s] Level 1:colcon.colcon_core.package_identification:_identify(log) ignored
[1.168s] Level 1:colcon.colcon_core.package_identification:_identify(src) by extensions ['ignore', 'ignore_ament_install']
[1.168s] Level 1:colcon.colcon_core.package_identification:_identify(src) by extension 'ignore'
[1.169s] Level 1:colcon.colcon_core.package_identification:_identify(src) by extension 'ignore_ament_install'
[1.169s] Level 1:colcon.colcon_core.package_identification:_identify(src) by extensions ['colcon_pkg']
[1.169s] Level 1:colcon.colcon_core.package_identification:_identify(src) by extension 'colcon_pkg'
[1.170s] Level 1:colcon.colcon_core.package_identification:_identify(src) by extensions ['colcon_meta']
[1.170s] Level 1:colcon.colcon_core.package_identification:_identify(src) by extension 'colcon_meta'
[1.170s] Level 1:colcon.colcon_core.package_identification:_identify(src) by extensions ['ros']
[1.170s] Level 1:colcon.colcon_core.package_identification:_identify(src) by extension 'ros'
[1.171s] Level 1:colcon.colcon_core.package_identification:_identify(src) by extensions ['cmake', 'python']
[1.171s] Level 1:colcon.colcon_core.package_identification:_identify(src) by extension 'cmake'
[1.171s] Level 1:colcon.colcon_core.package_identification:_identify(src) by extension 'python'
[1.171s] Level 1:colcon.colcon_core.package_identification:_identify(src) by extensions ['python_setup_py']
[1.171s] Level 1:colcon.colcon_core.package_identification:_identify(src) by extension 'python_setup_py'
[1.172s] Level 1:colcon.colcon_core.package_identification:_identify(src/manipulator_package) by extensions ['ignore', 'ignore_ament_install']
[1.173s] Level 1:colcon.colcon_core.package_identification:_identify(src/manipulator_package) by extension 'ignore'
[1.173s] Level 1:colcon.colcon_core.package_identification:_identify(src/manipulator_package) by extension 'ignore_ament_install'
[1.173s] Level 1:colcon.colcon_core.package_identification:_identify(src/manipulator_package) by extensions ['colcon_pkg']
[1.173s] Level 1:colcon.colcon_core.package_identification:_identify(src/manipulator_package) by extension 'colcon_pkg'
[1.173s] Level 1:colcon.colcon_core.package_identification:_identify(src/manipulator_package) by extensions ['colcon_meta']
[1.174s] Level 1:colcon.colcon_core.package_identification:_identify(src/manipulator_package) by extension 'colcon_meta'
[1.174s] Level 1:colcon.colcon_core.package_identification:_identify(src/manipulator_package) by extensions ['ros']
[1.174s] Level 1:colcon.colcon_core.package_identification:_identify(src/manipulator_package) by extension 'ros'
[1.183s] DEBUG:colcon.colcon_core.package_identification:Package 'src/manipulator_package' with type 'ros.ament_python' and name 'manipulator_package'
[1.183s] Level 1:colcon.colcon_core.package_discovery:discover_packages(recursive) using defaults
[1.184s] Level 1:colcon.colcon_core.package_discovery:discover_packages(ignore) discover
[1.184s] Level 1:colcon.colcon_core.package_discovery:discover_packages(ignore) using defaults
[1.184s] Level 1:colcon.colcon_core.package_discovery:discover_packages(path) discover
[1.184s] Level 1:colcon.colcon_core.package_discovery:discover_packages(path) using defaults
[1.251s] Level 1:colcon.colcon_core.package_discovery:discover_packages(prefix_path) check parameters
[1.251s] Level 1:colcon.colcon_core.package_discovery:discover_packages(prefix_path) discover
[1.262s] DEBUG:colcon.colcon_installed_package_information.package_discovery:Found 1 installed packages in /home/mscrobotics2425laptop27/Documents/University/robotic_systems_design_project/manipulator_work/manipulator_ros2_workspace/install
[1.265s] DEBUG:colcon.colcon_installed_package_information.package_discovery:Found 29 installed packages in /home/mscrobotics2425laptop27/interbotix_ws/install
[1.266s] DEBUG:colcon.colcon_installed_package_information.package_discovery:Found 1 installed packages in /home/mscrobotics2425laptop27/apriltag_ws/install
[1.272s] DEBUG:colcon.colcon_installed_package_information.package_discovery:Found 360 installed packages in /opt/ros/humble
[1.279s] Level 1:colcon.colcon_core.package_discovery:discover_packages(prefix_path) using defaults
[1.399s] Level 5:colcon.colcon_core.verb:set package 'manipulator_package' build argument 'cmake_args' from command line to 'None'
[1.399s] Level 5:colcon.colcon_core.verb:set package 'manipulator_package' build argument 'cmake_target' from command line to 'None'
[1.399s] Level 5:colcon.colcon_core.verb:set package 'manipulator_package' build argument 'cmake_target_skip_unavailable' from command line to 'False'
[1.399s] Level 5:colcon.colcon_core.verb:set package 'manipulator_package' build argument 'cmake_clean_cache' from command line to 'False'
[1.399s] Level 5:colcon.colcon_core.verb:set package 'manipulator_package' build argument 'cmake_clean_first' from command line to 'False'
[1.399s] Level 5:colcon.colcon_core.verb:set package 'manipulator_package' build argument 'cmake_force_configure' from command line to 'False'
[1.399s] Level 5:colcon.colcon_core.verb:set package 'manipulator_package' build argument 'ament_cmake_args' from command line to 'None'
[1.399s] Level 5:colcon.colcon_core.verb:set package 'manipulator_package' build argument 'catkin_cmake_args' from command line to 'None'
[1.400s] Level 5:colcon.colcon_core.verb:set package 'manipulator_package' build argument 'catkin_skip_building_tests' from command line to 'False'
[1.400s] DEBUG:colcon.colcon_core.verb:Building package 'manipulator_package' with the following arguments: {'ament_cmake_args': None, 'build_base': '/home/mscrobotics2425laptop27/Documents/University/robotic_systems_design_project/manipulator_work/manipulator_ros2_workspace/build/manipulator_package', 'catkin_cmake_args': None, 'catkin_skip_building_tests': False, 'cmake_args': None, 'cmake_clean_cache': False, 'cmake_clean_first': False, 'cmake_force_configure': False, 'cmake_target': None, 'cmake_target_skip_unavailable': False, 'install_base': '/home/mscrobotics2425laptop27/Documents/University/robotic_systems_design_project/manipulator_work/manipulator_ros2_workspace/install/manipulator_package', 'merge_install': False, 'path': '/home/mscrobotics2425laptop27/Documents/University/robotic_systems_design_project/manipulator_work/manipulator_ros2_workspace/src/manipulator_package', 'symlink_install': False, 'test_result_base': None}
[1.400s] INFO:colcon.colcon_core.executor:Executing jobs using 'parallel' executor
[1.403s] DEBUG:colcon.colcon_parallel_executor.executor.parallel:run_until_complete
[1.404s] INFO:colcon.colcon_ros.task.ament_python.build:Building ROS package in '/home/mscrobotics2425laptop27/Documents/University/robotic_systems_design_project/manipulator_work/manipulator_ros2_workspace/src/manipulator_package' with build type 'ament_python'
[1.405s] Level 1:colcon.colcon_core.shell:create_environment_hook('manipulator_package', 'ament_prefix_path')
[1.414s] INFO:colcon.colcon_core.plugin_system:Skipping extension 'colcon_core.shell.bat': Not used on non-Windows systems
[1.415s] INFO:colcon.colcon_core.shell:Creating environment hook '/home/mscrobotics2425laptop27/Documents/University/robotic_systems_design_project/manipulator_work/manipulator_ros2_workspace/install/manipulator_package/share/manipulator_package/hook/ament_prefix_path.ps1'
[1.418s] INFO:colcon.colcon_core.shell:Creating environment descriptor '/home/mscrobotics2425laptop27/Documents/University/robotic_systems_design_project/manipulator_work/manipulator_ros2_workspace/install/manipulator_package/share/manipulator_package/hook/ament_prefix_path.dsv'
[1.420s] INFO:colcon.colcon_core.shell:Creating environment hook '/home/mscrobotics2425laptop27/Documents/University/robotic_systems_design_project/manipulator_work/manipulator_ros2_workspace/install/manipulator_package/share/manipulator_package/hook/ament_prefix_path.sh'
[1.423s] INFO:colcon.colcon_core.shell:Skip shell extension 'powershell' for command environment: Not usable outside of PowerShell
[1.423s] DEBUG:colcon.colcon_core.shell:Skip shell extension 'dsv' for command environment
[2.318s] INFO:colcon.colcon_core.task.python.build:Building Python package in '/home/mscrobotics2425laptop27/Documents/University/robotic_systems_design_project/manipulator_work/manipulator_ros2_workspace/src/manipulator_package'
[2.319s] INFO:colcon.colcon_core.shell:Skip shell extension 'powershell' for command environment: Not usable outside of PowerShell
[2.320s] DEBUG:colcon.colcon_core.shell:Skip shell extension 'dsv' for command environment
[3.532s] DEBUG:colcon.colcon_core.event_handler.log_command:Invoking command in '/home/mscrobotics2425laptop27/Documents/University/robotic_systems_design_project/manipulator_work/manipulator_ros2_workspace/src/manipulator_package': PYTHONPATH=/home/mscrobotics2425laptop27/Documents/University/robotic_systems_design_project/manipulator_work/manipulator_ros2_workspace/build/manipulator_package/prefix_override:/usr/lib/python3/dist-packages/colcon_core/task/python/colcon_distutils_commands:/home/mscrobotics2425laptop27/Documents/University/robotic_systems_design_project/manipulator_work/manipulator_ros2_workspace/install/manipulator_package/lib/python3.10/site-packages:${PYTHONPATH} /usr/bin/python3 -W ignore:setup.py install is deprecated -W ignore:easy_install command is deprecated setup.py egg_info --egg-base ../../build/manipulator_package build --build-base /home/mscrobotics2425laptop27/Documents/University/robotic_systems_design_project/manipulator_work/manipulator_ros2_workspace/build/manipulator_package/build install --record /home/mscrobotics2425laptop27/Documents/University/robotic_systems_design_project/manipulator_work/manipulator_ros2_workspace/build/manipulator_package/install.log --single-version-externally-managed install_data
[4.521s] DEBUG:colcon.colcon_core.event_handler.log_command:Invoked command in '/home/mscrobotics2425laptop27/Documents/University/robotic_systems_design_project/manipulator_work/manipulator_ros2_workspace/src/manipulator_package' returned '0': PYTHONPATH=/home/mscrobotics2425laptop27/Documents/University/robotic_systems_design_project/manipulator_work/manipulator_ros2_workspace/build/manipulator_package/prefix_override:/usr/lib/python3/dist-packages/colcon_core/task/python/colcon_distutils_commands:/home/mscrobotics2425laptop27/Documents/University/robotic_systems_design_project/manipulator_work/manipulator_ros2_workspace/install/manipulator_package/lib/python3.10/site-packages:${PYTHONPATH} /usr/bin/python3 -W ignore:setup.py install is deprecated -W ignore:easy_install command is deprecated setup.py egg_info --egg-base ../../build/manipulator_package build --build-base /home/mscrobotics2425laptop27/Documents/University/robotic_systems_design_project/manipulator_work/manipulator_ros2_workspace/build/manipulator_package/build install --record /home/mscrobotics2425laptop27/Documents/University/robotic_systems_design_project/manipulator_work/manipulator_ros2_workspace/build/manipulator_package/install.log --single-version-externally-managed install_data
[4.530s] Level 1:colcon.colcon_core.environment:checking '/home/mscrobotics2425laptop27/Documents/University/robotic_systems_design_project/manipulator_work/manipulator_ros2_workspace/install/manipulator_package' for CMake module files
[4.531s] Level 1:colcon.colcon_core.environment:checking '/home/mscrobotics2425laptop27/Documents/University/robotic_systems_design_project/manipulator_work/manipulator_ros2_workspace/install/manipulator_package' for CMake config files
[4.535s] Level 1:colcon.colcon_core.environment:checking '/home/mscrobotics2425laptop27/Documents/University/robotic_systems_design_project/manipulator_work/manipulator_ros2_workspace/install/manipulator_package/lib'
[4.536s] Level 1:colcon.colcon_core.environment:checking '/home/mscrobotics2425laptop27/Documents/University/robotic_systems_design_project/manipulator_work/manipulator_ros2_workspace/install/manipulator_package/bin'
[4.536s] Level 1:colcon.colcon_core.environment:checking '/home/mscrobotics2425laptop27/Documents/University/robotic_systems_design_project/manipulator_work/manipulator_ros2_workspace/install/manipulator_package/lib/pkgconfig/manipulator_package.pc'
[4.537s] Level 1:colcon.colcon_core.environment:checking '/home/mscrobotics2425laptop27/Documents/University/robotic_systems_design_project/manipulator_work/manipulator_ros2_workspace/install/manipulator_package/lib/python3.10/site-packages'
[4.537s] Level 1:colcon.colcon_core.shell:create_environment_hook('manipulator_package', 'pythonpath')
[4.538s] INFO:colcon.colcon_core.shell:Creating environment hook '/home/mscrobotics2425laptop27/Documents/University/robotic_systems_design_project/manipulator_work/manipulator_ros2_workspace/install/manipulator_package/share/manipulator_package/hook/pythonpath.ps1'
[4.540s] INFO:colcon.colcon_core.shell:Creating environment descriptor '/home/mscrobotics2425laptop27/Documents/University/robotic_systems_design_project/manipulator_work/manipulator_ros2_workspace/install/manipulator_package/share/manipulator_package/hook/pythonpath.dsv'
[4.542s] INFO:colcon.colcon_core.shell:Creating environment hook '/home/mscrobotics2425laptop27/Documents/University/robotic_systems_design_project/manipulator_work/manipulator_ros2_workspace/install/manipulator_package/share/manipulator_package/hook/pythonpath.sh'
[4.544s] Level 1:colcon.colcon_core.environment:checking '/home/mscrobotics2425laptop27/Documents/University/robotic_systems_design_project/manipulator_work/manipulator_ros2_workspace/install/manipulator_package/bin'
[4.544s] Level 1:colcon.colcon_core.environment:create_environment_scripts_only(manipulator_package)
[4.546s] INFO:colcon.colcon_core.shell:Creating package script '/home/mscrobotics2425laptop27/Documents/University/robotic_systems_design_project/manipulator_work/manipulator_ros2_workspace/install/manipulator_package/share/manipulator_package/package.ps1'
[4.553s] INFO:colcon.colcon_core.shell:Creating package descriptor '/home/mscrobotics2425laptop27/Documents/University/robotic_systems_design_project/manipulator_work/manipulator_ros2_workspace/install/manipulator_package/share/manipulator_package/package.dsv'
[4.556s] INFO:colcon.colcon_core.shell:Creating package script '/home/mscrobotics2425laptop27/Documents/University/robotic_systems_design_project/manipulator_work/manipulator_ros2_workspace/install/manipulator_package/share/manipulator_package/package.sh'
[4.559s] INFO:colcon.colcon_core.shell:Creating package script '/home/mscrobotics2425laptop27/Documents/University/robotic_systems_design_project/manipulator_work/manipulator_ros2_workspace/install/manipulator_package/share/manipulator_package/package.bash'
[4.562s] INFO:colcon.colcon_core.shell:Creating package script '/home/mscrobotics2425laptop27/Documents/University/robotic_systems_design_project/manipulator_work/manipulator_ros2_workspace/install/manipulator_package/share/manipulator_package/package.zsh'
[4.565s] Level 1:colcon.colcon_core.environment:create_file_with_runtime_dependencies(/home/mscrobotics2425laptop27/Documents/University/robotic_systems_design_project/manipulator_work/manipulator_ros2_workspace/install/manipulator_package/share/colcon-core/packages/manipulator_package)
[4.568s] DEBUG:colcon.colcon_parallel_executor.executor.parallel:closing loop
[4.568s] DEBUG:colcon.colcon_parallel_executor.executor.parallel:loop closed
[4.569s] DEBUG:colcon.colcon_parallel_executor.executor.parallel:run_until_complete finished with '0'
[4.570s] DEBUG:colcon.colcon_core.event_reactor:joining thread
[4.593s] INFO:colcon.colcon_core.plugin_system:Skipping extension 'colcon_notification.desktop_notification.terminal_notifier': Not used on non-Darwin systems
[4.594s] INFO:colcon.colcon_core.plugin_system:Skipping extension 'colcon_notification.desktop_notification.win32': Not used on non-Windows systems
[4.595s] INFO:colcon.colcon_notification.desktop_notification:Sending desktop notification using 'notify2'
[4.648s] DEBUG:colcon.colcon_core.event_reactor:joined thread
[4.649s] INFO:colcon.colcon_core.shell:Creating prefix script '/home/mscrobotics2425laptop27/Documents/University/robotic_systems_design_project/manipulator_work/manipulator_ros2_workspace/install/local_setup.ps1'
[4.651s] INFO:colcon.colcon_core.shell:Creating prefix util module '/home/mscrobotics2425laptop27/Documents/University/robotic_systems_design_project/manipulator_work/manipulator_ros2_workspace/install/_local_setup_util_ps1.py'
[4.658s] INFO:colcon.colcon_core.shell:Creating prefix chain script '/home/mscrobotics2425laptop27/Documents/University/robotic_systems_design_project/manipulator_work/manipulator_ros2_workspace/install/setup.ps1'
[4.667s] INFO:colcon.colcon_core.shell:Creating prefix script '/home/mscrobotics2425laptop27/Documents/University/robotic_systems_design_project/manipulator_work/manipulator_ros2_workspace/install/local_setup.sh'
[4.670s] INFO:colcon.colcon_core.shell:Creating prefix util module '/home/mscrobotics2425laptop27/Documents/University/robotic_systems_design_project/manipulator_work/manipulator_ros2_workspace/install/_local_setup_util_sh.py'
[4.672s] INFO:colcon.colcon_core.shell:Creating prefix chain script '/home/mscrobotics2425laptop27/Documents/University/robotic_systems_design_project/manipulator_work/manipulator_ros2_workspace/install/setup.sh'
[4.683s] INFO:colcon.colcon_core.shell:Creating prefix script '/home/mscrobotics2425laptop27/Documents/University/robotic_systems_design_project/manipulator_work/manipulator_ros2_workspace/install/local_setup.bash'
[4.687s] INFO:colcon.colcon_core.shell:Creating prefix chain script '/home/mscrobotics2425laptop27/Documents/University/robotic_systems_design_project/manipulator_work/manipulator_ros2_workspace/install/setup.bash'
[4.696s] INFO:colcon.colcon_core.shell:Creating prefix script '/home/mscrobotics2425laptop27/Documents/University/robotic_systems_design_project/manipulator_work/manipulator_ros2_workspace/install/local_setup.zsh'
[4.701s] INFO:colcon.colcon_core.shell:Creating prefix chain script '/home/mscrobotics2425laptop27/Documents/University/robotic_systems_design_project/manipulator_work/manipulator_ros2_workspace/install/setup.zsh'
