[0.020s] Invoking command in '/home/mscrobotics2425laptop27/Documents/University/robotic_systems_design_project/RoboticDesign---Team-10/manipulator_work/manipulator_ros2_workspace/build/moveit_task_constructor_core': AMENT_PREFIX_PATH=/home/mscrobotics2425laptop27/Documents/University/robotic_systems_design_project/RoboticDesign---Team-10/manipulator_work/manipulator_ros2_workspace/install/rviz_marker_tools:/home/mscrobotics2425laptop27/Documents/University/robotic_systems_design_project/RoboticDesign---Team-10/manipulator_work/manipulator_ros2_workspace/install/moveit_task_constructor_msgs:${AMENT_PREFIX_PATH} CMAKE_PREFIX_PATH=/home/mscrobotics2425laptop27/Documents/University/robotic_systems_design_project/RoboticDesign---Team-10/manipulator_work/manipulator_ros2_workspace/install/rviz_marker_tools:/home/mscrobotics2425laptop27/Documents/University/robotic_systems_design_project/RoboticDesign---Team-10/manipulator_work/manipulator_ros2_workspace/install/moveit_task_constructor_msgs:/home/mscrobotics2425laptop27/interbotix_ws/install/interbotix_ros_xsarms_examples:/home/mscrobotics2425laptop27/interbotix_ws/install/interbotix_xsarm_moveit_interface:/home/mscrobotics2425laptop27/interbotix_ws/install/interbotix_moveit_interface:/home/mscrobotics2425laptop27/interbotix_ws/install/moveit_visual_tools:/home/mscrobotics2425laptop27/interbotix_ws/install/interbotix_ros_xsarms:/home/mscrobotics2425laptop27/interbotix_ws/install/interbotix_xsarm_moveit:/home/mscrobotics2425laptop27/interbotix_ws/install/interbotix_xsarm_sim:/home/mscrobotics2425laptop27/interbotix_ws/install/interbotix_xsarm_ros_control:/home/mscrobotics2425laptop27/interbotix_ws/install/interbotix_xsarm_puppet:/home/mscrobotics2425laptop27/interbotix_ws/install/interbotix_xsarm_perception:/home/mscrobotics2425laptop27/interbotix_ws/install/interbotix_xsarm_joy:/home/mscrobotics2425laptop27/interbotix_ws/install/interbotix_xsarm_gravity_compensation:/home/mscrobotics2425laptop27/interbotix_ws/install/interbotix_xsarm_dual:/home/mscrobotics2425laptop27/interbotix_ws/install/interbotix_xsarm_control:/home/mscrobotics2425laptop27/interbotix_ws/install/interbotix_xsarm_descriptions:/home/mscrobotics2425laptop27/interbotix_ws/install/interbotix_xs_toolbox:/home/mscrobotics2425laptop27/interbotix_ws/install/interbotix_xs_rviz:/home/mscrobotics2425laptop27/interbotix_ws/install/interbotix_ros_xseries:/home/mscrobotics2425laptop27/interbotix_ws/install/interbotix_xs_sdk:/home/mscrobotics2425laptop27/interbotix_ws/install/interbotix_xs_ros_control:/home/mscrobotics2425laptop27/interbotix_ws/install/interbotix_perception_toolbox:/home/mscrobotics2425laptop27/interbotix_ws/install/interbotix_common_toolbox:/home/mscrobotics2425laptop27/interbotix_ws/install/interbotix_gravity_compensation:/home/mscrobotics2425laptop27/interbotix_ws/install/interbotix_xs_msgs:/home/mscrobotics2425laptop27/interbotix_ws/install/interbotix_xs_driver:/home/mscrobotics2425laptop27/interbotix_ws/install/interbotix_tf_tools:/home/mscrobotics2425laptop27/interbotix_ws/install/interbotix_perception_pipelines:/home/mscrobotics2425laptop27/interbotix_ws/install/interbotix_perception_msgs:/home/mscrobotics2425laptop27/interbotix_ws/install/interbotix_moveit_interface_msgs:/home/mscrobotics2425laptop27/interbotix_ws/install/interbotix_common_sim:/home/mscrobotics2425laptop27/interbotix_ws/install/dynamixel_workbench_toolbox:/home/mscrobotics2425laptop27/apriltag_ws/install/apriltag_ros:/home/mscrobotics2425laptop27/interbotix_ws/install/interbotix_xs_modules:/home/mscrobotics2425laptop27/interbotix_ws/install/interbotix_perception_modules:/home/mscrobotics2425laptop27/interbotix_ws/install/interbotix_common_modules:/opt/ros/humble LD_LIBRARY_PATH=/home/mscrobotics2425laptop27/Documents/University/robotic_systems_design_project/RoboticDesign---Team-10/manipulator_work/manipulator_ros2_workspace/install/rviz_marker_tools/lib:/home/mscrobotics2425laptop27/Documents/University/robotic_systems_design_project/RoboticDesign---Team-10/manipulator_work/manipulator_ros2_workspace/install/moveit_task_constructor_msgs/lib:${LD_LIBRARY_PATH} PYTHONPATH=/home/mscrobotics2425laptop27/Documents/University/robotic_systems_design_project/RoboticDesign---Team-10/manipulator_work/manipulator_ros2_workspace/install/moveit_task_constructor_msgs/local/lib/python3.10/dist-packages:${PYTHONPATH} /usr/bin/cmake /home/mscrobotics2425laptop27/Documents/University/robotic_systems_design_project/RoboticDesign---Team-10/manipulator_work/manipulator_ros2_workspace/src/moveit_task_constructor/core -DCMAKE_INSTALL_PREFIX=/home/mscrobotics2425laptop27/Documents/University/robotic_systems_design_project/RoboticDesign---Team-10/manipulator_work/manipulator_ros2_workspace/install/moveit_task_constructor_core
[0.103s] -- The C compiler identification is GNU 11.4.0
[0.190s] -- The CXX compiler identification is GNU 11.4.0
[0.206s] -- Detecting C compiler ABI info
[0.312s] -- Detecting C compiler ABI info - done
[0.325s] -- Check for working C compiler: /usr/bin/cc - skipped
[0.326s] -- Detecting C compile features
[0.327s] -- Detecting C compile features - done
[0.331s] -- Detecting CXX compiler ABI info
[0.440s] -- Detecting CXX compiler ABI info - done
[0.453s] -- Check for working CXX compiler: /usr/bin/c++ - skipped
[0.453s] -- Detecting CXX compile features
[0.454s] -- Detecting CXX compile features - done
[0.470s] -- Found ament_cmake: 1.3.11 (/opt/ros/humble/share/ament_cmake/cmake)
[0.643s] -- Found Python3: /usr/bin/python3 (found version "3.10.12") found components: Interpreter 
[0.796s] -- Found Boost: /usr/lib/x86_64-linux-gnu/cmake/Boost-1.74.0/BoostConfig.cmake (found version "1.74.0")  
[0.803s] -- Found geometry_msgs: 4.2.4 (/opt/ros/humble/share/geometry_msgs/cmake)
[0.853s] -- Found rosidl_generator_c: 3.1.6 (/opt/ros/humble/share/rosidl_generator_c/cmake)
[0.877s] -- Found rosidl_adapter: 3.1.6 (/opt/ros/humble/share/rosidl_adapter/cmake)
[0.893s] -- Found rosidl_generator_cpp: 3.1.6 (/opt/ros/humble/share/rosidl_generator_cpp/cmake)
[0.908s] -- Using all available rosidl_typesupport_c: rosidl_typesupport_fastrtps_c;rosidl_typesupport_introspection_c
[0.925s] -- Using all available rosidl_typesupport_cpp: rosidl_typesupport_fastrtps_cpp;rosidl_typesupport_introspection_cpp
[0.991s] -- Found moveit_common: 2.5.8 (/opt/ros/humble/share/moveit_common/cmake)
[1.052s] [0mmoveit_task_constructor_core: You did not request a specific build type: Choosing 'Release' for maximum performance[0m
[1.055s] -- Found moveit_core: 2.5.8 (/opt/ros/humble/share/moveit_core/cmake)
[1.235s] -- Found Boost: /usr/lib/x86_64-linux-gnu/cmake/Boost-1.74.0/BoostConfig.cmake (found version "1.74.0") found components: chrono date_time filesystem iostreams program_options regex serialization system thread 
[1.325s] -- Found parameter_traits: 0.4.0 (/opt/ros/humble/share/parameter_traits/cmake)
[1.403s] -- Found rmw_implementation_cmake: 6.1.2 (/opt/ros/humble/share/rmw_implementation_cmake/cmake)
[1.408s] -- Found rmw_fastrtps_cpp: 6.2.7 (/opt/ros/humble/share/rmw_fastrtps_cpp/cmake)
[1.546s] -- Found OpenSSL: /usr/lib/x86_64-linux-gnu/libcrypto.so (found version "3.0.2")  
[1.605s] -- Found FastRTPS: /opt/ros/humble/include  
[1.682s] -- Using RMW implementation 'rmw_fastrtps_cpp' as default
[1.696s] -- Found Threads: TRUE  
[1.741s] -- Found Eigen3: TRUE (found version "3.4.0") 
[1.747s] -- Found rclcpp_lifecycle: 16.0.11 (/opt/ros/humble/share/rclcpp_lifecycle/cmake)
[1.796s] -- Found Boost: /usr/lib/x86_64-linux-gnu/cmake/Boost-1.74.0/BoostConfig.cmake (found version "1.74.0") found components: filesystem 
[1.941s] -- library: /usr/lib/x86_64-linux-gnu/libcurl.so
[2.030s] -- Ensuring Eigen3 include directory is part of orocos-kdl CMake target
[2.404s] -- Found moveit_ros_planning: 2.5.8 (/opt/ros/humble/share/moveit_ros_planning/cmake)
[2.409s] -- Found Boost: /usr/lib/x86_64-linux-gnu/cmake/Boost-1.74.0/BoostConfig.cmake (found version "1.74.0") found components: system filesystem date_time program_options thread chrono 
[2.429s] -- Found moveit_ros_planning_interface: 2.5.8 (/opt/ros/humble/share/moveit_ros_planning_interface/cmake)
[2.434s] -- Found Boost: /usr/lib/x86_64-linux-gnu/cmake/Boost-1.74.0/BoostConfig.cmake (found version "1.74.0") found components: date_time filesystem program_options system thread 
[2.455s] -- Found Boost: /usr/lib/x86_64-linux-gnu/cmake/Boost-1.74.0/BoostConfig.cmake (found version "1.74.0") found components: thread system filesystem regex date_time program_options 
[2.516s] -- Found Boost: /usr/lib/x86_64-linux-gnu/cmake/Boost-1.74.0/BoostConfig.cmake (found version "1.74.0") found components: system filesystem date_time program_options thread 
[2.541s] -- Found moveit_task_constructor_msgs: 0.1.3 (/home/mscrobotics2425laptop27/Documents/University/robotic_systems_design_project/RoboticDesign---Team-10/manipulator_work/manipulator_ros2_workspace/install/moveit_task_constructor_msgs/share/moveit_task_constructor_msgs/cmake)
[2.584s] -- Found py_binding_tools: 2.0.1 (/opt/ros/humble/share/py_binding_tools/cmake)
[2.586s] -- Found rviz_marker_tools: 0.1.3 (/home/mscrobotics2425laptop27/Documents/University/robotic_systems_design_project/RoboticDesign---Team-10/manipulator_work/manipulator_ros2_workspace/install/rviz_marker_tools/share/rviz_marker_tools/cmake)
[2.830s] -- Found Python3: /usr/bin/python3 (found version "3.10.12") found components: Interpreter Development Development.Module Development.Embed 
[2.843s] -- pybind11 v2.13.0 dev1
[2.887s] -- Found PythonInterp: /usr/bin/python3 (found suitable version "3.10.12", minimum required is "3.6") 
[2.911s] -- Found PythonLibs: /usr/lib/x86_64-linux-gnu/libpython3.10.so
[2.913s] -- Performing Test HAS_FLTO
[3.114s] -- Performing Test HAS_FLTO - Success
[3.121s] -- Found ament_cmake_pytest: 1.3.11 (/opt/ros/humble/share/ament_cmake_pytest/cmake)
[3.124s] -- Found launch_testing_ament_cmake: 1.0.7 (/opt/ros/humble/share/launch_testing_ament_cmake/cmake)
[3.128s] -- Found python_cmake_module: 0.10.0 (/opt/ros/humble/share/python_cmake_module/cmake)
[3.217s] -- Found PythonLibs: /usr/lib/x86_64-linux-gnu/libpython3.10.so (found suitable version "3.10.12", minimum required is "3.5") 
[3.217s] -- Using PYTHON_EXECUTABLE: /usr/bin/python3
[3.217s] -- Using PYTHON_INCLUDE_DIRS: /usr/include/python3.10
[3.217s] -- Using PYTHON_LIBRARIES: /usr/lib/x86_64-linux-gnu/libpython3.10.so
[3.246s] -- Found PythonExtra: .so  
[3.622s] -- Found ament_cmake_gtest: 1.3.11 (/opt/ros/humble/share/ament_cmake_gtest/cmake)
[3.628s] -- Found ament_cmake_gmock: 1.3.11 (/opt/ros/humble/share/ament_cmake_gmock/cmake)
[3.629s] -- Found launch_testing_ament_cmake: 1.0.7 (/opt/ros/humble/share/launch_testing_ament_cmake/cmake)
[3.630s] -- Found python_cmake_module: 0.10.0 (/opt/ros/humble/share/python_cmake_module/cmake)
[3.670s] -- Using PYTHON_EXECUTABLE: /usr/bin/python3
[3.670s] -- Using PYTHON_INCLUDE_DIRS: /usr/include/python3.10
[3.671s] -- Using PYTHON_LIBRARIES: /usr/lib/x86_64-linux-gnu/libpython3.10.so
[3.675s] -- Found gmock sources under '/opt/ros/humble/src/gmock_vendor': C++ tests using 'Google Mock' will be built
[3.683s] -- Found gtest sources under '/opt/ros/humble/src/gtest_vendor': C++ tests using 'Google Test' will be built
[3.715s] -- Configuring done
[4.227s] -- Generating done
[4.400s] -- Build files have been written to: /home/mscrobotics2425laptop27/Documents/University/robotic_systems_design_project/RoboticDesign---Team-10/manipulator_work/manipulator_ros2_workspace/build/moveit_task_constructor_core
[4.427s] Invoked command in '/home/mscrobotics2425laptop27/Documents/University/robotic_systems_design_project/RoboticDesign---Team-10/manipulator_work/manipulator_ros2_workspace/build/moveit_task_constructor_core' returned '0': AMENT_PREFIX_PATH=/home/mscrobotics2425laptop27/Documents/University/robotic_systems_design_project/RoboticDesign---Team-10/manipulator_work/manipulator_ros2_workspace/install/rviz_marker_tools:/home/mscrobotics2425laptop27/Documents/University/robotic_systems_design_project/RoboticDesign---Team-10/manipulator_work/manipulator_ros2_workspace/install/moveit_task_constructor_msgs:${AMENT_PREFIX_PATH} CMAKE_PREFIX_PATH=/home/mscrobotics2425laptop27/Documents/University/robotic_systems_design_project/RoboticDesign---Team-10/manipulator_work/manipulator_ros2_workspace/install/rviz_marker_tools:/home/mscrobotics2425laptop27/Documents/University/robotic_systems_design_project/RoboticDesign---Team-10/manipulator_work/manipulator_ros2_workspace/install/moveit_task_constructor_msgs:/home/mscrobotics2425laptop27/interbotix_ws/install/interbotix_ros_xsarms_examples:/home/mscrobotics2425laptop27/interbotix_ws/install/interbotix_xsarm_moveit_interface:/home/mscrobotics2425laptop27/interbotix_ws/install/interbotix_moveit_interface:/home/mscrobotics2425laptop27/interbotix_ws/install/moveit_visual_tools:/home/mscrobotics2425laptop27/interbotix_ws/install/interbotix_ros_xsarms:/home/mscrobotics2425laptop27/interbotix_ws/install/interbotix_xsarm_moveit:/home/mscrobotics2425laptop27/interbotix_ws/install/interbotix_xsarm_sim:/home/mscrobotics2425laptop27/interbotix_ws/install/interbotix_xsarm_ros_control:/home/mscrobotics2425laptop27/interbotix_ws/install/interbotix_xsarm_puppet:/home/mscrobotics2425laptop27/interbotix_ws/install/interbotix_xsarm_perception:/home/mscrobotics2425laptop27/interbotix_ws/install/interbotix_xsarm_joy:/home/mscrobotics2425laptop27/interbotix_ws/install/interbotix_xsarm_gravity_compensation:/home/mscrobotics2425laptop27/interbotix_ws/install/interbotix_xsarm_dual:/home/mscrobotics2425laptop27/interbotix_ws/install/interbotix_xsarm_control:/home/mscrobotics2425laptop27/interbotix_ws/install/interbotix_xsarm_descriptions:/home/mscrobotics2425laptop27/interbotix_ws/install/interbotix_xs_toolbox:/home/mscrobotics2425laptop27/interbotix_ws/install/interbotix_xs_rviz:/home/mscrobotics2425laptop27/interbotix_ws/install/interbotix_ros_xseries:/home/mscrobotics2425laptop27/interbotix_ws/install/interbotix_xs_sdk:/home/mscrobotics2425laptop27/interbotix_ws/install/interbotix_xs_ros_control:/home/mscrobotics2425laptop27/interbotix_ws/install/interbotix_perception_toolbox:/home/mscrobotics2425laptop27/interbotix_ws/install/interbotix_common_toolbox:/home/mscrobotics2425laptop27/interbotix_ws/install/interbotix_gravity_compensation:/home/mscrobotics2425laptop27/interbotix_ws/install/interbotix_xs_msgs:/home/mscrobotics2425laptop27/interbotix_ws/install/interbotix_xs_driver:/home/mscrobotics2425laptop27/interbotix_ws/install/interbotix_tf_tools:/home/mscrobotics2425laptop27/interbotix_ws/install/interbotix_perception_pipelines:/home/mscrobotics2425laptop27/interbotix_ws/install/interbotix_perception_msgs:/home/mscrobotics2425laptop27/interbotix_ws/install/interbotix_moveit_interface_msgs:/home/mscrobotics2425laptop27/interbotix_ws/install/interbotix_common_sim:/home/mscrobotics2425laptop27/interbotix_ws/install/dynamixel_workbench_toolbox:/home/mscrobotics2425laptop27/apriltag_ws/install/apriltag_ros:/home/mscrobotics2425laptop27/interbotix_ws/install/interbotix_xs_modules:/home/mscrobotics2425laptop27/interbotix_ws/install/interbotix_perception_modules:/home/mscrobotics2425laptop27/interbotix_ws/install/interbotix_common_modules:/opt/ros/humble LD_LIBRARY_PATH=/home/mscrobotics2425laptop27/Documents/University/robotic_systems_design_project/RoboticDesign---Team-10/manipulator_work/manipulator_ros2_workspace/install/rviz_marker_tools/lib:/home/mscrobotics2425laptop27/Documents/University/robotic_systems_design_project/RoboticDesign---Team-10/manipulator_work/manipulator_ros2_workspace/install/moveit_task_constructor_msgs/lib:${LD_LIBRARY_PATH} PYTHONPATH=/home/mscrobotics2425laptop27/Documents/University/robotic_systems_design_project/RoboticDesign---Team-10/manipulator_work/manipulator_ros2_workspace/install/moveit_task_constructor_msgs/local/lib/python3.10/dist-packages:${PYTHONPATH} /usr/bin/cmake /home/mscrobotics2425laptop27/Documents/University/robotic_systems_design_project/RoboticDesign---Team-10/manipulator_work/manipulator_ros2_workspace/src/moveit_task_constructor/core -DCMAKE_INSTALL_PREFIX=/home/mscrobotics2425laptop27/Documents/University/robotic_systems_design_project/RoboticDesign---Team-10/manipulator_work/manipulator_ros2_workspace/install/moveit_task_constructor_core
[4.429s] Invoking command in '/home/mscrobotics2425laptop27/Documents/University/robotic_systems_design_project/RoboticDesign---Team-10/manipulator_work/manipulator_ros2_workspace/build/moveit_task_constructor_core': AMENT_PREFIX_PATH=/home/mscrobotics2425laptop27/Documents/University/robotic_systems_design_project/RoboticDesign---Team-10/manipulator_work/manipulator_ros2_workspace/install/rviz_marker_tools:/home/mscrobotics2425laptop27/Documents/University/robotic_systems_design_project/RoboticDesign---Team-10/manipulator_work/manipulator_ros2_workspace/install/moveit_task_constructor_msgs:${AMENT_PREFIX_PATH} CMAKE_PREFIX_PATH=/home/mscrobotics2425laptop27/Documents/University/robotic_systems_design_project/RoboticDesign---Team-10/manipulator_work/manipulator_ros2_workspace/install/rviz_marker_tools:/home/mscrobotics2425laptop27/Documents/University/robotic_systems_design_project/RoboticDesign---Team-10/manipulator_work/manipulator_ros2_workspace/install/moveit_task_constructor_msgs:/home/mscrobotics2425laptop27/interbotix_ws/install/interbotix_ros_xsarms_examples:/home/mscrobotics2425laptop27/interbotix_ws/install/interbotix_xsarm_moveit_interface:/home/mscrobotics2425laptop27/interbotix_ws/install/interbotix_moveit_interface:/home/mscrobotics2425laptop27/interbotix_ws/install/moveit_visual_tools:/home/mscrobotics2425laptop27/interbotix_ws/install/interbotix_ros_xsarms:/home/mscrobotics2425laptop27/interbotix_ws/install/interbotix_xsarm_moveit:/home/mscrobotics2425laptop27/interbotix_ws/install/interbotix_xsarm_sim:/home/mscrobotics2425laptop27/interbotix_ws/install/interbotix_xsarm_ros_control:/home/mscrobotics2425laptop27/interbotix_ws/install/interbotix_xsarm_puppet:/home/mscrobotics2425laptop27/interbotix_ws/install/interbotix_xsarm_perception:/home/mscrobotics2425laptop27/interbotix_ws/install/interbotix_xsarm_joy:/home/mscrobotics2425laptop27/interbotix_ws/install/interbotix_xsarm_gravity_compensation:/home/mscrobotics2425laptop27/interbotix_ws/install/interbotix_xsarm_dual:/home/mscrobotics2425laptop27/interbotix_ws/install/interbotix_xsarm_control:/home/mscrobotics2425laptop27/interbotix_ws/install/interbotix_xsarm_descriptions:/home/mscrobotics2425laptop27/interbotix_ws/install/interbotix_xs_toolbox:/home/mscrobotics2425laptop27/interbotix_ws/install/interbotix_xs_rviz:/home/mscrobotics2425laptop27/interbotix_ws/install/interbotix_ros_xseries:/home/mscrobotics2425laptop27/interbotix_ws/install/interbotix_xs_sdk:/home/mscrobotics2425laptop27/interbotix_ws/install/interbotix_xs_ros_control:/home/mscrobotics2425laptop27/interbotix_ws/install/interbotix_perception_toolbox:/home/mscrobotics2425laptop27/interbotix_ws/install/interbotix_common_toolbox:/home/mscrobotics2425laptop27/interbotix_ws/install/interbotix_gravity_compensation:/home/mscrobotics2425laptop27/interbotix_ws/install/interbotix_xs_msgs:/home/mscrobotics2425laptop27/interbotix_ws/install/interbotix_xs_driver:/home/mscrobotics2425laptop27/interbotix_ws/install/interbotix_tf_tools:/home/mscrobotics2425laptop27/interbotix_ws/install/interbotix_perception_pipelines:/home/mscrobotics2425laptop27/interbotix_ws/install/interbotix_perception_msgs:/home/mscrobotics2425laptop27/interbotix_ws/install/interbotix_moveit_interface_msgs:/home/mscrobotics2425laptop27/interbotix_ws/install/interbotix_common_sim:/home/mscrobotics2425laptop27/interbotix_ws/install/dynamixel_workbench_toolbox:/home/mscrobotics2425laptop27/apriltag_ws/install/apriltag_ros:/home/mscrobotics2425laptop27/interbotix_ws/install/interbotix_xs_modules:/home/mscrobotics2425laptop27/interbotix_ws/install/interbotix_perception_modules:/home/mscrobotics2425laptop27/interbotix_ws/install/interbotix_common_modules:/opt/ros/humble LD_LIBRARY_PATH=/home/mscrobotics2425laptop27/Documents/University/robotic_systems_design_project/RoboticDesign---Team-10/manipulator_work/manipulator_ros2_workspace/install/rviz_marker_tools/lib:/home/mscrobotics2425laptop27/Documents/University/robotic_systems_design_project/RoboticDesign---Team-10/manipulator_work/manipulator_ros2_workspace/install/moveit_task_constructor_msgs/lib:${LD_LIBRARY_PATH} PYTHONPATH=/home/mscrobotics2425laptop27/Documents/University/robotic_systems_design_project/RoboticDesign---Team-10/manipulator_work/manipulator_ros2_workspace/install/moveit_task_constructor_msgs/local/lib/python3.10/dist-packages:${PYTHONPATH} /usr/bin/cmake --build /home/mscrobotics2425laptop27/Documents/University/robotic_systems_design_project/RoboticDesign---Team-10/manipulator_work/manipulator_ros2_workspace/build/moveit_task_constructor_core -- -j12 -l12
[4.509s] [  1%] [32mBuilding CXX object gtest/CMakeFiles/gtest_main.dir/src/gtest_main.cc.o[0m
[4.511s] [  2%] [32mBuilding CXX object gmock/CMakeFiles/gmock.dir/opt/ros/humble/src/gtest_vendor/src/gtest-all.cc.o[0m
[4.512s] [  3%] [32mBuilding CXX object gmock/CMakeFiles/gmock_main.dir/src/gmock_main.cc.o[0m
[4.512s] [  5%] [32mBuilding CXX object gtest/CMakeFiles/gtest.dir/src/gtest-all.cc.o[0m
[4.512s] [  5%] [32mBuilding CXX object gmock/CMakeFiles/gmock.dir/src/gmock-all.cc.o[0m
[4.515s] [  7%] [32mBuilding CXX object src/CMakeFiles/moveit_task_constructor_core.dir/container.cpp.o[0m
[4.515s] [  8%] [32mBuilding CXX object src/CMakeFiles/moveit_task_constructor_core.dir/cost_terms.cpp.o[0m
[4.516s] [  9%] [32mBuilding CXX object src/CMakeFiles/moveit_task_constructor_core.dir/introspection.cpp.o[0m
[4.517s] [ 10%] [32mBuilding CXX object src/CMakeFiles/moveit_task_constructor_core.dir/marker_tools.cpp.o[0m
[4.517s] [ 10%] Built target ament_cmake_python_copy_moveit
[4.519s] [ 11%] [32mBuilding CXX object src/CMakeFiles/moveit_task_constructor_core.dir/merge.cpp.o[0m
[4.519s] [ 12%] [32mBuilding CXX object src/CMakeFiles/moveit_task_constructor_core.dir/properties.cpp.o[0m
[5.731s] running egg_info
[5.731s] creating moveit.egg-info
[5.731s] writing moveit.egg-info/PKG-INFO
[5.732s] writing dependency_links to moveit.egg-info/dependency_links.txt
[5.732s] writing top-level names to moveit.egg-info/top_level.txt
[5.732s] writing manifest file 'moveit.egg-info/SOURCES.txt'
[5.741s] reading manifest file 'moveit.egg-info/SOURCES.txt'
[5.743s] writing manifest file 'moveit.egg-info/SOURCES.txt'
[5.829s] [ 12%] Built target ament_cmake_python_build_moveit_egg
[5.841s] [ 14%] [32mBuilding CXX object src/CMakeFiles/moveit_task_constructor_core.dir/stage.cpp.o[0m
[7.338s] [ 15%] [32m[1mLinking CXX static library libgtest_main.a[0m
[7.439s] [ 15%] Built target gtest_main
[7.457s] [ 16%] [32mBuilding CXX object src/CMakeFiles/moveit_task_constructor_core.dir/storage.cpp.o[0m
[9.153s] [ 17%] [32m[1mLinking CXX static library libgmock_main.a[0m
[9.243s] [ 17%] Built target gmock_main
[9.257s] [ 18%] [32mBuilding CXX object src/CMakeFiles/moveit_task_constructor_core.dir/task.cpp.o[0m
[13.419s] [ 20%] [32mBuilding CXX object src/CMakeFiles/moveit_task_constructor_core.dir/utils.cpp.o[0m
[17.237s] [ 21%] [32mBuilding CXX object src/CMakeFiles/moveit_task_constructor_core.dir/solvers/planner_interface.cpp.o[0m
[29.076s] [ 22%] [32mBuilding CXX object src/CMakeFiles/moveit_task_constructor_core.dir/solvers/cartesian_path.cpp.o[0m
[32.756s] [ 23%] [32mBuilding CXX object src/CMakeFiles/moveit_task_constructor_core.dir/solvers/joint_interpolation.cpp.o[0m
[33.430s] [ 24%] [32m[1mLinking CXX static library libgmock.a[0m
[33.464s] [ 25%] [32m[1mLinking CXX static library libgtest.a[0m
[33.543s] [ 25%] Built target gmock
[33.549s] [ 25%] Built target gtest
[33.557s] [ 27%] [32mBuilding CXX object src/CMakeFiles/moveit_task_constructor_core.dir/solvers/pipeline_planner.cpp.o[0m
[33.560s] [ 28%] [32mBuilding CXX object src/CMakeFiles/moveit_task_constructor_core.dir/solvers/multi_planner.cpp.o[0m
[60.747s] [ 29%] [32m[1mLinking CXX shared library libmoveit_task_constructor_core.so[0m
[61.202s] [ 29%] Built target moveit_task_constructor_core
[61.241s] [ 31%] [32mBuilding CXX object test/CMakeFiles/gtest_utils.dir/gtest_value_printers.cpp.o[0m
[61.241s] [ 32%] [32mBuilding CXX object test/CMakeFiles/gtest_utils.dir/models.cpp.o[0m
[61.241s] [ 32%] [32mBuilding CXX object test/CMakeFiles/gtest_utils.dir/stage_mockups.cpp.o[0m
[61.243s] [ 34%] [32mBuilding CXX object src/stages/CMakeFiles/moveit_task_constructor_core_stages.dir/fix_collision_objects.cpp.o[0m
[61.244s] [ 36%] [32mBuilding CXX object src/stages/CMakeFiles/moveit_task_constructor_core_stages.dir/modify_planning_scene.cpp.o[0m
[61.244s] [ 36%] [32mBuilding CXX object src/stages/CMakeFiles/moveit_task_constructor_core_stages.dir/current_state.cpp.o[0m
[61.244s] [ 38%] [32mBuilding CXX object src/stages/CMakeFiles/moveit_task_constructor_core_stages.dir/fixed_state.cpp.o[0m
[61.245s] [ 38%] [32mBuilding CXX object src/stages/CMakeFiles/moveit_task_constructor_core_stages.dir/generate_pose.cpp.o[0m
[61.245s] [ 40%] [32mBuilding CXX object src/stages/CMakeFiles/moveit_task_constructor_core_stages.dir/fixed_cartesian_poses.cpp.o[0m
[61.245s] [ 41%] [32mBuilding CXX object src/stages/CMakeFiles/moveit_task_constructor_core_stages.dir/generate_random_pose.cpp.o[0m
[61.248s] [ 42%] [32mBuilding CXX object src/stages/CMakeFiles/moveit_task_constructor_core_stages.dir/generate_place_pose.cpp.o[0m
[61.248s] [ 43%] [32mBuilding CXX object src/stages/CMakeFiles/moveit_task_constructor_core_stages.dir/generate_grasp_pose.cpp.o[0m
[78.514s] [ 44%] [32mBuilding CXX object src/stages/CMakeFiles/moveit_task_constructor_core_stages.dir/compute_ik.cpp.o[0m
[78.718s] [ 45%] [32mBuilding CXX object src/stages/CMakeFiles/moveit_task_constructor_core_stages.dir/passthrough.cpp.o[0m
[85.994s] [ 47%] [32mBuilding CXX object src/stages/CMakeFiles/moveit_task_constructor_core_stages.dir/predicate_filter.cpp.o[0m
[89.602s] [ 48%] [32mBuilding CXX object src/stages/CMakeFiles/moveit_task_constructor_core_stages.dir/connect.cpp.o[0m
[90.162s] [ 49%] [32m[1mLinking CXX shared library libgtest_utils.so[0m
[90.856s] [ 49%] Built target gtest_utils
[90.891s] [ 50%] [32mBuilding CXX object src/stages/CMakeFiles/moveit_task_constructor_core_stages.dir/move_to.cpp.o[0m
[91.385s] [ 51%] [32mBuilding CXX object src/stages/CMakeFiles/moveit_task_constructor_core_stages.dir/move_relative.cpp.o[0m
[92.253s] [ 52%] [32mBuilding CXX object src/stages/CMakeFiles/moveit_task_constructor_core_stages.dir/simple_grasp.cpp.o[0m
[93.199s] [ 54%] [32mBuilding CXX object src/stages/CMakeFiles/moveit_task_constructor_core_stages.dir/pick.cpp.o[0m
[123.037s] [ 55%] [32m[1mLinking CXX shared library libmoveit_task_constructor_core_stages.so[0m
[123.367s] [ 55%] Built target moveit_task_constructor_core_stages
[123.401s] [ 56%] [32mBuilding CXX object src/stages/CMakeFiles/moveit_task_constructor_core_stage_plugins.dir/plugins.cpp.o[0m
[123.406s] [ 57%] [32mBuilding CXX object test/CMakeFiles/moveit_task_constructor_core-test-mockups.dir/test_mockups.cpp.o[0m
[123.408s] [ 60%] [32mBuilding CXX object test/CMakeFiles/moveit_task_constructor_core-test-stage.dir/test_stage.cpp.o[0m
[123.408s] [ 61%] [32mBuilding CXX object test/CMakeFiles/moveit_task_constructor_core-test-container.dir/test_container.cpp.o[0m
[123.408s] [ 62%] [32mBuilding CXX object test/CMakeFiles/moveit_task_constructor_core-test-pruning.dir/test_pruning.cpp.o[0m
[123.409s] [ 62%] [32mBuilding CXX object python/bindings/CMakeFiles/pymoveit_mtc.dir/src/properties.cpp.o[0m
[123.413s] [ 63%] [32mBuilding CXX object test/CMakeFiles/moveit_task_constructor_core-test-serial.dir/test_serial.cpp.o[0m
[123.414s] [ 64%] [32mBuilding CXX object test/CMakeFiles/moveit_task_constructor_core-test-properties.dir/test_properties.cpp.o[0m
[123.422s] [ 65%] [32mBuilding CXX object test/CMakeFiles/moveit_task_constructor_core-test-cost-queue.dir/test_cost_queue.cpp.o[0m
[123.423s] [ 67%] [32mBuilding CXX object test/CMakeFiles/moveit_task_constructor_core-test-fallback.dir/test_fallback.cpp.o[0m
[123.427s] [ 68%] [32mBuilding CXX object test/CMakeFiles/moveit_task_constructor_core-test-cost-terms.dir/test_cost_terms.cpp.o[0m
[123.433s] [ 69%] [32mBuilding CXX object test/CMakeFiles/moveit_task_constructor_core-test-interface-state.dir/test_interface_state.cpp.o[0m
[131.302s] [ 70%] [32m[1mLinking CXX shared library libmoveit_task_constructor_core_stage_plugins.so[0m
[132.011s] [ 70%] Built target moveit_task_constructor_core_stage_plugins
[132.072s] [ 71%] [32mBuilding CXX object test/CMakeFiles/moveit_task_constructor_core-test-move-to.dir/test_move_to.cpp.o[0m
[134.236s] [ 72%] [32m[1mLinking CXX executable moveit_task_constructor_core-test-properties[0m
[135.322s] [ 72%] Built target moveit_task_constructor_core-test-properties
[135.337s] [ 74%] [32mBuilding CXX object python/bindings/CMakeFiles/pymoveit_mtc.dir/src/solvers.cpp.o[0m
[140.287s] [ 75%] [32m[1mLinking CXX executable moveit_task_constructor_core-test-cost-queue[0m
[141.555s] [ 75%] Built target moveit_task_constructor_core-test-cost-queue
[141.577s] [ 76%] [32mBuilding CXX object python/bindings/CMakeFiles/pymoveit_mtc.dir/src/core.cpp.o[0m
[146.922s] [ 77%] [32mBuilding CXX object test/CMakeFiles/moveit_task_constructor_core-test-move-relative.dir/test_move_relative.cpp.o[0m
[155.247s] [ 78%] [32m[1mLinking CXX executable moveit_task_constructor_core-test-serial[0m
[155.828s] [ 80%] [32m[1mLinking CXX executable moveit_task_constructor_core-test-stage[0m
[156.008s] [ 81%] [32m[1mLinking CXX executable moveit_task_constructor_core-test-interface-state[0m
[156.253s] [ 81%] Built target moveit_task_constructor_core-test-serial
[156.265s] [ 82%] [32mBuilding CXX object python/bindings/CMakeFiles/pymoveit_mtc.dir/src/stages.cpp.o[0m
[157.067s] [ 82%] Built target moveit_task_constructor_core-test-interface-state
[157.084s] [ 83%] [32mBuilding CXX object python/bindings/CMakeFiles/pymoveit_mtc.dir/src/module.cpp.o[0m
[157.408s] [ 83%] Built target moveit_task_constructor_core-test-stage
[157.453s] [ 84%] [32mBuilding CXX object test/CMakeFiles/pick_ur5.dir/pick_ur5.cpp.o[0m
[161.002s] [ 85%] [32m[1mLinking CXX executable moveit_task_constructor_core-test-pruning[0m
[162.280s] [ 85%] Built target moveit_task_constructor_core-test-pruning
[162.352s] [ 87%] [32mBuilding CXX object test/CMakeFiles/pick_pr2.dir/pick_pr2.cpp.o[0m
[163.302s] [ 88%] [32mBuilding CXX object test/CMakeFiles/pick_pa10.dir/pick_pa10.cpp.o[0m
[163.491s] [ 89%] [32m[1mLinking CXX executable moveit_task_constructor_core-test-cost-terms[0m
[164.977s] [ 89%] Built target moveit_task_constructor_core-test-cost-terms
[165.422s] [ 90%] [32m[1mLinking CXX executable moveit_task_constructor_core-test-mockups[0m
[165.491s] [ 91%] [32m[1mLinking CXX executable moveit_task_constructor_core-test-container[0m
[165.738s] [ 92%] [32m[1mLinking CXX executable moveit_task_constructor_core-test-fallback[0m
[166.844s] [ 92%] Built target moveit_task_constructor_core-test-container
[166.845s] [ 92%] Built target moveit_task_constructor_core-test-mockups
[167.048s] [ 92%] Built target moveit_task_constructor_core-test-fallback
[174.707s] [ 94%] [32m[1mLinking CXX executable moveit_task_constructor_core-test-move-to[0m
[175.428s] [ 94%] Built target moveit_task_constructor_core-test-move-to
[178.204s] [ 95%] [32m[1mLinking CXX executable moveit_task_constructor_core-test-move-relative[0m
[178.839s] [ 95%] Built target moveit_task_constructor_core-test-move-relative
[180.161s] [ 96%] [32m[1mLinking CXX executable pick_ur5[0m
[180.882s] [ 96%] Built target pick_ur5
[181.210s] [ 97%] [32m[1mLinking CXX executable pick_pr2[0m
[181.736s] [ 97%] Built target pick_pr2
[187.751s] [ 98%] [32m[1mLinking CXX executable pick_pa10[0m
[188.361s] [100%] [32m[1mLinking CXX shared module pymoveit_mtc.cpython-310-x86_64-linux-gnu.so[0m
[188.374s] [100%] Built target pick_pa10
[189.995s] lto-wrapper: warning: using serial compilation of 12 LTRANS jobs
[200.919s] [100%] Built target pymoveit_mtc
[200.931s] Invoked command in '/home/mscrobotics2425laptop27/Documents/University/robotic_systems_design_project/RoboticDesign---Team-10/manipulator_work/manipulator_ros2_workspace/build/moveit_task_constructor_core' returned '0': AMENT_PREFIX_PATH=/home/mscrobotics2425laptop27/Documents/University/robotic_systems_design_project/RoboticDesign---Team-10/manipulator_work/manipulator_ros2_workspace/install/rviz_marker_tools:/home/mscrobotics2425laptop27/Documents/University/robotic_systems_design_project/RoboticDesign---Team-10/manipulator_work/manipulator_ros2_workspace/install/moveit_task_constructor_msgs:${AMENT_PREFIX_PATH} CMAKE_PREFIX_PATH=/home/mscrobotics2425laptop27/Documents/University/robotic_systems_design_project/RoboticDesign---Team-10/manipulator_work/manipulator_ros2_workspace/install/rviz_marker_tools:/home/mscrobotics2425laptop27/Documents/University/robotic_systems_design_project/RoboticDesign---Team-10/manipulator_work/manipulator_ros2_workspace/install/moveit_task_constructor_msgs:/home/mscrobotics2425laptop27/interbotix_ws/install/interbotix_ros_xsarms_examples:/home/mscrobotics2425laptop27/interbotix_ws/install/interbotix_xsarm_moveit_interface:/home/mscrobotics2425laptop27/interbotix_ws/install/interbotix_moveit_interface:/home/mscrobotics2425laptop27/interbotix_ws/install/moveit_visual_tools:/home/mscrobotics2425laptop27/interbotix_ws/install/interbotix_ros_xsarms:/home/mscrobotics2425laptop27/interbotix_ws/install/interbotix_xsarm_moveit:/home/mscrobotics2425laptop27/interbotix_ws/install/interbotix_xsarm_sim:/home/mscrobotics2425laptop27/interbotix_ws/install/interbotix_xsarm_ros_control:/home/mscrobotics2425laptop27/interbotix_ws/install/interbotix_xsarm_puppet:/home/mscrobotics2425laptop27/interbotix_ws/install/interbotix_xsarm_perception:/home/mscrobotics2425laptop27/interbotix_ws/install/interbotix_xsarm_joy:/home/mscrobotics2425laptop27/interbotix_ws/install/interbotix_xsarm_gravity_compensation:/home/mscrobotics2425laptop27/interbotix_ws/install/interbotix_xsarm_dual:/home/mscrobotics2425laptop27/interbotix_ws/install/interbotix_xsarm_control:/home/mscrobotics2425laptop27/interbotix_ws/install/interbotix_xsarm_descriptions:/home/mscrobotics2425laptop27/interbotix_ws/install/interbotix_xs_toolbox:/home/mscrobotics2425laptop27/interbotix_ws/install/interbotix_xs_rviz:/home/mscrobotics2425laptop27/interbotix_ws/install/interbotix_ros_xseries:/home/mscrobotics2425laptop27/interbotix_ws/install/interbotix_xs_sdk:/home/mscrobotics2425laptop27/interbotix_ws/install/interbotix_xs_ros_control:/home/mscrobotics2425laptop27/interbotix_ws/install/interbotix_perception_toolbox:/home/mscrobotics2425laptop27/interbotix_ws/install/interbotix_common_toolbox:/home/mscrobotics2425laptop27/interbotix_ws/install/interbotix_gravity_compensation:/home/mscrobotics2425laptop27/interbotix_ws/install/interbotix_xs_msgs:/home/mscrobotics2425laptop27/interbotix_ws/install/interbotix_xs_driver:/home/mscrobotics2425laptop27/interbotix_ws/install/interbotix_tf_tools:/home/mscrobotics2425laptop27/interbotix_ws/install/interbotix_perception_pipelines:/home/mscrobotics2425laptop27/interbotix_ws/install/interbotix_perception_msgs:/home/mscrobotics2425laptop27/interbotix_ws/install/interbotix_moveit_interface_msgs:/home/mscrobotics2425laptop27/interbotix_ws/install/interbotix_common_sim:/home/mscrobotics2425laptop27/interbotix_ws/install/dynamixel_workbench_toolbox:/home/mscrobotics2425laptop27/apriltag_ws/install/apriltag_ros:/home/mscrobotics2425laptop27/interbotix_ws/install/interbotix_xs_modules:/home/mscrobotics2425laptop27/interbotix_ws/install/interbotix_perception_modules:/home/mscrobotics2425laptop27/interbotix_ws/install/interbotix_common_modules:/opt/ros/humble LD_LIBRARY_PATH=/home/mscrobotics2425laptop27/Documents/University/robotic_systems_design_project/RoboticDesign---Team-10/manipulator_work/manipulator_ros2_workspace/install/rviz_marker_tools/lib:/home/mscrobotics2425laptop27/Documents/University/robotic_systems_design_project/RoboticDesign---Team-10/manipulator_work/manipulator_ros2_workspace/install/moveit_task_constructor_msgs/lib:${LD_LIBRARY_PATH} PYTHONPATH=/home/mscrobotics2425laptop27/Documents/University/robotic_systems_design_project/RoboticDesign---Team-10/manipulator_work/manipulator_ros2_workspace/install/moveit_task_constructor_msgs/local/lib/python3.10/dist-packages:${PYTHONPATH} /usr/bin/cmake --build /home/mscrobotics2425laptop27/Documents/University/robotic_systems_design_project/RoboticDesign---Team-10/manipulator_work/manipulator_ros2_workspace/build/moveit_task_constructor_core -- -j12 -l12
[200.934s] Invoking command in '/home/mscrobotics2425laptop27/Documents/University/robotic_systems_design_project/RoboticDesign---Team-10/manipulator_work/manipulator_ros2_workspace/build/moveit_task_constructor_core': AMENT_PREFIX_PATH=/home/mscrobotics2425laptop27/Documents/University/robotic_systems_design_project/RoboticDesign---Team-10/manipulator_work/manipulator_ros2_workspace/install/rviz_marker_tools:/home/mscrobotics2425laptop27/Documents/University/robotic_systems_design_project/RoboticDesign---Team-10/manipulator_work/manipulator_ros2_workspace/install/moveit_task_constructor_msgs:${AMENT_PREFIX_PATH} CMAKE_PREFIX_PATH=/home/mscrobotics2425laptop27/Documents/University/robotic_systems_design_project/RoboticDesign---Team-10/manipulator_work/manipulator_ros2_workspace/install/rviz_marker_tools:/home/mscrobotics2425laptop27/Documents/University/robotic_systems_design_project/RoboticDesign---Team-10/manipulator_work/manipulator_ros2_workspace/install/moveit_task_constructor_msgs:/home/mscrobotics2425laptop27/interbotix_ws/install/interbotix_ros_xsarms_examples:/home/mscrobotics2425laptop27/interbotix_ws/install/interbotix_xsarm_moveit_interface:/home/mscrobotics2425laptop27/interbotix_ws/install/interbotix_moveit_interface:/home/mscrobotics2425laptop27/interbotix_ws/install/moveit_visual_tools:/home/mscrobotics2425laptop27/interbotix_ws/install/interbotix_ros_xsarms:/home/mscrobotics2425laptop27/interbotix_ws/install/interbotix_xsarm_moveit:/home/mscrobotics2425laptop27/interbotix_ws/install/interbotix_xsarm_sim:/home/mscrobotics2425laptop27/interbotix_ws/install/interbotix_xsarm_ros_control:/home/mscrobotics2425laptop27/interbotix_ws/install/interbotix_xsarm_puppet:/home/mscrobotics2425laptop27/interbotix_ws/install/interbotix_xsarm_perception:/home/mscrobotics2425laptop27/interbotix_ws/install/interbotix_xsarm_joy:/home/mscrobotics2425laptop27/interbotix_ws/install/interbotix_xsarm_gravity_compensation:/home/mscrobotics2425laptop27/interbotix_ws/install/interbotix_xsarm_dual:/home/mscrobotics2425laptop27/interbotix_ws/install/interbotix_xsarm_control:/home/mscrobotics2425laptop27/interbotix_ws/install/interbotix_xsarm_descriptions:/home/mscrobotics2425laptop27/interbotix_ws/install/interbotix_xs_toolbox:/home/mscrobotics2425laptop27/interbotix_ws/install/interbotix_xs_rviz:/home/mscrobotics2425laptop27/interbotix_ws/install/interbotix_ros_xseries:/home/mscrobotics2425laptop27/interbotix_ws/install/interbotix_xs_sdk:/home/mscrobotics2425laptop27/interbotix_ws/install/interbotix_xs_ros_control:/home/mscrobotics2425laptop27/interbotix_ws/install/interbotix_perception_toolbox:/home/mscrobotics2425laptop27/interbotix_ws/install/interbotix_common_toolbox:/home/mscrobotics2425laptop27/interbotix_ws/install/interbotix_gravity_compensation:/home/mscrobotics2425laptop27/interbotix_ws/install/interbotix_xs_msgs:/home/mscrobotics2425laptop27/interbotix_ws/install/interbotix_xs_driver:/home/mscrobotics2425laptop27/interbotix_ws/install/interbotix_tf_tools:/home/mscrobotics2425laptop27/interbotix_ws/install/interbotix_perception_pipelines:/home/mscrobotics2425laptop27/interbotix_ws/install/interbotix_perception_msgs:/home/mscrobotics2425laptop27/interbotix_ws/install/interbotix_moveit_interface_msgs:/home/mscrobotics2425laptop27/interbotix_ws/install/interbotix_common_sim:/home/mscrobotics2425laptop27/interbotix_ws/install/dynamixel_workbench_toolbox:/home/mscrobotics2425laptop27/apriltag_ws/install/apriltag_ros:/home/mscrobotics2425laptop27/interbotix_ws/install/interbotix_xs_modules:/home/mscrobotics2425laptop27/interbotix_ws/install/interbotix_perception_modules:/home/mscrobotics2425laptop27/interbotix_ws/install/interbotix_common_modules:/opt/ros/humble LD_LIBRARY_PATH=/home/mscrobotics2425laptop27/Documents/University/robotic_systems_design_project/RoboticDesign---Team-10/manipulator_work/manipulator_ros2_workspace/install/rviz_marker_tools/lib:/home/mscrobotics2425laptop27/Documents/University/robotic_systems_design_project/RoboticDesign---Team-10/manipulator_work/manipulator_ros2_workspace/install/moveit_task_constructor_msgs/lib:${LD_LIBRARY_PATH} PYTHONPATH=/home/mscrobotics2425laptop27/Documents/University/robotic_systems_design_project/RoboticDesign---Team-10/manipulator_work/manipulator_ros2_workspace/install/moveit_task_constructor_msgs/local/lib/python3.10/dist-packages:${PYTHONPATH} /usr/bin/cmake --install /home/mscrobotics2425laptop27/Documents/University/robotic_systems_design_project/RoboticDesign---Team-10/manipulator_work/manipulator_ros2_workspace/build/moveit_task_constructor_core
[200.939s] -- Install configuration: "Release"
[200.939s] -- Installing: /home/mscrobotics2425laptop27/Documents/University/robotic_systems_design_project/RoboticDesign---Team-10/manipulator_work/manipulator_ros2_workspace/install/moveit_task_constructor_core/lib/libmoveit_task_constructor_core_stages.so
[200.941s] -- Set runtime path of "/home/mscrobotics2425laptop27/Documents/University/robotic_systems_design_project/RoboticDesign---Team-10/manipulator_work/manipulator_ros2_workspace/install/moveit_task_constructor_core/lib/libmoveit_task_constructor_core_stages.so" to ""
[200.941s] -- Installing: /home/mscrobotics2425laptop27/Documents/University/robotic_systems_design_project/RoboticDesign---Team-10/manipulator_work/manipulator_ros2_workspace/install/moveit_task_constructor_core/lib/libmoveit_task_constructor_core_stage_plugins.so
[200.941s] -- Set runtime path of "/home/mscrobotics2425laptop27/Documents/University/robotic_systems_design_project/RoboticDesign---Team-10/manipulator_work/manipulator_ros2_workspace/install/moveit_task_constructor_core/lib/libmoveit_task_constructor_core_stage_plugins.so" to ""
[200.941s] -- Installing: /home/mscrobotics2425laptop27/Documents/University/robotic_systems_design_project/RoboticDesign---Team-10/manipulator_work/manipulator_ros2_workspace/install/moveit_task_constructor_core/lib/libmoveit_task_constructor_core.so
[200.943s] -- Set runtime path of "/home/mscrobotics2425laptop27/Documents/University/robotic_systems_design_project/RoboticDesign---Team-10/manipulator_work/manipulator_ros2_workspace/install/moveit_task_constructor_core/lib/libmoveit_task_constructor_core.so" to ""
[200.943s] -- Installing: /home/mscrobotics2425laptop27/Documents/University/robotic_systems_design_project/RoboticDesign---Team-10/manipulator_work/manipulator_ros2_workspace/install/moveit_task_constructor_core/share/moveit_task_constructor_core/environment/pythonpath.sh
[200.944s] -- Installing: /home/mscrobotics2425laptop27/Documents/University/robotic_systems_design_project/RoboticDesign---Team-10/manipulator_work/manipulator_ros2_workspace/install/moveit_task_constructor_core/share/moveit_task_constructor_core/environment/pythonpath.dsv
[200.944s] -- Installing: /home/mscrobotics2425laptop27/Documents/University/robotic_systems_design_project/RoboticDesign---Team-10/manipulator_work/manipulator_ros2_workspace/install/moveit_task_constructor_core/local/lib/python3.10/dist-packages/moveit-0.1.3-py3.10.egg-info
[200.944s] -- Installing: /home/mscrobotics2425laptop27/Documents/University/robotic_systems_design_project/RoboticDesign---Team-10/manipulator_work/manipulator_ros2_workspace/install/moveit_task_constructor_core/local/lib/python3.10/dist-packages/moveit-0.1.3-py3.10.egg-info/PKG-INFO
[200.944s] -- Installing: /home/mscrobotics2425laptop27/Documents/University/robotic_systems_design_project/RoboticDesign---Team-10/manipulator_work/manipulator_ros2_workspace/install/moveit_task_constructor_core/local/lib/python3.10/dist-packages/moveit-0.1.3-py3.10.egg-info/SOURCES.txt
[200.944s] -- Installing: /home/mscrobotics2425laptop27/Documents/University/robotic_systems_design_project/RoboticDesign---Team-10/manipulator_work/manipulator_ros2_workspace/install/moveit_task_constructor_core/local/lib/python3.10/dist-packages/moveit-0.1.3-py3.10.egg-info/dependency_links.txt
[200.944s] -- Installing: /home/mscrobotics2425laptop27/Documents/University/robotic_systems_design_project/RoboticDesign---Team-10/manipulator_work/manipulator_ros2_workspace/install/moveit_task_constructor_core/local/lib/python3.10/dist-packages/moveit-0.1.3-py3.10.egg-info/top_level.txt
[200.945s] -- Installing: /home/mscrobotics2425laptop27/Documents/University/robotic_systems_design_project/RoboticDesign---Team-10/manipulator_work/manipulator_ros2_workspace/install/moveit_task_constructor_core/local/lib/python3.10/dist-packages/moveit
[200.945s] -- Installing: /home/mscrobotics2425laptop27/Documents/University/robotic_systems_design_project/RoboticDesign---Team-10/manipulator_work/manipulator_ros2_workspace/install/moveit_task_constructor_core/local/lib/python3.10/dist-packages/moveit/__init__.py
[200.945s] -- Installing: /home/mscrobotics2425laptop27/Documents/University/robotic_systems_design_project/RoboticDesign---Team-10/manipulator_work/manipulator_ros2_workspace/install/moveit_task_constructor_core/local/lib/python3.10/dist-packages/moveit/task_constructor
[200.945s] -- Installing: /home/mscrobotics2425laptop27/Documents/University/robotic_systems_design_project/RoboticDesign---Team-10/manipulator_work/manipulator_ros2_workspace/install/moveit_task_constructor_core/local/lib/python3.10/dist-packages/moveit/task_constructor/__init__.py
[200.945s] -- Installing: /home/mscrobotics2425laptop27/Documents/University/robotic_systems_design_project/RoboticDesign---Team-10/manipulator_work/manipulator_ros2_workspace/install/moveit_task_constructor_core/local/lib/python3.10/dist-packages/moveit/task_constructor/core.py
[200.945s] -- Installing: /home/mscrobotics2425laptop27/Documents/University/robotic_systems_design_project/RoboticDesign---Team-10/manipulator_work/manipulator_ros2_workspace/install/moveit_task_constructor_core/local/lib/python3.10/dist-packages/moveit/task_constructor/stages.py
[201.006s] Listing '/home/mscrobotics2425laptop27/Documents/University/robotic_systems_design_project/RoboticDesign---Team-10/manipulator_work/manipulator_ros2_workspace/install/moveit_task_constructor_core/local/lib/python3.10/dist-packages/moveit'...
[201.006s] Compiling '/home/mscrobotics2425laptop27/Documents/University/robotic_systems_design_project/RoboticDesign---Team-10/manipulator_work/manipulator_ros2_workspace/install/moveit_task_constructor_core/local/lib/python3.10/dist-packages/moveit/__init__.py'...
[201.006s] Listing '/home/mscrobotics2425laptop27/Documents/University/robotic_systems_design_project/RoboticDesign---Team-10/manipulator_work/manipulator_ros2_workspace/install/moveit_task_constructor_core/local/lib/python3.10/dist-packages/moveit/task_constructor'...
[201.007s] Compiling '/home/mscrobotics2425laptop27/Documents/University/robotic_systems_design_project/RoboticDesign---Team-10/manipulator_work/manipulator_ros2_workspace/install/moveit_task_constructor_core/local/lib/python3.10/dist-packages/moveit/task_constructor/__init__.py'...
[201.007s] Compiling '/home/mscrobotics2425laptop27/Documents/University/robotic_systems_design_project/RoboticDesign---Team-10/manipulator_work/manipulator_ros2_workspace/install/moveit_task_constructor_core/local/lib/python3.10/dist-packages/moveit/task_constructor/core.py'...
[201.007s] Compiling '/home/mscrobotics2425laptop27/Documents/University/robotic_systems_design_project/RoboticDesign---Team-10/manipulator_work/manipulator_ros2_workspace/install/moveit_task_constructor_core/local/lib/python3.10/dist-packages/moveit/task_constructor/stages.py'...
[201.013s] -- Installing: /home/mscrobotics2425laptop27/Documents/University/robotic_systems_design_project/RoboticDesign---Team-10/manipulator_work/manipulator_ros2_workspace/install/moveit_task_constructor_core/include/moveit/python/pybind11
[201.013s] -- Installing: /home/mscrobotics2425laptop27/Documents/University/robotic_systems_design_project/RoboticDesign---Team-10/manipulator_work/manipulator_ros2_workspace/install/moveit_task_constructor_core/include/moveit/python/pybind11/trampoline_self_life_support.h
[201.013s] -- Installing: /home/mscrobotics2425laptop27/Documents/University/robotic_systems_design_project/RoboticDesign---Team-10/manipulator_work/manipulator_ros2_workspace/install/moveit_task_constructor_core/include/moveit/python/pybind11/eval.h
[201.014s] -- Installing: /home/mscrobotics2425laptop27/Documents/University/robotic_systems_design_project/RoboticDesign---Team-10/manipulator_work/manipulator_ros2_workspace/install/moveit_task_constructor_core/include/moveit/python/pybind11/eigen.h
[201.014s] -- Installing: /home/mscrobotics2425laptop27/Documents/University/robotic_systems_design_project/RoboticDesign---Team-10/manipulator_work/manipulator_ros2_workspace/install/moveit_task_constructor_core/include/moveit/python/pybind11/pytypes.h
[201.015s] -- Installing: /home/mscrobotics2425laptop27/Documents/University/robotic_systems_design_project/RoboticDesign---Team-10/manipulator_work/manipulator_ros2_workspace/install/moveit_task_constructor_core/include/moveit/python/pybind11/type_caster_pyobject_ptr.h
[201.015s] -- Installing: /home/mscrobotics2425laptop27/Documents/University/robotic_systems_design_project/RoboticDesign---Team-10/manipulator_work/manipulator_ros2_workspace/install/moveit_task_constructor_core/include/moveit/python/pybind11/chrono.h
[201.015s] -- Installing: /home/mscrobotics2425laptop27/Documents/University/robotic_systems_design_project/RoboticDesign---Team-10/manipulator_work/manipulator_ros2_workspace/install/moveit_task_constructor_core/include/moveit/python/pybind11/gil.h
[201.015s] -- Installing: /home/mscrobotics2425laptop27/Documents/University/robotic_systems_design_project/RoboticDesign---Team-10/manipulator_work/manipulator_ros2_workspace/install/moveit_task_constructor_core/include/moveit/python/pybind11/detail
[201.016s] -- Installing: /home/mscrobotics2425laptop27/Documents/University/robotic_systems_design_project/RoboticDesign---Team-10/manipulator_work/manipulator_ros2_workspace/install/moveit_task_constructor_core/include/moveit/python/pybind11/detail/type_caster_odr_guard.h
[201.016s] -- Installing: /home/mscrobotics2425laptop27/Documents/University/robotic_systems_design_project/RoboticDesign---Team-10/manipulator_work/manipulator_ros2_workspace/install/moveit_task_constructor_core/include/moveit/python/pybind11/detail/type_caster_base.h
[201.016s] -- Installing: /home/mscrobotics2425laptop27/Documents/University/robotic_systems_design_project/RoboticDesign---Team-10/manipulator_work/manipulator_ros2_workspace/install/moveit_task_constructor_core/include/moveit/python/pybind11/detail/descr.h
[201.016s] -- Installing: /home/mscrobotics2425laptop27/Documents/University/robotic_systems_design_project/RoboticDesign---Team-10/manipulator_work/manipulator_ros2_workspace/install/moveit_task_constructor_core/include/moveit/python/pybind11/detail/class.h
[201.017s] -- Installing: /home/mscrobotics2425laptop27/Documents/University/robotic_systems_design_project/RoboticDesign---Team-10/manipulator_work/manipulator_ros2_workspace/install/moveit_task_constructor_core/include/moveit/python/pybind11/detail/smart_holder_poc.h
[201.017s] -- Installing: /home/mscrobotics2425laptop27/Documents/University/robotic_systems_design_project/RoboticDesign---Team-10/manipulator_work/manipulator_ros2_workspace/install/moveit_task_constructor_core/include/moveit/python/pybind11/detail/init.h
[201.017s] -- Installing: /home/mscrobotics2425laptop27/Documents/University/robotic_systems_design_project/RoboticDesign---Team-10/manipulator_work/manipulator_ros2_workspace/install/moveit_task_constructor_core/include/moveit/python/pybind11/detail/typeid.h
[201.017s] -- Installing: /home/mscrobotics2425laptop27/Documents/University/robotic_systems_design_project/RoboticDesign---Team-10/manipulator_work/manipulator_ros2_workspace/install/moveit_task_constructor_core/include/moveit/python/pybind11/detail/common.h
[201.017s] -- Installing: /home/mscrobotics2425laptop27/Documents/University/robotic_systems_design_project/RoboticDesign---Team-10/manipulator_work/manipulator_ros2_workspace/install/moveit_task_constructor_core/include/moveit/python/pybind11/detail/smart_holder_type_casters.h
[201.017s] -- Installing: /home/mscrobotics2425laptop27/Documents/University/robotic_systems_design_project/RoboticDesign---Team-10/manipulator_work/manipulator_ros2_workspace/install/moveit_task_constructor_core/include/moveit/python/pybind11/detail/smart_holder_sfinae_hooks_only.h
[201.018s] -- Installing: /home/mscrobotics2425laptop27/Documents/University/robotic_systems_design_project/RoboticDesign---Team-10/manipulator_work/manipulator_ros2_workspace/install/moveit_task_constructor_core/include/moveit/python/pybind11/detail/internals.h
[201.018s] -- Installing: /home/mscrobotics2425laptop27/Documents/University/robotic_systems_design_project/RoboticDesign---Team-10/manipulator_work/manipulator_ros2_workspace/install/moveit_task_constructor_core/include/moveit/python/pybind11/detail/dynamic_raw_ptr_cast_if_possible.h
[201.018s] -- Installing: /home/mscrobotics2425laptop27/Documents/University/robotic_systems_design_project/RoboticDesign---Team-10/manipulator_work/manipulator_ros2_workspace/install/moveit_task_constructor_core/include/moveit/python/pybind11/smart_holder.h
[201.018s] -- Installing: /home/mscrobotics2425laptop27/Documents/University/robotic_systems_design_project/RoboticDesign---Team-10/manipulator_work/manipulator_ros2_workspace/install/moveit_task_constructor_core/include/moveit/python/pybind11/typing.h
[201.018s] -- Installing: /home/mscrobotics2425laptop27/Documents/University/robotic_systems_design_project/RoboticDesign---Team-10/manipulator_work/manipulator_ros2_workspace/install/moveit_task_constructor_core/include/moveit/python/pybind11/gil_safe_call_once.h
[201.018s] -- Installing: /home/mscrobotics2425laptop27/Documents/University/robotic_systems_design_project/RoboticDesign---Team-10/manipulator_work/manipulator_ros2_workspace/install/moveit_task_constructor_core/include/moveit/python/pybind11/numpy.h
[201.019s] -- Installing: /home/mscrobotics2425laptop27/Documents/University/robotic_systems_design_project/RoboticDesign---Team-10/manipulator_work/manipulator_ros2_workspace/install/moveit_task_constructor_core/include/moveit/python/pybind11/common.h
[201.019s] -- Installing: /home/mscrobotics2425laptop27/Documents/University/robotic_systems_design_project/RoboticDesign---Team-10/manipulator_work/manipulator_ros2_workspace/install/moveit_task_constructor_core/include/moveit/python/pybind11/operators.h
[201.020s] -- Installing: /home/mscrobotics2425laptop27/Documents/University/robotic_systems_design_project/RoboticDesign---Team-10/manipulator_work/manipulator_ros2_workspace/install/moveit_task_constructor_core/include/moveit/python/pybind11/complex.h
[201.020s] -- Installing: /home/mscrobotics2425laptop27/Documents/University/robotic_systems_design_project/RoboticDesign---Team-10/manipulator_work/manipulator_ros2_workspace/install/moveit_task_constructor_core/include/moveit/python/pybind11/stl
[201.020s] -- Installing: /home/mscrobotics2425laptop27/Documents/University/robotic_systems_design_project/RoboticDesign---Team-10/manipulator_work/manipulator_ros2_workspace/install/moveit_task_constructor_core/include/moveit/python/pybind11/stl/filesystem.h
[201.021s] -- Installing: /home/mscrobotics2425laptop27/Documents/University/robotic_systems_design_project/RoboticDesign---Team-10/manipulator_work/manipulator_ros2_workspace/install/moveit_task_constructor_core/include/moveit/python/pybind11/cast.h
[201.021s] -- Installing: /home/mscrobotics2425laptop27/Documents/University/robotic_systems_design_project/RoboticDesign---Team-10/manipulator_work/manipulator_ros2_workspace/install/moveit_task_constructor_core/include/moveit/python/pybind11/options.h
[201.021s] -- Installing: /home/mscrobotics2425laptop27/Documents/University/robotic_systems_design_project/RoboticDesign---Team-10/manipulator_work/manipulator_ros2_workspace/install/moveit_task_constructor_core/include/moveit/python/pybind11/embed.h
[201.021s] -- Installing: /home/mscrobotics2425laptop27/Documents/University/robotic_systems_design_project/RoboticDesign---Team-10/manipulator_work/manipulator_ros2_workspace/install/moveit_task_constructor_core/include/moveit/python/pybind11/stl_bind.h
[201.022s] -- Installing: /home/mscrobotics2425laptop27/Documents/University/robotic_systems_design_project/RoboticDesign---Team-10/manipulator_work/manipulator_ros2_workspace/install/moveit_task_constructor_core/include/moveit/python/pybind11/functional.h
[201.022s] -- Installing: /home/mscrobotics2425laptop27/Documents/University/robotic_systems_design_project/RoboticDesign---Team-10/manipulator_work/manipulator_ros2_workspace/install/moveit_task_constructor_core/include/moveit/python/pybind11/stl.h
[201.022s] -- Installing: /home/mscrobotics2425laptop27/Documents/University/robotic_systems_design_project/RoboticDesign---Team-10/manipulator_work/manipulator_ros2_workspace/install/moveit_task_constructor_core/include/moveit/python/pybind11/eigen
[201.022s] -- Installing: /home/mscrobotics2425laptop27/Documents/University/robotic_systems_design_project/RoboticDesign---Team-10/manipulator_work/manipulator_ros2_workspace/install/moveit_task_constructor_core/include/moveit/python/pybind11/eigen/common.h
[201.023s] -- Installing: /home/mscrobotics2425laptop27/Documents/University/robotic_systems_design_project/RoboticDesign---Team-10/manipulator_work/manipulator_ros2_workspace/install/moveit_task_constructor_core/include/moveit/python/pybind11/eigen/tensor.h
[201.023s] -- Installing: /home/mscrobotics2425laptop27/Documents/University/robotic_systems_design_project/RoboticDesign---Team-10/manipulator_work/manipulator_ros2_workspace/install/moveit_task_constructor_core/include/moveit/python/pybind11/eigen/matrix.h
[201.023s] -- Installing: /home/mscrobotics2425laptop27/Documents/University/robotic_systems_design_project/RoboticDesign---Team-10/manipulator_work/manipulator_ros2_workspace/install/moveit_task_constructor_core/include/moveit/python/pybind11/attr.h
[201.024s] -- Installing: /home/mscrobotics2425laptop27/Documents/University/robotic_systems_design_project/RoboticDesign---Team-10/manipulator_work/manipulator_ros2_workspace/install/moveit_task_constructor_core/include/moveit/python/pybind11/pybind11.h
[201.024s] -- Installing: /home/mscrobotics2425laptop27/Documents/University/robotic_systems_design_project/RoboticDesign---Team-10/manipulator_work/manipulator_ros2_workspace/install/moveit_task_constructor_core/include/moveit/python/pybind11/buffer_info.h
[201.024s] -- Installing: /home/mscrobotics2425laptop27/Documents/University/robotic_systems_design_project/RoboticDesign---Team-10/manipulator_work/manipulator_ros2_workspace/install/moveit_task_constructor_core/include/moveit/python/pybind11/iostream.h
[201.025s] -- Installing: /home/mscrobotics2425laptop27/Documents/University/robotic_systems_design_project/RoboticDesign---Team-10/manipulator_work/manipulator_ros2_workspace/install/moveit_task_constructor_core/share/moveit_task_constructor_core/cmake/pybind11Config.cmake
[201.025s] -- Installing: /home/mscrobotics2425laptop27/Documents/University/robotic_systems_design_project/RoboticDesign---Team-10/manipulator_work/manipulator_ros2_workspace/install/moveit_task_constructor_core/share/moveit_task_constructor_core/cmake/pybind11ConfigVersion.cmake
[201.025s] -- Installing: /home/mscrobotics2425laptop27/Documents/University/robotic_systems_design_project/RoboticDesign---Team-10/manipulator_work/manipulator_ros2_workspace/install/moveit_task_constructor_core/share/moveit_task_constructor_core/cmake/FindPythonLibsNew.cmake
[201.025s] -- Installing: /home/mscrobotics2425laptop27/Documents/University/robotic_systems_design_project/RoboticDesign---Team-10/manipulator_work/manipulator_ros2_workspace/install/moveit_task_constructor_core/share/moveit_task_constructor_core/cmake/pybind11Common.cmake
[201.026s] -- Installing: /home/mscrobotics2425laptop27/Documents/University/robotic_systems_design_project/RoboticDesign---Team-10/manipulator_work/manipulator_ros2_workspace/install/moveit_task_constructor_core/share/moveit_task_constructor_core/cmake/pybind11Tools.cmake
[201.026s] -- Installing: /home/mscrobotics2425laptop27/Documents/University/robotic_systems_design_project/RoboticDesign---Team-10/manipulator_work/manipulator_ros2_workspace/install/moveit_task_constructor_core/share/moveit_task_constructor_core/cmake/pybind11NewTools.cmake
[201.026s] -- Installing: /home/mscrobotics2425laptop27/Documents/University/robotic_systems_design_project/RoboticDesign---Team-10/manipulator_work/manipulator_ros2_workspace/install/moveit_task_constructor_core/share/moveit_task_constructor_core/cmake/pybind11Targets.cmake
[201.027s] -- Installing: /home/mscrobotics2425laptop27/Documents/University/robotic_systems_design_project/RoboticDesign---Team-10/manipulator_work/manipulator_ros2_workspace/install/moveit_task_constructor_core/share/pkgconfig/pybind11.pc
[201.027s] -- Installing: /home/mscrobotics2425laptop27/Documents/University/robotic_systems_design_project/RoboticDesign---Team-10/manipulator_work/manipulator_ros2_workspace/install/moveit_task_constructor_core/local/lib/python3.10/dist-packages/pymoveit_mtc.cpython-310-x86_64-linux-gnu.so
[201.029s] -- Set runtime path of "/home/mscrobotics2425laptop27/Documents/University/robotic_systems_design_project/RoboticDesign---Team-10/manipulator_work/manipulator_ros2_workspace/install/moveit_task_constructor_core/local/lib/python3.10/dist-packages/pymoveit_mtc.cpython-310-x86_64-linux-gnu.so" to ""
[201.030s] -- Up-to-date: /home/mscrobotics2425laptop27/Documents/University/robotic_systems_design_project/RoboticDesign---Team-10/manipulator_work/manipulator_ros2_workspace/install/moveit_task_constructor_core/include
[201.030s] -- Up-to-date: /home/mscrobotics2425laptop27/Documents/University/robotic_systems_design_project/RoboticDesign---Team-10/manipulator_work/manipulator_ros2_workspace/install/moveit_task_constructor_core/include/moveit
[201.030s] -- Up-to-date: /home/mscrobotics2425laptop27/Documents/University/robotic_systems_design_project/RoboticDesign---Team-10/manipulator_work/manipulator_ros2_workspace/install/moveit_task_constructor_core/include/moveit/python
[201.030s] -- Installing: /home/mscrobotics2425laptop27/Documents/University/robotic_systems_design_project/RoboticDesign---Team-10/manipulator_work/manipulator_ros2_workspace/install/moveit_task_constructor_core/include/moveit/python/task_constructor
[201.030s] -- Installing: /home/mscrobotics2425laptop27/Documents/University/robotic_systems_design_project/RoboticDesign---Team-10/manipulator_work/manipulator_ros2_workspace/install/moveit_task_constructor_core/include/moveit/python/task_constructor/properties.h
[201.030s] -- Installing: /home/mscrobotics2425laptop27/Documents/University/robotic_systems_design_project/RoboticDesign---Team-10/manipulator_work/manipulator_ros2_workspace/install/moveit_task_constructor_core/include/moveit/task_constructor
[201.030s] -- Installing: /home/mscrobotics2425laptop27/Documents/University/robotic_systems_design_project/RoboticDesign---Team-10/manipulator_work/manipulator_ros2_workspace/install/moveit_task_constructor_core/include/moveit/task_constructor/storage.h
[201.030s] -- Installing: /home/mscrobotics2425laptop27/Documents/University/robotic_systems_design_project/RoboticDesign---Team-10/manipulator_work/manipulator_ros2_workspace/install/moveit_task_constructor_core/include/moveit/task_constructor/utils.h
[201.030s] -- Installing: /home/mscrobotics2425laptop27/Documents/University/robotic_systems_design_project/RoboticDesign---Team-10/manipulator_work/manipulator_ros2_workspace/install/moveit_task_constructor_core/include/moveit/task_constructor/solvers.h
[201.031s] -- Installing: /home/mscrobotics2425laptop27/Documents/University/robotic_systems_design_project/RoboticDesign---Team-10/manipulator_work/manipulator_ros2_workspace/install/moveit_task_constructor_core/include/moveit/task_constructor/type_traits.h
[201.031s] -- Installing: /home/mscrobotics2425laptop27/Documents/University/robotic_systems_design_project/RoboticDesign---Team-10/manipulator_work/manipulator_ros2_workspace/install/moveit_task_constructor_core/include/moveit/task_constructor/task.h
[201.031s] -- Installing: /home/mscrobotics2425laptop27/Documents/University/robotic_systems_design_project/RoboticDesign---Team-10/manipulator_work/manipulator_ros2_workspace/install/moveit_task_constructor_core/include/moveit/task_constructor/marker_tools.h
[201.031s] -- Installing: /home/mscrobotics2425laptop27/Documents/University/robotic_systems_design_project/RoboticDesign---Team-10/manipulator_work/manipulator_ros2_workspace/install/moveit_task_constructor_core/include/moveit/task_constructor/solvers
[201.031s] -- Installing: /home/mscrobotics2425laptop27/Documents/University/robotic_systems_design_project/RoboticDesign---Team-10/manipulator_work/manipulator_ros2_workspace/install/moveit_task_constructor_core/include/moveit/task_constructor/solvers/planner_interface.h
[201.031s] -- Installing: /home/mscrobotics2425laptop27/Documents/University/robotic_systems_design_project/RoboticDesign---Team-10/manipulator_work/manipulator_ros2_workspace/install/moveit_task_constructor_core/include/moveit/task_constructor/solvers/pipeline_planner.h
[201.031s] -- Installing: /home/mscrobotics2425laptop27/Documents/University/robotic_systems_design_project/RoboticDesign---Team-10/manipulator_work/manipulator_ros2_workspace/install/moveit_task_constructor_core/include/moveit/task_constructor/solvers/joint_interpolation.h
[201.031s] -- Installing: /home/mscrobotics2425laptop27/Documents/University/robotic_systems_design_project/RoboticDesign---Team-10/manipulator_work/manipulator_ros2_workspace/install/moveit_task_constructor_core/include/moveit/task_constructor/solvers/cartesian_path.h
[201.031s] -- Installing: /home/mscrobotics2425laptop27/Documents/University/robotic_systems_design_project/RoboticDesign---Team-10/manipulator_work/manipulator_ros2_workspace/install/moveit_task_constructor_core/include/moveit/task_constructor/solvers/multi_planner.h
[201.031s] -- Installing: /home/mscrobotics2425laptop27/Documents/University/robotic_systems_design_project/RoboticDesign---Team-10/manipulator_work/manipulator_ros2_workspace/install/moveit_task_constructor_core/include/moveit/task_constructor/cost_queue.h
[201.032s] -- Installing: /home/mscrobotics2425laptop27/Documents/University/robotic_systems_design_project/RoboticDesign---Team-10/manipulator_work/manipulator_ros2_workspace/install/moveit_task_constructor_core/include/moveit/task_constructor/properties.h
[201.032s] -- Installing: /home/mscrobotics2425laptop27/Documents/University/robotic_systems_design_project/RoboticDesign---Team-10/manipulator_work/manipulator_ros2_workspace/install/moveit_task_constructor_core/include/moveit/task_constructor/stage.h
[201.032s] -- Installing: /home/mscrobotics2425laptop27/Documents/University/robotic_systems_design_project/RoboticDesign---Team-10/manipulator_work/manipulator_ros2_workspace/install/moveit_task_constructor_core/include/moveit/task_constructor/container.h
[201.032s] -- Installing: /home/mscrobotics2425laptop27/Documents/University/robotic_systems_design_project/RoboticDesign---Team-10/manipulator_work/manipulator_ros2_workspace/install/moveit_task_constructor_core/include/moveit/task_constructor/introspection.h
[201.032s] -- Installing: /home/mscrobotics2425laptop27/Documents/University/robotic_systems_design_project/RoboticDesign---Team-10/manipulator_work/manipulator_ros2_workspace/install/moveit_task_constructor_core/include/moveit/task_constructor/moveit_compat.h
[201.032s] -- Installing: /home/mscrobotics2425laptop27/Documents/University/robotic_systems_design_project/RoboticDesign---Team-10/manipulator_work/manipulator_ros2_workspace/install/moveit_task_constructor_core/include/moveit/task_constructor/cost_terms.h
[201.032s] -- Installing: /home/mscrobotics2425laptop27/Documents/University/robotic_systems_design_project/RoboticDesign---Team-10/manipulator_work/manipulator_ros2_workspace/install/moveit_task_constructor_core/include/moveit/task_constructor/trajectory_execution_info.h
[201.032s] -- Installing: /home/mscrobotics2425laptop27/Documents/University/robotic_systems_design_project/RoboticDesign---Team-10/manipulator_work/manipulator_ros2_workspace/install/moveit_task_constructor_core/include/moveit/task_constructor/merge.h
[201.032s] -- Installing: /home/mscrobotics2425laptop27/Documents/University/robotic_systems_design_project/RoboticDesign---Team-10/manipulator_work/manipulator_ros2_workspace/install/moveit_task_constructor_core/include/moveit/task_constructor/stages.h
[201.032s] -- Installing: /home/mscrobotics2425laptop27/Documents/University/robotic_systems_design_project/RoboticDesign---Team-10/manipulator_work/manipulator_ros2_workspace/install/moveit_task_constructor_core/include/moveit/task_constructor/stages
[201.033s] -- Installing: /home/mscrobotics2425laptop27/Documents/University/robotic_systems_design_project/RoboticDesign---Team-10/manipulator_work/manipulator_ros2_workspace/install/moveit_task_constructor_core/include/moveit/task_constructor/stages/fix_collision_objects.h
[201.033s] -- Installing: /home/mscrobotics2425laptop27/Documents/University/robotic_systems_design_project/RoboticDesign---Team-10/manipulator_work/manipulator_ros2_workspace/install/moveit_task_constructor_core/include/moveit/task_constructor/stages/fixed_state.h
[201.033s] -- Installing: /home/mscrobotics2425laptop27/Documents/University/robotic_systems_design_project/RoboticDesign---Team-10/manipulator_work/manipulator_ros2_workspace/install/moveit_task_constructor_core/include/moveit/task_constructor/stages/move_to.h
[201.033s] -- Installing: /home/mscrobotics2425laptop27/Documents/University/robotic_systems_design_project/RoboticDesign---Team-10/manipulator_work/manipulator_ros2_workspace/install/moveit_task_constructor_core/include/moveit/task_constructor/stages/passthrough.h
[201.033s] -- Installing: /home/mscrobotics2425laptop27/Documents/University/robotic_systems_design_project/RoboticDesign---Team-10/manipulator_work/manipulator_ros2_workspace/install/moveit_task_constructor_core/include/moveit/task_constructor/stages/modify_planning_scene.h
[201.033s] -- Installing: /home/mscrobotics2425laptop27/Documents/University/robotic_systems_design_project/RoboticDesign---Team-10/manipulator_work/manipulator_ros2_workspace/install/moveit_task_constructor_core/include/moveit/task_constructor/stages/move_relative.h
[201.033s] -- Installing: /home/mscrobotics2425laptop27/Documents/University/robotic_systems_design_project/RoboticDesign---Team-10/manipulator_work/manipulator_ros2_workspace/install/moveit_task_constructor_core/include/moveit/task_constructor/stages/connect.h
[201.033s] -- Installing: /home/mscrobotics2425laptop27/Documents/University/robotic_systems_design_project/RoboticDesign---Team-10/manipulator_work/manipulator_ros2_workspace/install/moveit_task_constructor_core/include/moveit/task_constructor/stages/predicate_filter.h
[201.033s] -- Installing: /home/mscrobotics2425laptop27/Documents/University/robotic_systems_design_project/RoboticDesign---Team-10/manipulator_work/manipulator_ros2_workspace/install/moveit_task_constructor_core/include/moveit/task_constructor/stages/current_state.h
[201.033s] -- Installing: /home/mscrobotics2425laptop27/Documents/University/robotic_systems_design_project/RoboticDesign---Team-10/manipulator_work/manipulator_ros2_workspace/install/moveit_task_constructor_core/include/moveit/task_constructor/stages/generate_pose.h
[201.034s] -- Installing: /home/mscrobotics2425laptop27/Documents/University/robotic_systems_design_project/RoboticDesign---Team-10/manipulator_work/manipulator_ros2_workspace/install/moveit_task_constructor_core/include/moveit/task_constructor/stages/generate_place_pose.h
[201.034s] -- Installing: /home/mscrobotics2425laptop27/Documents/University/robotic_systems_design_project/RoboticDesign---Team-10/manipulator_work/manipulator_ros2_workspace/install/moveit_task_constructor_core/include/moveit/task_constructor/stages/compute_ik.h
[201.034s] -- Installing: /home/mscrobotics2425laptop27/Documents/University/robotic_systems_design_project/RoboticDesign---Team-10/manipulator_work/manipulator_ros2_workspace/install/moveit_task_constructor_core/include/moveit/task_constructor/stages/fixed_cartesian_poses.h
[201.034s] -- Installing: /home/mscrobotics2425laptop27/Documents/University/robotic_systems_design_project/RoboticDesign---Team-10/manipulator_work/manipulator_ros2_workspace/install/moveit_task_constructor_core/include/moveit/task_constructor/stages/generate_random_pose.h
[201.034s] -- Installing: /home/mscrobotics2425laptop27/Documents/University/robotic_systems_design_project/RoboticDesign---Team-10/manipulator_work/manipulator_ros2_workspace/install/moveit_task_constructor_core/include/moveit/task_constructor/stages/pick.h
[201.034s] -- Installing: /home/mscrobotics2425laptop27/Documents/University/robotic_systems_design_project/RoboticDesign---Team-10/manipulator_work/manipulator_ros2_workspace/install/moveit_task_constructor_core/include/moveit/task_constructor/stages/simple_grasp.h
[201.034s] -- Installing: /home/mscrobotics2425laptop27/Documents/University/robotic_systems_design_project/RoboticDesign---Team-10/manipulator_work/manipulator_ros2_workspace/install/moveit_task_constructor_core/include/moveit/task_constructor/stages/noop.h
[201.035s] -- Installing: /home/mscrobotics2425laptop27/Documents/University/robotic_systems_design_project/RoboticDesign---Team-10/manipulator_work/manipulator_ros2_workspace/install/moveit_task_constructor_core/include/moveit/task_constructor/stages/generate_grasp_pose.h
[201.036s] -- Installing: /home/mscrobotics2425laptop27/Documents/University/robotic_systems_design_project/RoboticDesign---Team-10/manipulator_work/manipulator_ros2_workspace/install/moveit_task_constructor_core/share/moveit_task_constructor_core/motion_planning_stages_plugin_description.xml
[201.036s] -- Installing: /home/mscrobotics2425laptop27/Documents/University/robotic_systems_design_project/RoboticDesign---Team-10/manipulator_work/manipulator_ros2_workspace/install/moveit_task_constructor_core/share/moveit_task_constructor_core/environment/library_path.sh
[201.036s] -- Installing: /home/mscrobotics2425laptop27/Documents/University/robotic_systems_design_project/RoboticDesign---Team-10/manipulator_work/manipulator_ros2_workspace/install/moveit_task_constructor_core/share/moveit_task_constructor_core/environment/library_path.dsv
[201.036s] -- Installing: /home/mscrobotics2425laptop27/Documents/University/robotic_systems_design_project/RoboticDesign---Team-10/manipulator_work/manipulator_ros2_workspace/install/moveit_task_constructor_core/share/ament_index/resource_index/package_run_dependencies/moveit_task_constructor_core
[201.037s] -- Installing: /home/mscrobotics2425laptop27/Documents/University/robotic_systems_design_project/RoboticDesign---Team-10/manipulator_work/manipulator_ros2_workspace/install/moveit_task_constructor_core/share/ament_index/resource_index/parent_prefix_path/moveit_task_constructor_core
[201.037s] -- Installing: /home/mscrobotics2425laptop27/Documents/University/robotic_systems_design_project/RoboticDesign---Team-10/manipulator_work/manipulator_ros2_workspace/install/moveit_task_constructor_core/share/moveit_task_constructor_core/environment/ament_prefix_path.sh
[201.037s] -- Installing: /home/mscrobotics2425laptop27/Documents/University/robotic_systems_design_project/RoboticDesign---Team-10/manipulator_work/manipulator_ros2_workspace/install/moveit_task_constructor_core/share/moveit_task_constructor_core/environment/ament_prefix_path.dsv
[201.037s] -- Installing: /home/mscrobotics2425laptop27/Documents/University/robotic_systems_design_project/RoboticDesign---Team-10/manipulator_work/manipulator_ros2_workspace/install/moveit_task_constructor_core/share/moveit_task_constructor_core/environment/path.sh
[201.037s] -- Installing: /home/mscrobotics2425laptop27/Documents/University/robotic_systems_design_project/RoboticDesign---Team-10/manipulator_work/manipulator_ros2_workspace/install/moveit_task_constructor_core/share/moveit_task_constructor_core/environment/path.dsv
[201.037s] -- Installing: /home/mscrobotics2425laptop27/Documents/University/robotic_systems_design_project/RoboticDesign---Team-10/manipulator_work/manipulator_ros2_workspace/install/moveit_task_constructor_core/share/moveit_task_constructor_core/local_setup.bash
[201.038s] -- Installing: /home/mscrobotics2425laptop27/Documents/University/robotic_systems_design_project/RoboticDesign---Team-10/manipulator_work/manipulator_ros2_workspace/install/moveit_task_constructor_core/share/moveit_task_constructor_core/local_setup.sh
[201.038s] -- Installing: /home/mscrobotics2425laptop27/Documents/University/robotic_systems_design_project/RoboticDesign---Team-10/manipulator_work/manipulator_ros2_workspace/install/moveit_task_constructor_core/share/moveit_task_constructor_core/local_setup.zsh
[201.038s] -- Installing: /home/mscrobotics2425laptop27/Documents/University/robotic_systems_design_project/RoboticDesign---Team-10/manipulator_work/manipulator_ros2_workspace/install/moveit_task_constructor_core/share/moveit_task_constructor_core/local_setup.dsv
[201.038s] -- Installing: /home/mscrobotics2425laptop27/Documents/University/robotic_systems_design_project/RoboticDesign---Team-10/manipulator_work/manipulator_ros2_workspace/install/moveit_task_constructor_core/share/moveit_task_constructor_core/package.dsv
[201.038s] -- Installing: /home/mscrobotics2425laptop27/Documents/University/robotic_systems_design_project/RoboticDesign---Team-10/manipulator_work/manipulator_ros2_workspace/install/moveit_task_constructor_core/share/ament_index/resource_index/packages/moveit_task_constructor_core
[201.038s] -- Installing: /home/mscrobotics2425laptop27/Documents/University/robotic_systems_design_project/RoboticDesign---Team-10/manipulator_work/manipulator_ros2_workspace/install/moveit_task_constructor_core/share/ament_index/resource_index/moveit_task_constructor_core__pluginlib__plugin/moveit_task_constructor_core
[201.039s] -- Installing: /home/mscrobotics2425laptop27/Documents/University/robotic_systems_design_project/RoboticDesign---Team-10/manipulator_work/manipulator_ros2_workspace/install/moveit_task_constructor_core/share/moveit_task_constructor_core/cmake/moveit_task_constructor_coreTargetsExport.cmake
[201.039s] -- Installing: /home/mscrobotics2425laptop27/Documents/University/robotic_systems_design_project/RoboticDesign---Team-10/manipulator_work/manipulator_ros2_workspace/install/moveit_task_constructor_core/share/moveit_task_constructor_core/cmake/moveit_task_constructor_coreTargetsExport-release.cmake
[201.039s] -- Installing: /home/mscrobotics2425laptop27/Documents/University/robotic_systems_design_project/RoboticDesign---Team-10/manipulator_work/manipulator_ros2_workspace/install/moveit_task_constructor_core/share/moveit_task_constructor_core/cmake/ament_cmake_export_targets-extras.cmake
[201.041s] -- Installing: /home/mscrobotics2425laptop27/Documents/University/robotic_systems_design_project/RoboticDesign---Team-10/manipulator_work/manipulator_ros2_workspace/install/moveit_task_constructor_core/share/moveit_task_constructor_core/cmake/ament_cmake_export_dependencies-extras.cmake
[201.042s] -- Installing: /home/mscrobotics2425laptop27/Documents/University/robotic_systems_design_project/RoboticDesign---Team-10/manipulator_work/manipulator_ros2_workspace/install/moveit_task_constructor_core/share/moveit_task_constructor_core/cmake/moveit_task_constructor_coreConfig.cmake
[201.042s] -- Installing: /home/mscrobotics2425laptop27/Documents/University/robotic_systems_design_project/RoboticDesign---Team-10/manipulator_work/manipulator_ros2_workspace/install/moveit_task_constructor_core/share/moveit_task_constructor_core/cmake/moveit_task_constructor_coreConfig-version.cmake
[201.042s] -- Installing: /home/mscrobotics2425laptop27/Documents/University/robotic_systems_design_project/RoboticDesign---Team-10/manipulator_work/manipulator_ros2_workspace/install/moveit_task_constructor_core/share/moveit_task_constructor_core/package.xml
[201.045s] Invoked command in '/home/mscrobotics2425laptop27/Documents/University/robotic_systems_design_project/RoboticDesign---Team-10/manipulator_work/manipulator_ros2_workspace/build/moveit_task_constructor_core' returned '0': AMENT_PREFIX_PATH=/home/mscrobotics2425laptop27/Documents/University/robotic_systems_design_project/RoboticDesign---Team-10/manipulator_work/manipulator_ros2_workspace/install/rviz_marker_tools:/home/mscrobotics2425laptop27/Documents/University/robotic_systems_design_project/RoboticDesign---Team-10/manipulator_work/manipulator_ros2_workspace/install/moveit_task_constructor_msgs:${AMENT_PREFIX_PATH} CMAKE_PREFIX_PATH=/home/mscrobotics2425laptop27/Documents/University/robotic_systems_design_project/RoboticDesign---Team-10/manipulator_work/manipulator_ros2_workspace/install/rviz_marker_tools:/home/mscrobotics2425laptop27/Documents/University/robotic_systems_design_project/RoboticDesign---Team-10/manipulator_work/manipulator_ros2_workspace/install/moveit_task_constructor_msgs:/home/mscrobotics2425laptop27/interbotix_ws/install/interbotix_ros_xsarms_examples:/home/mscrobotics2425laptop27/interbotix_ws/install/interbotix_xsarm_moveit_interface:/home/mscrobotics2425laptop27/interbotix_ws/install/interbotix_moveit_interface:/home/mscrobotics2425laptop27/interbotix_ws/install/moveit_visual_tools:/home/mscrobotics2425laptop27/interbotix_ws/install/interbotix_ros_xsarms:/home/mscrobotics2425laptop27/interbotix_ws/install/interbotix_xsarm_moveit:/home/mscrobotics2425laptop27/interbotix_ws/install/interbotix_xsarm_sim:/home/mscrobotics2425laptop27/interbotix_ws/install/interbotix_xsarm_ros_control:/home/mscrobotics2425laptop27/interbotix_ws/install/interbotix_xsarm_puppet:/home/mscrobotics2425laptop27/interbotix_ws/install/interbotix_xsarm_perception:/home/mscrobotics2425laptop27/interbotix_ws/install/interbotix_xsarm_joy:/home/mscrobotics2425laptop27/interbotix_ws/install/interbotix_xsarm_gravity_compensation:/home/mscrobotics2425laptop27/interbotix_ws/install/interbotix_xsarm_dual:/home/mscrobotics2425laptop27/interbotix_ws/install/interbotix_xsarm_control:/home/mscrobotics2425laptop27/interbotix_ws/install/interbotix_xsarm_descriptions:/home/mscrobotics2425laptop27/interbotix_ws/install/interbotix_xs_toolbox:/home/mscrobotics2425laptop27/interbotix_ws/install/interbotix_xs_rviz:/home/mscrobotics2425laptop27/interbotix_ws/install/interbotix_ros_xseries:/home/mscrobotics2425laptop27/interbotix_ws/install/interbotix_xs_sdk:/home/mscrobotics2425laptop27/interbotix_ws/install/interbotix_xs_ros_control:/home/mscrobotics2425laptop27/interbotix_ws/install/interbotix_perception_toolbox:/home/mscrobotics2425laptop27/interbotix_ws/install/interbotix_common_toolbox:/home/mscrobotics2425laptop27/interbotix_ws/install/interbotix_gravity_compensation:/home/mscrobotics2425laptop27/interbotix_ws/install/interbotix_xs_msgs:/home/mscrobotics2425laptop27/interbotix_ws/install/interbotix_xs_driver:/home/mscrobotics2425laptop27/interbotix_ws/install/interbotix_tf_tools:/home/mscrobotics2425laptop27/interbotix_ws/install/interbotix_perception_pipelines:/home/mscrobotics2425laptop27/interbotix_ws/install/interbotix_perception_msgs:/home/mscrobotics2425laptop27/interbotix_ws/install/interbotix_moveit_interface_msgs:/home/mscrobotics2425laptop27/interbotix_ws/install/interbotix_common_sim:/home/mscrobotics2425laptop27/interbotix_ws/install/dynamixel_workbench_toolbox:/home/mscrobotics2425laptop27/apriltag_ws/install/apriltag_ros:/home/mscrobotics2425laptop27/interbotix_ws/install/interbotix_xs_modules:/home/mscrobotics2425laptop27/interbotix_ws/install/interbotix_perception_modules:/home/mscrobotics2425laptop27/interbotix_ws/install/interbotix_common_modules:/opt/ros/humble LD_LIBRARY_PATH=/home/mscrobotics2425laptop27/Documents/University/robotic_systems_design_project/RoboticDesign---Team-10/manipulator_work/manipulator_ros2_workspace/install/rviz_marker_tools/lib:/home/mscrobotics2425laptop27/Documents/University/robotic_systems_design_project/RoboticDesign---Team-10/manipulator_work/manipulator_ros2_workspace/install/moveit_task_constructor_msgs/lib:${LD_LIBRARY_PATH} PYTHONPATH=/home/mscrobotics2425laptop27/Documents/University/robotic_systems_design_project/RoboticDesign---Team-10/manipulator_work/manipulator_ros2_workspace/install/moveit_task_constructor_msgs/local/lib/python3.10/dist-packages:${PYTHONPATH} /usr/bin/cmake --install /home/mscrobotics2425laptop27/Documents/University/robotic_systems_design_project/RoboticDesign---Team-10/manipulator_work/manipulator_ros2_workspace/build/moveit_task_constructor_core
